Log file open, 10/26/21 12:15:28
LogWindows: Failed to load 'aqProf.dll' (GetLastError=126)
LogWindows: File 'aqProf.dll' does not exist
LogWindows: Failed to load 'VtuneApi.dll' (GetLastError=126)
LogWindows: File 'VtuneApi.dll' does not exist
LogWindows: Failed to load 'VtuneApi32e.dll' (GetLastError=126)
LogWindows: File 'VtuneApi32e.dll' does not exist
LogConsoleResponse: Display: Failed to find resolution value strings in scalability ini. Falling back to default.
LogInit: Display: Running engine for game: BioProject
LogPlatformFile: Not using cached read wrapper
LogTaskGraph: Started task graph with 5 named threads and 26 total threads with 3 sets of task threads.
LogStats: Stats thread started at 0.056197
LogD3D11RHI: Loaded GFSDK_Aftermath_Lib.x64.dll
LogICUInternationalization: ICU TimeZone Detection - Raw Offset: +9:00, Platform Override: ''
LogPluginManager: Mounting plugin Paper2D
LogPluginManager: Mounting plugin AISupport
LogPluginManager: Mounting plugin LightPropagationVolume
LogPluginManager: Mounting plugin ActorLayerUtilities
LogPluginManager: Mounting plugin AnimationSharing
LogPluginManager: Mounting plugin CLionSourceCodeAccess
LogPluginManager: Mounting plugin CodeLiteSourceCodeAccess
LogPluginManager: Mounting plugin GitSourceControl
LogPluginManager: Mounting plugin KDevelopSourceCodeAccess
LogPluginManager: Mounting plugin NullSourceCodeAccess
LogPluginManager: Mounting plugin PerforceSourceControl
LogPluginManager: Mounting plugin PlasticSourceControl
LogPluginManager: Mounting plugin SubversionSourceControl
LogPluginManager: Mounting plugin UObjectPlugin
LogPluginManager: Mounting plugin VisualStudioCodeSourceCodeAccess
LogPluginManager: Mounting plugin VisualStudioSourceCodeAccess
LogPluginManager: Mounting plugin XCodeSourceCodeAccess
LogPluginManager: Mounting plugin AssetManagerEditor
LogPluginManager: Mounting plugin CryptoKeys
LogPluginManager: Mounting plugin CurveEditorTools
LogPluginManager: Mounting plugin DataValidation
LogPluginManager: Mounting plugin EditorScriptingUtilities
LogPluginManager: Mounting plugin FacialAnimation
LogPluginManager: Mounting plugin GameplayTagsEditor
LogPluginManager: Mounting plugin MacGraphicsSwitching
LogPluginManager: Mounting plugin MaterialAnalyzer
LogPluginManager: Mounting plugin MobileLauncherProfileWizard
LogPluginManager: Mounting plugin PluginBrowser
LogPluginManager: Mounting plugin SpeedTreeImporter
LogPluginManager: Mounting plugin DatasmithContent
LogPluginManager: Mounting plugin VariantManagerContent
LogPluginManager: Mounting plugin AlembicImporter
LogPluginManager: Mounting plugin AutomationUtils
LogPluginManager: Mounting plugin BackChannel
LogPluginManager: Mounting plugin CharacterAI
LogPluginManager: Mounting plugin GeometryCache
LogPluginManager: Mounting plugin PlatformCrypto
LogPluginManager: Mounting plugin ProxyLODPlugin
LogPluginManager: Mounting plugin PythonScriptPlugin
LogPluginManager: Mounting plugin SkeletalReduction
LogPluginManager: Mounting plugin MagicLeap
LogPluginManager: Mounting plugin MagicLeapMedia
LogPluginManager: Mounting plugin MLSDK
LogPluginManager: Mounting plugin AndroidMedia
LogPluginManager: Mounting plugin AvfMedia
LogPluginManager: Mounting plugin ImgMedia
LogPluginManager: Mounting plugin MediaCompositing
LogPluginManager: Mounting plugin MediaPlayerEditor
LogPluginManager: Mounting plugin WebMMedia
LogPluginManager: Mounting plugin WmfMedia
LogPluginManager: Mounting plugin MegascansPlugin
LogPluginManager: Mounting plugin TcpMessaging
LogPluginManager: Mounting plugin UdpMessaging
LogPluginManager: Mounting plugin ActorSequence
LogPluginManager: Mounting plugin LevelSequenceEditor
LogPluginManager: Mounting plugin MatineeToLevelSequence
LogPluginManager: Mounting plugin NetcodeUnitTest
LogPluginManager: Mounting plugin NUTUnrealEngine4
LogPluginManager: Mounting plugin OnlineSubsystemGooglePlay
LogPluginManager: Mounting plugin OnlineSubsystemIOS
LogPluginManager: Mounting plugin OnlineSubsystem
LogPluginManager: Mounting plugin OnlineSubsystemNull
LogPluginManager: Mounting plugin OnlineSubsystemUtils
LogPluginManager: Mounting plugin LauncherChunkInstaller
LogPluginManager: Mounting plugin AndroidDeviceProfileSelector
LogPluginManager: Mounting plugin AndroidMoviePlayer
LogPluginManager: Mounting plugin AndroidPermission
LogPluginManager: Mounting plugin AppleImageUtils
LogPluginManager: Mounting plugin AppleMoviePlayer
LogPluginManager: Mounting plugin ArchVisCharacter
LogPluginManager: Mounting plugin AssetTags
LogPluginManager: Mounting plugin AudioCapture
LogPluginManager: Mounting plugin CableComponent
LogPluginManager: Mounting plugin CustomMeshComponent
LogPluginManager: Mounting plugin DatabaseSupport
LogPluginManager: Mounting plugin SQLiteCore
LogPluginManager: Mounting plugin SQLiteSupport
LogPluginManager: Mounting plugin EditableMesh
LogPluginManager: Mounting plugin ExampleDeviceProfileSelector
LogPluginManager: Mounting plugin GoogleCloudMessaging
LogPluginManager: Mounting plugin IOSDeviceProfileSelector
LogPluginManager: Mounting plugin LinuxDeviceProfileSelector
LogPluginManager: Mounting plugin LocationServicesBPLibrary
LogPluginManager: Mounting plugin MobilePatchingUtils
LogPluginManager: Mounting plugin OculusVR
LogPluginManager: Mounting plugin PhysXVehicles
LogPluginManager: Mounting plugin PostSplashScreen
LogPluginManager: Mounting plugin ProceduralMeshComponent
LogPluginManager: Mounting plugin RuntimePhysXCooking
LogPluginManager: Mounting plugin SignificanceManager
LogPluginManager: Mounting plugin SteamVR
LogPluginManager: Mounting plugin WebMMoviePlayer
LogPluginManager: Mounting plugin WindowsMoviePlayer
LogPluginManager: Mounting plugin ScreenshotTools
LogInit: Using libcurl 7.55.1-DEV
LogInit:  - built for x86_64-pc-win32
LogInit:  - supports SSL with OpenSSL/1.1.1
LogInit:  - supports HTTP deflate (compression) using libz 1.2.8
LogInit:  - other features:
LogInit:      CURL_VERSION_SSL
LogInit:      CURL_VERSION_LIBZ
LogInit:      CURL_VERSION_IPV6
LogInit:      CURL_VERSION_ASYNCHDNS
LogInit:      CURL_VERSION_LARGEFILE
LogInit:      CURL_VERSION_IDN
LogInit:  CurlRequestOptions (configurable via config and command line):
LogInit:  - bVerifyPeer = true  - Libcurl will verify peer certificate
LogInit:  - bUseHttpProxy = false  - Libcurl will NOT use HTTP proxy
LogInit:  - bDontReuseConnections = false  - Libcurl will reuse connections
LogInit:  - MaxHostConnections = 16  - Libcurl will limit the number of connections to a host
LogInit:  - LocalHostAddr = Default
LogInit:  - BufferSize = 65536
LogOnline: OSS: Creating online subsystem instance for: NULL
LogInit: WinSock: version 1.1 (2.2), MaxSocks=32767, MaxUdp=65467
LogOnline: OSS: TryLoadSubsystemAndSetDefault: Loaded subsystem for module [NULL]
LogInit: Build: ++UE4+Release-4.24-CL-11590370
LogInit: Engine Version: 4.24.3-11590370+++UE4+Release-4.24
LogInit: Compatible Engine Version: 4.24.0-10570792+++UE4+Release-4.24
LogInit: Net CL: 10570792
LogInit: OS: Windows 10 (Release 2009) (), CPU: Intel(R) Core(TM) i7-9700 CPU @ 3.00GHz, GPU: NVIDIA GeForce RTX 2060
LogInit: Compiled (64-bit): Feb 24 2020 15:39:18
LogInit: Compiled with Visual C++: 19.16.27032.01
LogInit: Build Configuration: Development
LogInit: Branch Name: ++UE4+Release-4.24
LogInit: Command Line:  -EpicPortal -epicusername=ガンバ -epicuserid=7a146109021748cdb26d9e0251ebcadc -epiclocale=ja -epicsandboxid=ue
LogInit: Base Directory: C:/Program Files/Epic Games/UE_4.24/Engine/Binaries/Win64/
LogInit: Installed Engine Build: 1
LogDevObjectVersion: Number of dev versions registered: 25
LogDevObjectVersion:   Dev-Blueprints (B0D832E4-1F89-4F0D-ACCF-7EB736FD4AA2): 10
LogDevObjectVersion:   Dev-Build (E1C64328-A22C-4D53-A36C-8E866417BD8C): 0
LogDevObjectVersion:   Dev-Core (375EC13C-06E4-48FB-B500-84F0262A717E): 3
LogDevObjectVersion:   Dev-Editor (E4B068ED-F494-42E9-A231-DA0B2E46BB41): 37
LogDevObjectVersion:   Dev-Framework (CFFC743F-43B0-4480-9391-14DF171D2073): 36
LogDevObjectVersion:   Dev-Mobile (B02B49B5-BB20-44E9-A304-32B752E40360): 2
LogDevObjectVersion:   Dev-Networking (A4E4105C-59A1-49B5-A7C5-40C4547EDFEE): 0
LogDevObjectVersion:   Dev-Online (39C831C9-5AE6-47DC-9A44-9C173E1C8E7C): 0
LogDevObjectVersion:   Dev-Physics (78F01B33-EBEA-4F98-B9B4-84EACCB95AA2): 2
LogDevObjectVersion:   Dev-Platform (6631380F-2D4D-43E0-8009-CF276956A95A): 0
LogDevObjectVersion:   Dev-Rendering (12F88B9F-8875-4AFC-A67C-D90C383ABD29): 36
LogDevObjectVersion:   Dev-Sequencer (7B5AE74C-D270-4C10-A958-57980B212A5A): 11
LogDevObjectVersion:   Dev-VR (D7296918-1DD6-4BDD-9DE2-64A83CC13884): 2
LogDevObjectVersion:   Dev-LoadTimes (C2A15278-BFE7-4AFE-6C17-90FF531DF755): 1
LogDevObjectVersion:   Private-Geometry (6EACA3D4-40EC-4CC1-B786-8BED09428FC5): 3
LogDevObjectVersion:   Dev-AnimPhys (29E575DD-E0A3-4627-9D10-D276232CDCEA): 17
LogDevObjectVersion:   Dev-Anim (AF43A65D-7FD3-4947-9873-3E8ED9C1BB05): 2
LogDevObjectVersion:   Dev-ReflectionCapture (6B266CEC-1EC7-4B8F-A30B-E4D90942FC07): 1
LogDevObjectVersion:   Dev-Automation (0DF73D61-A23F-47EA-B727-89E90C41499A): 1
LogDevObjectVersion:   FortniteMain (601D1886-AC64-4F84-AA16-D3DE0DEAC7D6): 31
LogDevObjectVersion:   Dev-Enterprise (9DFFBCD6-494F-0158-E221-12823C92A888): 8
LogDevObjectVersion:   Dev-Niagara (F2AED0AC-9AFE-416F-8664-AA7FFA26D6FC): 1
LogDevObjectVersion:   Dev-Destruction (174F1F0B-B4C6-45A5-B13F-2EE8D0FB917D): 9
LogDevObjectVersion:   Dev-Physics-Ext (35F94A83-E258-406C-A318-09F59610247C): 8
LogDevObjectVersion:   Dev-CineCamera (B2E18506-4273-CFC2-A54E-F4BB758BBA07): 1
LogInit: Presizing for max 25165824 objects, including 0 objects not considered by GC, pre-allocating 0 bytes for permanent pool.
LogInit: Object subsystem initialized
LogConfig: Setting CVar [[con.DebugEarlyDefault:1]]
LogConfig: Setting CVar [[r.setres:1280x720]]
[2021.10.26-03.15.28:943][  0]LogConfig: Setting CVar [[r.VSync:0]]
[2021.10.26-03.15.28:943][  0]LogConfig: Setting CVar [[r.RHICmdBypass:0]]
[2021.10.26-03.15.28:943][  0]LogConfig: Applying CVar settings from Section [/Script/Engine.RendererSettings] File [D:/TeamProduction_New/Data/BioProject/Saved/Config/Windows/Engine.ini]
[2021.10.26-03.15.28:943][  0]LogConfig: Setting CVar [[r.GPUCrashDebugging:0]]
[2021.10.26-03.15.28:943][  0]LogConfig: Applying CVar settings from Section [/Script/Engine.RendererOverrideSettings] File [D:/TeamProduction_New/Data/BioProject/Saved/Config/Windows/Engine.ini]
[2021.10.26-03.15.28:943][  0]LogConfig: Applying CVar settings from Section [/Script/Engine.StreamingSettings] File [D:/TeamProduction_New/Data/BioProject/Saved/Config/Windows/Engine.ini]
[2021.10.26-03.15.28:943][  0]LogConfig: Setting CVar [[s.MinBulkDataSizeForAsyncLoading:131072]]
[2021.10.26-03.15.28:943][  0]LogConfig: Setting CVar [[s.AsyncLoadingThreadEnabled:0]]
[2021.10.26-03.15.28:943][  0]LogConfig: Setting CVar [[s.EventDrivenLoaderEnabled:1]]
[2021.10.26-03.15.28:943][  0]LogConfig: Setting CVar [[s.WarnIfTimeLimitExceeded:0]]
[2021.10.26-03.15.28:943][  0]LogConfig: Setting CVar [[s.TimeLimitExceededMultiplier:1.5]]
[2021.10.26-03.15.28:943][  0]LogConfig: Setting CVar [[s.TimeLimitExceededMinTime:0.005]]
[2021.10.26-03.15.28:943][  0]LogConfig: Setting CVar [[s.UseBackgroundLevelStreaming:1]]
[2021.10.26-03.15.28:943][  0]LogConfig: Setting CVar [[s.PriorityAsyncLoadingExtraTime:15.0]]
[2021.10.26-03.15.28:943][  0]LogConfig: Setting CVar [[s.LevelStreamingActorsUpdateTimeLimit:5.0]]
[2021.10.26-03.15.28:943][  0]LogConfig: Setting CVar [[s.PriorityLevelStreamingActorsUpdateExtraTime:5.0]]
[2021.10.26-03.15.28:943][  0]LogConfig: Setting CVar [[s.LevelStreamingComponentsRegistrationGranularity:10]]
[2021.10.26-03.15.28:943][  0]LogConfig: Setting CVar [[s.UnregisterComponentsTimeLimit:1.0]]
[2021.10.26-03.15.28:943][  0]LogConfig: Setting CVar [[s.LevelStreamingComponentsUnregistrationGranularity:5]]
[2021.10.26-03.15.28:943][  0]LogConfig: Setting CVar [[s.FlushStreamingOnExit:1]]
[2021.10.26-03.15.28:943][  0]LogConfig: Applying CVar settings from Section [/Script/Engine.GarbageCollectionSettings] File [D:/TeamProduction_New/Data/BioProject/Saved/Config/Windows/Engine.ini]
[2021.10.26-03.15.28:944][  0]LogConfig: Setting CVar [[gc.MaxObjectsNotConsideredByGC:1]]
[2021.10.26-03.15.28:944][  0]LogConfig: Setting CVar [[gc.SizeOfPermanentObjectPool:0]]
[2021.10.26-03.15.28:944][  0]LogConfig: Setting CVar [[gc.FlushStreamingOnGC:0]]
[2021.10.26-03.15.28:944][  0]LogConfig: Setting CVar [[gc.NumRetriesBeforeForcingGC:10]]
[2021.10.26-03.15.28:944][  0]LogConfig: Setting CVar [[gc.AllowParallelGC:1]]
[2021.10.26-03.15.28:944][  0]LogConfig: Setting CVar [[gc.TimeBetweenPurgingPendingKillObjects:61.1]]
[2021.10.26-03.15.28:944][  0]LogConfig: Setting CVar [[gc.MaxObjectsInEditor:25165824]]
[2021.10.26-03.15.28:944][  0]LogConfig: Setting CVar [[gc.IncrementalBeginDestroyEnabled:1]]
[2021.10.26-03.15.28:944][  0]LogConfig: Setting CVar [[gc.CreateGCClusters:1]]
[2021.10.26-03.15.28:944][  0]LogConfig: Setting CVar [[gc.MinGCClusterSize:5]]
[2021.10.26-03.15.28:944][  0]LogConfig: Setting CVar [[gc.ActorClusteringEnabled:0]]
[2021.10.26-03.15.28:944][  0]LogConfig: Setting CVar [[gc.BlueprintClusteringEnabled:0]]
[2021.10.26-03.15.28:944][  0]LogConfig: Setting CVar [[gc.UseDisregardForGCOnDedicatedServers:0]]
[2021.10.26-03.15.28:944][  0]LogConfig: Applying CVar settings from Section [/Script/Engine.NetworkSettings] File [D:/TeamProduction_New/Data/BioProject/Saved/Config/Windows/Engine.ini]
[2021.10.26-03.15.28:944][  0]LogConfig: Applying CVar settings from Section [/Script/UnrealEd.CookerSettings] File [D:/TeamProduction_New/Data/BioProject/Saved/Config/Windows/Engine.ini]
[2021.10.26-03.15.28:947][  0]LogConfig: Applying CVar settings from Section [ViewDistanceQuality@3] File [D:/TeamProduction_New/Data/BioProject/Saved/Config/Windows/Scalability.ini]
[2021.10.26-03.15.28:947][  0]LogConfig: Setting CVar [[r.SkeletalMeshLODBias:0]]
[2021.10.26-03.15.28:947][  0]LogConfig: Setting CVar [[r.ViewDistanceScale:1.0]]
[2021.10.26-03.15.28:947][  0]LogConfig: Applying CVar settings from Section [AntiAliasingQuality@3] File [D:/TeamProduction_New/Data/BioProject/Saved/Config/Windows/Scalability.ini]
[2021.10.26-03.15.28:947][  0]LogConfig: Setting CVar [[r.PostProcessAAQuality:4]]
[2021.10.26-03.15.28:947][  0]LogConfig: Applying CVar settings from Section [ShadowQuality@3] File [D:/TeamProduction_New/Data/BioProject/Saved/Config/Windows/Scalability.ini]
[2021.10.26-03.15.28:947][  0]LogConfig: Setting CVar [[r.LightFunctionQuality:1]]
[2021.10.26-03.15.28:947][  0]LogConfig: Setting CVar [[r.ShadowQuality:5]]
[2021.10.26-03.15.28:947][  0]LogConfig: Setting CVar [[r.Shadow.CSM.MaxCascades:10]]
[2021.10.26-03.15.28:947][  0]LogConfig: Setting CVar [[r.Shadow.MaxResolution:2048]]
[2021.10.26-03.15.28:947][  0]LogConfig: Setting CVar [[r.Shadow.MaxCSMResolution:2048]]
[2021.10.26-03.15.28:947][  0]LogConfig: Setting CVar [[r.Shadow.RadiusThreshold:0.01]]
[2021.10.26-03.15.28:947][  0]LogConfig: Setting CVar [[r.Shadow.DistanceScale:1.0]]
[2021.10.26-03.15.28:947][  0]LogConfig: Setting CVar [[r.Shadow.CSM.TransitionScale:1.0]]
[2021.10.26-03.15.28:947][  0]LogConfig: Setting CVar [[r.Shadow.PreShadowResolutionFactor:1.0]]
[2021.10.26-03.15.28:947][  0]LogConfig: Setting CVar [[r.DistanceFieldShadowing:1]]
[2021.10.26-03.15.28:947][  0]LogConfig: Setting CVar [[r.DistanceFieldAO:1]]
[2021.10.26-03.15.28:947][  0]LogConfig: Setting CVar [[r.AOQuality:2]]
[2021.10.26-03.15.28:947][  0]LogConfig: Setting CVar [[r.VolumetricFog:1]]
[2021.10.26-03.15.28:947][  0]LogConfig: Setting CVar [[r.VolumetricFog.GridPixelSize:8]]
[2021.10.26-03.15.28:947][  0]LogConfig: Setting CVar [[r.VolumetricFog.GridSizeZ:128]]
[2021.10.26-03.15.28:947][  0]LogConfig: Setting CVar [[r.VolumetricFog.HistoryMissSupersampleCount:4]]
[2021.10.26-03.15.28:947][  0]LogConfig: Setting CVar [[r.LightMaxDrawDistanceScale:1]]
[2021.10.26-03.15.28:947][  0]LogConfig: Setting CVar [[r.CapsuleShadows:1]]
[2021.10.26-03.15.28:947][  0]LogConfig: Applying CVar settings from Section [PostProcessQuality@3] File [D:/TeamProduction_New/Data/BioProject/Saved/Config/Windows/Scalability.ini]
[2021.10.26-03.15.28:947][  0]LogConfig: Setting CVar [[r.MotionBlurQuality:4]]
[2021.10.26-03.15.28:947][  0]LogConfig: Setting CVar [[r.AmbientOcclusionMipLevelFactor:0.4]]
[2021.10.26-03.15.28:947][  0]LogConfig: Setting CVar [[r.AmbientOcclusionMaxQuality:100]]
[2021.10.26-03.15.28:947][  0]LogConfig: Setting CVar [[r.AmbientOcclusionLevels:-1]]
[2021.10.26-03.15.28:947][  0]LogConfig: Setting CVar [[r.AmbientOcclusionRadiusScale:1.0]]
[2021.10.26-03.15.28:947][  0]LogConfig: Setting CVar [[r.DepthOfFieldQuality:2]]
[2021.10.26-03.15.28:947][  0]LogConfig: Setting CVar [[r.RenderTargetPoolMin:400]]
[2021.10.26-03.15.28:947][  0]LogConfig: Setting CVar [[r.LensFlareQuality:2]]
[2021.10.26-03.15.28:947][  0]LogConfig: Setting CVar [[r.SceneColorFringeQuality:1]]
[2021.10.26-03.15.28:947][  0]LogConfig: Setting CVar [[r.EyeAdaptationQuality:2]]
[2021.10.26-03.15.28:947][  0]LogConfig: Setting CVar [[r.BloomQuality:5]]
[2021.10.26-03.15.28:947][  0]LogConfig: Setting CVar [[r.FastBlurThreshold:100]]
[2021.10.26-03.15.28:947][  0]LogConfig: Setting CVar [[r.Upscale.Quality:3]]
[2021.10.26-03.15.28:947][  0]LogConfig: Setting CVar [[r.Tonemapper.GrainQuantization:1]]
[2021.10.26-03.15.28:947][  0]LogConfig: Setting CVar [[r.LightShaftQuality:1]]
[2021.10.26-03.15.28:947][  0]LogConfig: Setting CVar [[r.Filter.SizeScale:1]]
[2021.10.26-03.15.28:947][  0]LogConfig: Setting CVar [[r.Tonemapper.Quality:5]]
[2021.10.26-03.15.28:947][  0]LogConfig: Setting CVar [[r.DOF.Gather.AccumulatorQuality:1        ; higher gathering accumulator quality]]
[2021.10.26-03.15.28:947][  0]LogConfig: Setting CVar [[r.DOF.Gather.PostfilterMethod:1          ; Median3x3 postfilering method]]
[2021.10.26-03.15.28:947][  0]LogConfig: Setting CVar [[r.DOF.Gather.EnableBokehSettings:0       ; no bokeh simulation when gathering]]
[2021.10.26-03.15.28:947][  0]LogConfig: Setting CVar [[r.DOF.Gather.RingCount:4                 ; medium number of samples when gathering]]
[2021.10.26-03.15.28:947][  0]LogConfig: Setting CVar [[r.DOF.Scatter.ForegroundCompositing:1    ; additive foreground scattering]]
[2021.10.26-03.15.28:947][  0]LogConfig: Setting CVar [[r.DOF.Scatter.BackgroundCompositing:2    ; additive background scattering]]
[2021.10.26-03.15.28:947][  0]LogConfig: Setting CVar [[r.DOF.Scatter.EnableBokehSettings:1      ; bokeh simulation when scattering]]
[2021.10.26-03.15.28:947][  0]LogConfig: Setting CVar [[r.DOF.Scatter.MaxSpriteRatio:0.1         ; only a maximum of 10% of scattered bokeh]]
[2021.10.26-03.15.28:947][  0]LogConfig: Setting CVar [[r.DOF.Recombine.Quality:1                ; cheap slight out of focus]]
[2021.10.26-03.15.28:947][  0]LogConfig: Setting CVar [[r.DOF.Recombine.EnableBokehSettings:0    ; no bokeh simulation on slight out of focus]]
[2021.10.26-03.15.28:947][  0]LogConfig: Setting CVar [[r.DOF.TemporalAAQuality:1                ; more stable temporal accumulation]]
[2021.10.26-03.15.28:947][  0]LogConfig: Setting CVar [[r.DOF.Kernel.MaxForegroundRadius:0.025]]
[2021.10.26-03.15.28:947][  0]LogConfig: Setting CVar [[r.DOF.Kernel.MaxBackgroundRadius:0.025]]
[2021.10.26-03.15.28:947][  0]LogConfig: Applying CVar settings from Section [TextureQuality@3] File [D:/TeamProduction_New/Data/BioProject/Saved/Config/Windows/Scalability.ini]
[2021.10.26-03.15.28:947][  0]LogConfig: Setting CVar [[r.Streaming.MipBias:0]]
[2021.10.26-03.15.28:947][  0]LogConfig: Setting CVar [[r.Streaming.AmortizeCPUToGPUCopy:0]]
[2021.10.26-03.15.28:947][  0]LogConfig: Setting CVar [[r.Streaming.MaxNumTexturesToStreamPerFrame:0]]
[2021.10.26-03.15.28:947][  0]LogConfig: Setting CVar [[r.Streaming.Boost:1]]
[2021.10.26-03.15.28:947][  0]LogConfig: Setting CVar [[r.MaxAnisotropy:8]]
[2021.10.26-03.15.28:947][  0]LogConfig: Setting CVar [[r.VT.MaxAnisotropy:8]]
[2021.10.26-03.15.28:947][  0]LogConfig: Setting CVar [[r.Streaming.LimitPoolSizeToVRAM:0]]
[2021.10.26-03.15.28:947][  0]LogConfig: Setting CVar [[r.Streaming.PoolSize:1000]]
[2021.10.26-03.15.28:947][  0]LogConfig: Setting CVar [[r.Streaming.MaxEffectiveScreenSize:0]]
[2021.10.26-03.15.28:947][  0]LogConfig: Applying CVar settings from Section [EffectsQuality@3] File [D:/TeamProduction_New/Data/BioProject/Saved/Config/Windows/Scalability.ini]
[2021.10.26-03.15.28:947][  0]LogConfig: Setting CVar [[r.TranslucencyLightingVolumeDim:64]]
[2021.10.26-03.15.28:947][  0]LogConfig: Setting CVar [[r.RefractionQuality:2]]
[2021.10.26-03.15.28:947][  0]LogConfig: Setting CVar [[r.SSR.Quality:3]]
[2021.10.26-03.15.28:947][  0]LogConfig: Setting CVar [[r.SSR.HalfResSceneColor:0]]
[2021.10.26-03.15.28:947][  0]LogConfig: Setting CVar [[r.SceneColorFormat:4]]
[2021.10.26-03.15.28:947][  0]LogConfig: Setting CVar [[r.DetailMode:2]]
[2021.10.26-03.15.28:948][  0]LogConfig: Setting CVar [[r.TranslucencyVolumeBlur:1]]
[2021.10.26-03.15.28:948][  0]LogConfig: Setting CVar [[r.MaterialQualityLevel:1 ; High quality]]
[2021.10.26-03.15.28:948][  0]LogConfig: Setting CVar [[r.SSS.Scale:1]]
[2021.10.26-03.15.28:948][  0]LogConfig: Setting CVar [[r.SSS.SampleSet:2]]
[2021.10.26-03.15.28:948][  0]LogConfig: Setting CVar [[r.SSS.Quality:1]]
[2021.10.26-03.15.28:948][  0]LogConfig: Setting CVar [[r.SSS.HalfRes:1]]
[2021.10.26-03.15.28:948][  0]LogConfig: Setting CVar [[r.SSGI.Quality:3]]
[2021.10.26-03.15.28:948][  0]LogConfig: Setting CVar [[r.EmitterSpawnRateScale:1.0]]
[2021.10.26-03.15.28:948][  0]LogConfig: Setting CVar [[r.ParticleLightQuality:2]]
[2021.10.26-03.15.28:948][  0]LogConfig: Setting CVar [[r.SkyAtmosphere.AerialPerspectiveLUT.FastApplyOnOpaque:1 ; Always have FastSkyLUT 1 in this case to avoid wrong sky]]
[2021.10.26-03.15.28:948][  0]LogConfig: Setting CVar [[r.SkyAtmosphere.AerialPerspectiveLUT.SampleCountPerSlice:1]]
[2021.10.26-03.15.28:948][  0]LogConfig: Setting CVar [[r.SkyAtmosphere.AerialPerspectiveLUT.DepthResolution:16.0]]
[2021.10.26-03.15.28:948][  0]LogConfig: Setting CVar [[r.SkyAtmosphere.FastSkyLUT:1]]
[2021.10.26-03.15.28:948][  0]LogConfig: Setting CVar [[r.SkyAtmosphere.FastSkyLUT.SampleCountMin:4.0]]
[2021.10.26-03.15.28:948][  0]LogConfig: Setting CVar [[r.SkyAtmosphere.FastSkyLUT.SampleCountMax:32.0]]
[2021.10.26-03.15.28:948][  0]LogConfig: Setting CVar [[r.SkyAtmosphere.SampleCountMin:4.0]]
[2021.10.26-03.15.28:948][  0]LogConfig: Setting CVar [[r.SkyAtmosphere.SampleCountMax:32.0]]
[2021.10.26-03.15.28:948][  0]LogConfig: Setting CVar [[r.SkyAtmosphere.TransmittanceLUT.UseSmallFormat:0]]
[2021.10.26-03.15.28:948][  0]LogConfig: Setting CVar [[r.SkyAtmosphere.TransmittanceLUT.SampleCount:10.0]]
[2021.10.26-03.15.28:948][  0]LogConfig: Setting CVar [[r.SkyAtmosphere.MultiScatteringLUT.SampleCount:15.0]]
[2021.10.26-03.15.28:948][  0]LogConfig: Applying CVar settings from Section [FoliageQuality@3] File [D:/TeamProduction_New/Data/BioProject/Saved/Config/Windows/Scalability.ini]
[2021.10.26-03.15.28:948][  0]LogConfig: Setting CVar [[foliage.DensityScale:1.0]]
[2021.10.26-03.15.28:948][  0]LogConfig: Setting CVar [[grass.DensityScale:1.0]]
[2021.10.26-03.15.28:948][  0]LogConfig: Applying CVar settings from Section [ShadingQuality@3] File [D:/TeamProduction_New/Data/BioProject/Saved/Config/Windows/Scalability.ini]
[2021.10.26-03.15.28:948][  0]LogConfig: Setting CVar [[r.HairStrands.SkyLighting.SampleCount:16]]
[2021.10.26-03.15.28:948][  0]LogConfig: Setting CVar [[r.HairStrands.SkyLighting.JitterIntegration:0]]
[2021.10.26-03.15.28:948][  0]LogConfig: Setting CVar [[r.HairStrands.SkyAO.SampleCount:16]]
[2021.10.26-03.15.28:948][  0]LogInit: Selected Device Profile: [Windows]
[2021.10.26-03.15.28:948][  0]LogInit: Applying CVar settings loaded from the selected device profile: [Windows]
[2021.10.26-03.15.28:950][  0]LogHAL: Display: Platform has ~ 16 GB [17047621632 / 17179869184 / 16], which maps to Larger [LargestMinGB=32, LargerMinGB=12, DefaultMinGB=8, SmallerMinGB=6, SmallestMinGB=0)
[2021.10.26-03.15.28:950][  0]LogInit: Going up to parent DeviceProfile []
[2021.10.26-03.15.28:950][  0]LogConfig: Applying CVar settings from Section [ViewDistanceQuality@3] File [D:/TeamProduction_New/Data/BioProject/Saved/Config/Windows/Scalability.ini]
[2021.10.26-03.15.28:950][  0]LogConfig: Setting CVar [[r.SkeletalMeshLODBias:0]]
[2021.10.26-03.15.28:950][  0]LogConfig: Setting CVar [[r.ViewDistanceScale:1.0]]
[2021.10.26-03.15.28:950][  0]LogConfig: Applying CVar settings from Section [AntiAliasingQuality@3] File [D:/TeamProduction_New/Data/BioProject/Saved/Config/Windows/Scalability.ini]
[2021.10.26-03.15.28:950][  0]LogConfig: Setting CVar [[r.PostProcessAAQuality:4]]
[2021.10.26-03.15.28:950][  0]LogConfig: Applying CVar settings from Section [ShadowQuality@3] File [D:/TeamProduction_New/Data/BioProject/Saved/Config/Windows/Scalability.ini]
[2021.10.26-03.15.28:950][  0]LogConfig: Setting CVar [[r.LightFunctionQuality:1]]
[2021.10.26-03.15.28:950][  0]LogConfig: Setting CVar [[r.ShadowQuality:5]]
[2021.10.26-03.15.28:950][  0]LogConfig: Setting CVar [[r.Shadow.CSM.MaxCascades:10]]
[2021.10.26-03.15.28:950][  0]LogConfig: Setting CVar [[r.Shadow.MaxResolution:2048]]
[2021.10.26-03.15.28:950][  0]LogConfig: Setting CVar [[r.Shadow.MaxCSMResolution:2048]]
[2021.10.26-03.15.28:950][  0]LogConfig: Setting CVar [[r.Shadow.RadiusThreshold:0.01]]
[2021.10.26-03.15.28:950][  0]LogConfig: Setting CVar [[r.Shadow.DistanceScale:1.0]]
[2021.10.26-03.15.28:950][  0]LogConfig: Setting CVar [[r.Shadow.CSM.TransitionScale:1.0]]
[2021.10.26-03.15.28:950][  0]LogConfig: Setting CVar [[r.Shadow.PreShadowResolutionFactor:1.0]]
[2021.10.26-03.15.28:950][  0]LogConfig: Setting CVar [[r.DistanceFieldShadowing:1]]
[2021.10.26-03.15.28:950][  0]LogConfig: Setting CVar [[r.DistanceFieldAO:1]]
[2021.10.26-03.15.28:950][  0]LogConfig: Setting CVar [[r.AOQuality:2]]
[2021.10.26-03.15.28:950][  0]LogConfig: Setting CVar [[r.VolumetricFog:1]]
[2021.10.26-03.15.28:950][  0]LogConfig: Setting CVar [[r.VolumetricFog.GridPixelSize:8]]
[2021.10.26-03.15.28:950][  0]LogConfig: Setting CVar [[r.VolumetricFog.GridSizeZ:128]]
[2021.10.26-03.15.28:950][  0]LogConfig: Setting CVar [[r.VolumetricFog.HistoryMissSupersampleCount:4]]
[2021.10.26-03.15.28:950][  0]LogConfig: Setting CVar [[r.LightMaxDrawDistanceScale:1]]
[2021.10.26-03.15.28:950][  0]LogConfig: Setting CVar [[r.CapsuleShadows:1]]
[2021.10.26-03.15.28:950][  0]LogConfig: Applying CVar settings from Section [PostProcessQuality@3] File [D:/TeamProduction_New/Data/BioProject/Saved/Config/Windows/Scalability.ini]
[2021.10.26-03.15.28:950][  0]LogConfig: Setting CVar [[r.MotionBlurQuality:4]]
[2021.10.26-03.15.28:950][  0]LogConfig: Setting CVar [[r.AmbientOcclusionMipLevelFactor:0.4]]
[2021.10.26-03.15.28:950][  0]LogConfig: Setting CVar [[r.AmbientOcclusionMaxQuality:100]]
[2021.10.26-03.15.28:950][  0]LogConfig: Setting CVar [[r.AmbientOcclusionLevels:-1]]
[2021.10.26-03.15.28:950][  0]LogConfig: Setting CVar [[r.AmbientOcclusionRadiusScale:1.0]]
[2021.10.26-03.15.28:950][  0]LogConfig: Setting CVar [[r.DepthOfFieldQuality:2]]
[2021.10.26-03.15.28:950][  0]LogConfig: Setting CVar [[r.RenderTargetPoolMin:400]]
[2021.10.26-03.15.28:950][  0]LogConfig: Setting CVar [[r.LensFlareQuality:2]]
[2021.10.26-03.15.28:950][  0]LogConfig: Setting CVar [[r.SceneColorFringeQuality:1]]
[2021.10.26-03.15.28:950][  0]LogConfig: Setting CVar [[r.EyeAdaptationQuality:2]]
[2021.10.26-03.15.28:950][  0]LogConfig: Setting CVar [[r.BloomQuality:5]]
[2021.10.26-03.15.28:950][  0]LogConfig: Setting CVar [[r.FastBlurThreshold:100]]
[2021.10.26-03.15.28:950][  0]LogConfig: Setting CVar [[r.Upscale.Quality:3]]
[2021.10.26-03.15.28:950][  0]LogConfig: Setting CVar [[r.Tonemapper.GrainQuantization:1]]
[2021.10.26-03.15.28:950][  0]LogConfig: Setting CVar [[r.LightShaftQuality:1]]
[2021.10.26-03.15.28:950][  0]LogConfig: Setting CVar [[r.Filter.SizeScale:1]]
[2021.10.26-03.15.28:950][  0]LogConfig: Setting CVar [[r.Tonemapper.Quality:5]]
[2021.10.26-03.15.28:950][  0]LogConfig: Setting CVar [[r.DOF.Gather.AccumulatorQuality:1        ; higher gathering accumulator quality]]
[2021.10.26-03.15.28:950][  0]LogConfig: Setting CVar [[r.DOF.Gather.PostfilterMethod:1          ; Median3x3 postfilering method]]
[2021.10.26-03.15.28:950][  0]LogConfig: Setting CVar [[r.DOF.Gather.EnableBokehSettings:0       ; no bokeh simulation when gathering]]
[2021.10.26-03.15.28:950][  0]LogConfig: Setting CVar [[r.DOF.Gather.RingCount:4                 ; medium number of samples when gathering]]
[2021.10.26-03.15.28:950][  0]LogConfig: Setting CVar [[r.DOF.Scatter.ForegroundCompositing:1    ; additive foreground scattering]]
[2021.10.26-03.15.28:950][  0]LogConfig: Setting CVar [[r.DOF.Scatter.BackgroundCompositing:2    ; additive background scattering]]
[2021.10.26-03.15.28:950][  0]LogConfig: Setting CVar [[r.DOF.Scatter.EnableBokehSettings:1      ; bokeh simulation when scattering]]
[2021.10.26-03.15.28:950][  0]LogConfig: Setting CVar [[r.DOF.Scatter.MaxSpriteRatio:0.1         ; only a maximum of 10% of scattered bokeh]]
[2021.10.26-03.15.28:950][  0]LogConfig: Setting CVar [[r.DOF.Recombine.Quality:1                ; cheap slight out of focus]]
[2021.10.26-03.15.28:950][  0]LogConfig: Setting CVar [[r.DOF.Recombine.EnableBokehSettings:0    ; no bokeh simulation on slight out of focus]]
[2021.10.26-03.15.28:951][  0]LogConfig: Setting CVar [[r.DOF.TemporalAAQuality:1                ; more stable temporal accumulation]]
[2021.10.26-03.15.28:951][  0]LogConfig: Setting CVar [[r.DOF.Kernel.MaxForegroundRadius:0.025]]
[2021.10.26-03.15.28:951][  0]LogConfig: Setting CVar [[r.DOF.Kernel.MaxBackgroundRadius:0.025]]
[2021.10.26-03.15.28:951][  0]LogConfig: Applying CVar settings from Section [TextureQuality@3] File [D:/TeamProduction_New/Data/BioProject/Saved/Config/Windows/Scalability.ini]
[2021.10.26-03.15.28:951][  0]LogConfig: Setting CVar [[r.Streaming.MipBias:0]]
[2021.10.26-03.15.28:951][  0]LogConfig: Setting CVar [[r.Streaming.AmortizeCPUToGPUCopy:0]]
[2021.10.26-03.15.28:951][  0]LogConfig: Setting CVar [[r.Streaming.MaxNumTexturesToStreamPerFrame:0]]
[2021.10.26-03.15.28:951][  0]LogConfig: Setting CVar [[r.Streaming.Boost:1]]
[2021.10.26-03.15.28:951][  0]LogConfig: Setting CVar [[r.MaxAnisotropy:8]]
[2021.10.26-03.15.28:951][  0]LogConfig: Setting CVar [[r.VT.MaxAnisotropy:8]]
[2021.10.26-03.15.28:951][  0]LogConfig: Setting CVar [[r.Streaming.LimitPoolSizeToVRAM:0]]
[2021.10.26-03.15.28:951][  0]LogConfig: Setting CVar [[r.Streaming.PoolSize:1000]]
[2021.10.26-03.15.28:951][  0]LogConfig: Setting CVar [[r.Streaming.MaxEffectiveScreenSize:0]]
[2021.10.26-03.15.28:951][  0]LogConfig: Applying CVar settings from Section [EffectsQuality@3] File [D:/TeamProduction_New/Data/BioProject/Saved/Config/Windows/Scalability.ini]
[2021.10.26-03.15.28:951][  0]LogConfig: Setting CVar [[r.TranslucencyLightingVolumeDim:64]]
[2021.10.26-03.15.28:951][  0]LogConfig: Setting CVar [[r.RefractionQuality:2]]
[2021.10.26-03.15.28:951][  0]LogConfig: Setting CVar [[r.SSR.Quality:3]]
[2021.10.26-03.15.28:951][  0]LogConfig: Setting CVar [[r.SSR.HalfResSceneColor:0]]
[2021.10.26-03.15.28:951][  0]LogConfig: Setting CVar [[r.SceneColorFormat:4]]
[2021.10.26-03.15.28:951][  0]LogConfig: Setting CVar [[r.DetailMode:2]]
[2021.10.26-03.15.28:951][  0]LogConfig: Setting CVar [[r.TranslucencyVolumeBlur:1]]
[2021.10.26-03.15.28:951][  0]LogConfig: Setting CVar [[r.MaterialQualityLevel:1 ; High quality]]
[2021.10.26-03.15.28:951][  0]LogConfig: Setting CVar [[r.SSS.Scale:1]]
[2021.10.26-03.15.28:951][  0]LogConfig: Setting CVar [[r.SSS.SampleSet:2]]
[2021.10.26-03.15.28:951][  0]LogConfig: Setting CVar [[r.SSS.Quality:1]]
[2021.10.26-03.15.28:951][  0]LogConfig: Setting CVar [[r.SSS.HalfRes:1]]
[2021.10.26-03.15.28:951][  0]LogConfig: Setting CVar [[r.SSGI.Quality:3]]
[2021.10.26-03.15.28:951][  0]LogConfig: Setting CVar [[r.EmitterSpawnRateScale:1.0]]
[2021.10.26-03.15.28:951][  0]LogConfig: Setting CVar [[r.ParticleLightQuality:2]]
[2021.10.26-03.15.28:951][  0]LogConfig: Setting CVar [[r.SkyAtmosphere.AerialPerspectiveLUT.FastApplyOnOpaque:1 ; Always have FastSkyLUT 1 in this case to avoid wrong sky]]
[2021.10.26-03.15.28:951][  0]LogConfig: Setting CVar [[r.SkyAtmosphere.AerialPerspectiveLUT.SampleCountPerSlice:1]]
[2021.10.26-03.15.28:951][  0]LogConfig: Setting CVar [[r.SkyAtmosphere.AerialPerspectiveLUT.DepthResolution:16.0]]
[2021.10.26-03.15.28:951][  0]LogConfig: Setting CVar [[r.SkyAtmosphere.FastSkyLUT:1]]
[2021.10.26-03.15.28:951][  0]LogConfig: Setting CVar [[r.SkyAtmosphere.FastSkyLUT.SampleCountMin:4.0]]
[2021.10.26-03.15.28:951][  0]LogConfig: Setting CVar [[r.SkyAtmosphere.FastSkyLUT.SampleCountMax:32.0]]
[2021.10.26-03.15.28:951][  0]LogConfig: Setting CVar [[r.SkyAtmosphere.SampleCountMin:4.0]]
[2021.10.26-03.15.28:951][  0]LogConfig: Setting CVar [[r.SkyAtmosphere.SampleCountMax:32.0]]
[2021.10.26-03.15.28:951][  0]LogConfig: Setting CVar [[r.SkyAtmosphere.TransmittanceLUT.UseSmallFormat:0]]
[2021.10.26-03.15.28:951][  0]LogConfig: Setting CVar [[r.SkyAtmosphere.TransmittanceLUT.SampleCount:10.0]]
[2021.10.26-03.15.28:951][  0]LogConfig: Setting CVar [[r.SkyAtmosphere.MultiScatteringLUT.SampleCount:15.0]]
[2021.10.26-03.15.28:951][  0]LogConfig: Applying CVar settings from Section [FoliageQuality@3] File [D:/TeamProduction_New/Data/BioProject/Saved/Config/Windows/Scalability.ini]
[2021.10.26-03.15.28:951][  0]LogConfig: Setting CVar [[foliage.DensityScale:1.0]]
[2021.10.26-03.15.28:951][  0]LogConfig: Setting CVar [[grass.DensityScale:1.0]]
[2021.10.26-03.15.28:951][  0]LogConfig: Applying CVar settings from Section [ShadingQuality@3] File [D:/TeamProduction_New/Data/BioProject/Saved/Config/Windows/Scalability.ini]
[2021.10.26-03.15.28:951][  0]LogConfig: Setting CVar [[r.HairStrands.SkyLighting.SampleCount:16]]
[2021.10.26-03.15.28:951][  0]LogConfig: Setting CVar [[r.HairStrands.SkyLighting.JitterIntegration:0]]
[2021.10.26-03.15.28:951][  0]LogConfig: Setting CVar [[r.HairStrands.SkyAO.SampleCount:16]]
[2021.10.26-03.15.28:951][  0]LogConfig: Applying CVar settings from Section [Startup] File [../../../Engine/Config/ConsoleVariables.ini]
[2021.10.26-03.15.28:951][  0]LogConfig: Setting CVar [[net.UseAdaptiveNetUpdateFrequency:0]]
[2021.10.26-03.15.28:951][  0]LogConfig: Setting CVar [[p.chaos.AllowCreatePhysxBodies:1]]
[2021.10.26-03.15.28:951][  0]LogConfig: Applying CVar settings from Section [ConsoleVariables] File [D:/TeamProduction_New/Data/BioProject/Saved/Config/Windows/Engine.ini]
[2021.10.26-03.15.28:951][  0]LogInit: Computer: DESKTOP-H4L6C8K
[2021.10.26-03.15.28:951][  0]LogInit: User: 0710t
[2021.10.26-03.15.28:952][  0]LogInit: CPU Page size=4096, Cores=8
[2021.10.26-03.15.28:952][  0]LogInit: High frequency timer resolution =10.000000 MHz
[2021.10.26-03.15.28:952][  0]LogMemory: Memory total: Physical=15.9GB (16GB approx)
[2021.10.26-03.15.28:952][  0]LogMemory: Platform Memory Stats for Windows
[2021.10.26-03.15.28:952][  0]LogMemory: Process Physical Memory: 107.12 MB used, 107.12 MB peak
[2021.10.26-03.15.28:952][  0]LogMemory: Process Virtual Memory: 98.30 MB used, 98.30 MB peak
[2021.10.26-03.15.28:952][  0]LogMemory: Physical Memory: 9323.82 MB used,  6934.05 MB free, 16257.88 MB total
[2021.10.26-03.15.28:952][  0]LogMemory: Virtual Memory: 5144.85 MB used,  134212584.00 MB free, 134217728.00 MB total
[2021.10.26-03.15.28:954][  0]LogWindows: WindowsPlatformFeatures enabled
[2021.10.26-03.15.28:980][  0]LogInit: Using OS detected language (ja-JP).
[2021.10.26-03.15.28:980][  0]LogInit: Using OS detected locale (ja-JP).
[2021.10.26-03.15.28:980][  0]LogTextLocalizationManager: No specific localization for 'ja-JP' exists, so the 'ja' localization will be used.
[2021.10.26-03.15.29:048][  0]LogInit: Setting process to per monitor DPI aware
[2021.10.26-03.15.29:071][  0]LogSlate: New Slate User Created.  User Index 0, Is Virtual User: 0
[2021.10.26-03.15.29:071][  0]LogSlate: Slate User Registered.  User Index 0, Is Virtual User: 0
[2021.10.26-03.15.29:168][  0]LogHMD: Failed to initialize OpenVR with code 110
[2021.10.26-03.15.29:168][  0]LogD3D11RHI: D3D11 min allowed feature level: 11_0
[2021.10.26-03.15.29:168][  0]LogD3D11RHI: D3D11 max allowed feature level: 11_0
[2021.10.26-03.15.29:168][  0]LogD3D11RHI: D3D11 adapters:
[2021.10.26-03.15.29:260][  0]LogD3D11RHI:    0. 'NVIDIA GeForce RTX 2060' (Feature Level 11_0)
[2021.10.26-03.15.29:260][  0]LogD3D11RHI:       5980/0/8128 MB DedicatedVideo/DedicatedSystem/SharedSystem, Outputs:2, VendorId:0x10de
[2021.10.26-03.15.29:262][  0]LogD3D11RHI:    1. 'Microsoft Basic Render Driver' (Feature Level 11_0)
[2021.10.26-03.15.29:262][  0]LogD3D11RHI:       0/0/8128 MB DedicatedVideo/DedicatedSystem/SharedSystem, Outputs:0, VendorId:0x1414
[2021.10.26-03.15.29:262][  0]LogD3D11RHI: Chosen D3D11 Adapter: 0
[2021.10.26-03.15.29:268][  0]LogD3D11RHI: Creating new Direct3DDevice
[2021.10.26-03.15.29:268][  0]LogD3D11RHI:     GPU DeviceId: 0x1f08 (for the marketing name, search the web for "GPU Device Id")
[2021.10.26-03.15.29:268][  0]LogWindows: EnumDisplayDevices:
[2021.10.26-03.15.29:268][  0]LogWindows:    0. 'NVIDIA GeForce RTX 2060' (P:1 D:1)
[2021.10.26-03.15.29:268][  0]LogWindows:    1. 'NVIDIA GeForce RTX 2060' (P:0 D:1)
[2021.10.26-03.15.29:269][  0]LogWindows:    2. 'NVIDIA GeForce RTX 2060' (P:0 D:0)
[2021.10.26-03.15.29:269][  0]LogWindows:    3. 'NVIDIA GeForce RTX 2060' (P:0 D:0)
[2021.10.26-03.15.29:269][  0]LogWindows: DebugString: FoundDriverCount:4 
[2021.10.26-03.15.29:269][  0]LogD3D11RHI:     Adapter Name: NVIDIA GeForce RTX 2060
[2021.10.26-03.15.29:269][  0]LogD3D11RHI:   Driver Version: 472.12 (internal:30.0.14.7212, unified:472.12)
[2021.10.26-03.15.29:269][  0]LogD3D11RHI:      Driver Date: 9-13-2021
[2021.10.26-03.15.29:269][  0]LogRHI: Texture pool is 4186 MB (70% of 5980 MB)
[2021.10.26-03.15.29:340][  0]LogD3D11RHI: RHI has support for 64 bit atomics
[2021.10.26-03.15.29:340][  0]LogD3D11RHI: Async texture creation enabled
[2021.10.26-03.15.29:358][  0]LogD3D11RHI: GPU Timing Frequency: 1000.000000 (Debug: 2 2)
[2021.10.26-03.15.29:608][  0]LogTargetPlatformManager: Display: Loaded TargetPlatform 'AllDesktop'
[2021.10.26-03.15.29:633][  0]LogTargetPlatformManager: Display: Loaded TargetPlatform 'Android'
[2021.10.26-03.15.29:633][  0]LogTargetPlatformManager: Display: Loaded TargetPlatform 'Android_ASTC'
[2021.10.26-03.15.29:633][  0]LogTargetPlatformManager: Display: Loaded TargetPlatform 'Android_ATC'
[2021.10.26-03.15.29:633][  0]LogTargetPlatformManager: Display: Loaded TargetPlatform 'Android_DXT'
[2021.10.26-03.15.29:633][  0]LogTargetPlatformManager: Display: Loaded TargetPlatform 'Android_ETC1'
[2021.10.26-03.15.29:633][  0]LogTargetPlatformManager: Display: Loaded TargetPlatform 'Android_ETC1a'
[2021.10.26-03.15.29:633][  0]LogTargetPlatformManager: Display: Loaded TargetPlatform 'Android_ETC2'
[2021.10.26-03.15.29:633][  0]LogTargetPlatformManager: Display: Loaded TargetPlatform 'Android_PVRTC'
[2021.10.26-03.15.29:633][  0]LogTargetPlatformManager: Display: Loaded TargetPlatform 'AndroidClient'
[2021.10.26-03.15.29:633][  0]LogTargetPlatformManager: Display: Loaded TargetPlatform 'Android_ASTCClient'
[2021.10.26-03.15.29:633][  0]LogTargetPlatformManager: Display: Loaded TargetPlatform 'Android_ATCClient'
[2021.10.26-03.15.29:633][  0]LogTargetPlatformManager: Display: Loaded TargetPlatform 'Android_DXTClient'
[2021.10.26-03.15.29:633][  0]LogTargetPlatformManager: Display: Loaded TargetPlatform 'Android_ETC1Client'
[2021.10.26-03.15.29:633][  0]LogTargetPlatformManager: Display: Loaded TargetPlatform 'Android_ETC1aClient'
[2021.10.26-03.15.29:633][  0]LogTargetPlatformManager: Display: Loaded TargetPlatform 'Android_ETC2Client'
[2021.10.26-03.15.29:633][  0]LogTargetPlatformManager: Display: Loaded TargetPlatform 'Android_PVRTCClient'
[2021.10.26-03.15.29:633][  0]LogTargetPlatformManager: Display: Loaded TargetPlatform 'Android_Multi'
[2021.10.26-03.15.29:633][  0]LogTargetPlatformManager: Display: Loaded TargetPlatform 'Android_MultiClient'
[2021.10.26-03.15.29:650][  0]LogTargetPlatformManager: Display: Loaded TargetPlatform 'IOSClient'
[2021.10.26-03.15.29:650][  0]LogTargetPlatformManager: Display: Loaded TargetPlatform 'IOS'
[2021.10.26-03.15.29:656][  0]LogTargetPlatformManager: Display: Loaded TargetPlatform 'LinuxNoEditor'
[2021.10.26-03.15.29:663][  0]LogTargetPlatformManager: Display: Loaded TargetPlatform 'LinuxClient'
[2021.10.26-03.15.29:671][  0]LogTargetPlatformManager: Display: Loaded TargetPlatform 'LinuxServer'
[2021.10.26-03.15.29:678][  0]LogTargetPlatformManager: Display: Loaded TargetPlatform 'LinuxAArch64NoEditor'
[2021.10.26-03.15.29:685][  0]LogTargetPlatformManager: Display: Loaded TargetPlatform 'LinuxAArch64Client'
[2021.10.26-03.15.29:691][  0]LogTargetPlatformManager: Display: Loaded TargetPlatform 'LinuxAArch64Server'
[2021.10.26-03.15.29:718][  0]LogTargetPlatformManager: Display: Loaded TargetPlatform 'Lumin'
[2021.10.26-03.15.29:718][  0]LogTargetPlatformManager: Display: Loaded TargetPlatform 'LuminClient'
[2021.10.26-03.15.29:731][  0]LogTargetPlatformManager: Display: Loaded TargetPlatform 'TVOSClient'
[2021.10.26-03.15.29:731][  0]LogTargetPlatformManager: Display: Loaded TargetPlatform 'TVOS'
[2021.10.26-03.15.29:738][  0]LogTargetPlatformManager: Display: Loaded TargetPlatform 'WindowsNoEditor'
[2021.10.26-03.15.29:745][  0]LogTargetPlatformManager: Display: Loaded TargetPlatform 'Windows'
[2021.10.26-03.15.29:752][  0]LogTargetPlatformManager: Display: Loaded TargetPlatform 'WindowsClient'
[2021.10.26-03.15.29:758][  0]LogTargetPlatformManager: Display: Loaded TargetPlatform 'WindowsServer'
[2021.10.26-03.15.29:758][  0]LogTargetPlatformManager: Display: Building Assets For Windows
[2021.10.26-03.15.29:760][  0]LogAudioDebug: Display: Lib vorbis DLL was dynamically loaded.
[2021.10.26-03.15.29:781][  0]LogShaderCompilers: Guid format shader working directory is 9 characters bigger than the processId version (D:/TeamProduction_New/Data/BioProject/Intermediate/Shaders/WorkingDirectory/3108/).
[2021.10.26-03.15.29:781][  0]LogShaderCompilers: Cleaned the shader compiler working directory 'C:/Users/0710t/AppData/Local/Temp/UnrealShaderWorkingDir/4F9A8A0C423CE96B93F6A4B8179C183E/'.
[2021.10.26-03.15.29:782][  0]LogXGEController: Cannot use XGE Controller as Incredibuild is not installed on this machine.
[2021.10.26-03.15.29:782][  0]LogShaderCompilers: Cannot use XGE Shader Compiler as Incredibuild is not installed on this machine.
[2021.10.26-03.15.29:782][  0]LogShaderCompilers: Display: Using Local Shader Compiler.
[2021.10.26-03.15.30:390][  0]LogDerivedDataCache: Display: Max Cache Size: 512 MB
[2021.10.26-03.15.30:506][  0]LogDerivedDataCache: Loaded boot cache 0.11s 250MB C:/Users/0710t/AppData/Local/UnrealEngine/4.24/DerivedDataCache/Boot.ddc.
[2021.10.26-03.15.30:506][  0]LogDerivedDataCache: Display: Loaded Boot cache: C:/Users/0710t/AppData/Local/UnrealEngine/4.24/DerivedDataCache/Boot.ddc
[2021.10.26-03.15.30:506][  0]LogDerivedDataCache: FDerivedDataBackendGraph:  Pak pak cache file D:/TeamProduction_New/Data/BioProject/DerivedDataCache/DDC.ddp not found, will not use a pak cache.
[2021.10.26-03.15.30:506][  0]LogDerivedDataCache: Unable to find inner node Pak for hierarchical cache Hierarchy.
[2021.10.26-03.15.30:506][  0]LogDerivedDataCache: FDerivedDataBackendGraph:  CompressedPak pak cache file D:/TeamProduction_New/Data/BioProject/DerivedDataCache/Compressed.ddp not found, will not use a pak cache.
[2021.10.26-03.15.30:506][  0]LogDerivedDataCache: Unable to find inner node CompressedPak for hierarchical cache Hierarchy.
[2021.10.26-03.15.30:514][  0]LogDerivedDataCache: Display: Pak cache opened for reading ../../../Engine/DerivedDataCache/Compressed.ddp.
[2021.10.26-03.15.30:514][  0]LogDerivedDataCache: FDerivedDataBackendGraph:  EnterprisePak pak cache file ../../../Enterprise/DerivedDataCache/Compressed.ddp not found, will not use a pak cache.
[2021.10.26-03.15.30:514][  0]LogDerivedDataCache: Unable to find inner node EnterprisePak for hierarchical cache Hierarchy.
[2021.10.26-03.15.30:515][  0]LogDerivedDataCache: Using Local data cache path C:/Users/0710t/AppData/Local/UnrealEngine/Common/DerivedDataCache: Writable
[2021.10.26-03.15.30:515][  0]LogDerivedDataCache: Shared data cache path not found in *engine.ini, will not use an Shared cache.
[2021.10.26-03.15.30:515][  0]LogDerivedDataCache: Unable to find inner node Shared for hierarchical cache Hierarchy.
[2021.10.26-03.15.30:535][  0]LogMaterial: Verifying Global Shaders for PCD3D_SM5
[2021.10.26-03.15.30:537][  0]LogSlate: Using FreeType 2.10.0
[2021.10.26-03.15.30:537][  0]LogSlate: SlateFontServices - WITH_FREETYPE: 1, WITH_HARFBUZZ: 1
[2021.10.26-03.15.30:578][  0]LogAssetRegistry: FAssetRegistry took 0.0022 seconds to start up
[2021.10.26-03.15.30:804][  0]LogInit: Selected Device Profile: [Windows]
[2021.10.26-03.15.30:931][  0]LogMeshReduction: Using QuadricMeshReduction for automatic static mesh reduction
[2021.10.26-03.15.30:931][  0]LogMeshReduction: Using SimplygonMeshReduction for automatic skeletal mesh reduction
[2021.10.26-03.15.30:931][  0]LogMeshReduction: Using ProxyLODMeshReduction for automatic mesh merging
[2021.10.26-03.15.30:931][  0]LogMeshReduction: No distributed automatic mesh merging module available
[2021.10.26-03.15.30:931][  0]LogMeshMerging: No distributed automatic mesh merging module available
[2021.10.26-03.15.30:944][  0]LogNetVersion: BioProject 1.0.0, NetCL: 10570792, EngineNetVer: 13, GameNetVer: 0 (Checksum: 1786095195)
[2021.10.26-03.15.31:735][  0]LogPackageLocalizationCache: Processed 12 localized package path(s) for 1 prioritized culture(s) in 0.043806 seconds
[2021.10.26-03.15.31:744][  0]LogUObjectArray: 46750 objects as part of root set at end of initial load.
[2021.10.26-03.15.31:744][  0]LogUObjectAllocator: 8137160 out of 0 bytes used by permanent object pool.
[2021.10.26-03.15.31:744][  0]LogUObjectArray: CloseDisregardForGC: 0/0 objects in disregard for GC pool
[2021.10.26-03.15.32:038][  0]LogPython: Using Python 2.7.14
[2021.10.26-03.15.32:593][  0]LogTcpMessaging: Initializing TcpMessaging bridge
[2021.10.26-03.15.32:612][  0]LogUdpMessaging: Initializing bridge on interface 0.0.0.0:0 to multicast group 230.0.0.1:6666.
[2021.10.26-03.15.32:686][  0]SourceControl: ソースコントロールは無効です
[2021.10.26-03.15.32:686][  0]SourceControl: ソースコントロールは無効です
[2021.10.26-03.15.32:687][  0]SourceControl: ソースコントロールは無効です
[2021.10.26-03.15.32:688][  0]SourceControl: ソースコントロールは無効です
[2021.10.26-03.15.32:688][  0]SourceControl: ソースコントロールは無効です
[2021.10.26-03.15.32:783][  0]LogAndroidPermission: UAndroidPermissionCallbackProxy::GetInstance
[2021.10.26-03.15.32:800][  0]LogAudioCaptureCore: Display: No Audio Capture implementations found. Audio input will be silent.
[2021.10.26-03.15.32:800][  0]LogAudioCaptureCore: Display: No Audio Capture implementations found. Audio input will be silent.
[2021.10.26-03.15.32:882][  0]LogOcInput: OculusInput pre-init called
[2021.10.26-03.15.32:889][  0]LogWindows: Failed to load 'OVRPlugin.dll' (GetLastError=126)
[2021.10.26-03.15.32:889][  0]LogWindows: File 'OVRPlugin.dll' does not exist
[2021.10.26-03.15.33:676][  0]LogEngine: Initializing Engine...
[2021.10.26-03.15.33:676][  0]LogHMD: Failed to initialize OpenVR with code 110
[2021.10.26-03.15.33:677][  0]LogStats: UGameplayTagsManager::InitializeManager -  0.000 s
[2021.10.26-03.15.33:931][  0]LogInit: Initializing FReadOnlyCVARCache
[2021.10.26-03.15.33:938][  0]LogAIModule: Creating AISystem for world Untitled
[2021.10.26-03.15.33:947][  0]LogAudioMixer: Display: Audio Mixer Platform Settings:
[2021.10.26-03.15.33:947][  0]LogAudioMixer: Display: 	Sample Rate:						  48000
[2021.10.26-03.15.33:947][  0]LogAudioMixer: Display: 	Callback Buffer Frame Size Requested: 1024
[2021.10.26-03.15.33:947][  0]LogAudioMixer: Display: 	Callback Buffer Frame Size To Use:	  1024
[2021.10.26-03.15.33:947][  0]LogAudioMixer: Display: 	Number of buffers to queue:			  2
[2021.10.26-03.15.33:947][  0]LogAudioMixer: Display: 	Max Channels (voices):				  32
[2021.10.26-03.15.33:947][  0]LogAudioMixer: Display: 	Number of Async Source Workers:		  0
[2021.10.26-03.15.33:947][  0]LogAudio: Display: AudioDevice MaxSources: 32
[2021.10.26-03.15.33:947][  0]LogAudio: Display: Using built-in audio occlusion.
[2021.10.26-03.15.33:947][  0]LogAudioMixer: Display: Initializing audio mixer.
[2021.10.26-03.15.33:966][  0]LogAudioMixer: Display: Audio Device Output Speaker Info:
[2021.10.26-03.15.33:967][  0]LogAudioMixer: Display: Name: スピーカー / ヘッドフォン (Realtek(R) Audio)
[2021.10.26-03.15.33:967][  0]LogAudioMixer: Display: Is Default: Yes
[2021.10.26-03.15.33:967][  0]LogAudioMixer: Display: Sample Rate: 48000
[2021.10.26-03.15.33:967][  0]LogAudioMixer: Display: Channel Count Used: 2
[2021.10.26-03.15.33:967][  0]LogAudioMixer: Display: Device Channel Count: 2
[2021.10.26-03.15.33:967][  0]LogAudioMixer: Display: Channel Order:
[2021.10.26-03.15.33:967][  0]LogAudioMixer: Display: 0: FrontLeft
[2021.10.26-03.15.33:967][  0]LogAudioMixer: Display: 1: FrontRight
[2021.10.26-03.15.34:011][  0]LogAudioMixer: Display: Using Audio Device スピーカー / ヘッドフォン (Realtek(R) Audio)
[2021.10.26-03.15.34:015][  0]LogInit: FAudioDevice initialized.
[2021.10.26-03.15.34:015][  0]LogNetVersion: Set ProjectVersion to 1.0.0.0. Version Checksum will be recalculated on next use.
[2021.10.26-03.15.34:075][  0]LogDerivedDataCache: Saved boot cache 0.06s 85MB C:/Users/0710t/AppData/Local/UnrealEngine/4.24/DerivedDataCache/Boot.ddc.
[2021.10.26-03.15.34:076][  0]LogInit: Texture streaming: Enabled
[2021.10.26-03.15.34:089][  0]LogEngineSessionManager: EngineSessionManager initialized
[2021.10.26-03.15.34:089][  0]LogEditorSessionSummary: Verbose: Initializing EditorSessionSummaryWriter for editor session tracking
[2021.10.26-03.15.34:096][  0]LogEditorSessionSummary: EditorSessionSummaryWriter initialized
[2021.10.26-03.15.34:108][  0]LogInit: Transaction tracking system initialized
[2021.10.26-03.15.34:115][  0]BlueprintLog: New page: エディタの読み込み
[2021.10.26-03.15.34:157][  0]LocalizationService: ローカライズのサービスが無効になりました
[2021.10.26-03.15.34:387][  0]LogFileCache: Scanning file cache for directory 'D:/TeamProduction_New/Data/BioProject/Content/' took 0.00s
[2021.10.26-03.15.34:387][  0]LogCook: Display: Max memory allowance for cook 16384mb min free memory 0mb
[2021.10.26-03.15.34:388][  0]LogCook: Display: Mobile HDR setting 1
[2021.10.26-03.15.34:866][  0]SourceControl: ソースコントロールは無効です
[2021.10.26-03.15.34:866][  0]Cmd: MAP LOAD FILE="../../../Engine/Content/Maps/Templates/Template_Default.umap" TEMPLATE=1 SHOWPROGRESS=1 FEATURELEVEL=3
[2021.10.26-03.15.34:866][  0]LightingResults: New page: ライティングのビルド
[2021.10.26-03.15.34:867][  0]LogWorld: UWorld::CleanupWorld for Untitled, bSessionEnded=true, bCleanupResources=true
[2021.10.26-03.15.34:867][  0]LogSlate: InvalidateAllWidgets triggered.  All widgets were invalidated
[2021.10.26-03.15.34:867][  0]MapCheck: New page: マップをチェック
[2021.10.26-03.15.34:867][  0]LightingResults: New page: <何も選択されていません>
[2021.10.26-03.15.34:894][  0]LogUObjectHash: Compacting FUObjectHashTables data took   2.05ms
[2021.10.26-03.15.34:953][  0]LogAIModule: Creating AISystem for world Untitled_1
[2021.10.26-03.15.34:956][  0]LogEditorServer: Finished looking for orphan Actors (0.000 secs)
[2021.10.26-03.15.34:981][  0]LogUObjectHash: Compacting FUObjectHashTables data took   1.88ms
[2021.10.26-03.15.34:981][  0]Cmd: MAP CHECKDEP NOCLEARLOG
[2021.10.26-03.15.34:981][  0]MapCheck: マップチェックが完了: 0 エラー、 0 警告、完了に 0.082ミリ秒かかりました。
[2021.10.26-03.15.34:981][  0]LogFileHelpers: Loading map 'Template_Default' took 0.115
[2021.10.26-03.15.35:048][  0]LogWindowsTextInputMethodSystem: Display: IME system now activated using TSF (Microsoft IME).
[2021.10.26-03.15.35:079][  0]LogSlate: Updating window title bar state: overlay mode, drag disabled, window buttons hidden, title bar hidden
[2021.10.26-03.15.35:084][  0]LogSlate: Updating window title bar state: overlay mode, drag disabled, window buttons hidden, title bar hidden
[2021.10.26-03.15.35:089][  0]LogSlate: Updating window title bar state: overlay mode, drag disabled, window buttons hidden, title bar hidden
[2021.10.26-03.15.35:094][  0]LogSlate: Updating window title bar state: overlay mode, drag disabled, window buttons hidden, title bar hidden
[2021.10.26-03.15.35:098][  0]LogCollectionManager: Loaded 0 collections in 0.001281 seconds
[2021.10.26-03.15.35:110][  0]LogFileCache: Scanning file cache for directory 'D:/TeamProduction_New/Data/BioProject/Saved/Collections/' took 0.00s
[2021.10.26-03.15.35:110][  0]LogFileCache: Scanning file cache for directory 'D:/TeamProduction_New/Data/BioProject/Content/Developers/0710t/Collections/' took 0.00s
[2021.10.26-03.15.35:110][  0]LogFileCache: Scanning file cache for directory 'D:/TeamProduction_New/Data/BioProject/Content/Collections/' took 0.00s
[2021.10.26-03.15.35:110][  0]LogContentBrowser: Native class hierarchy populated in 0.0064 seconds. Added 3039 classes and 729 folders.
[2021.10.26-03.15.35:112][  0]LogContentBrowser: Native class hierarchy updated for 'WidgetCarousel' in 0.0002 seconds. Added 0 classes and 0 folders.
[2021.10.26-03.15.35:147][  0]LogContentBrowser: Native class hierarchy updated for 'AddContentDialog' in 0.0002 seconds. Added 0 classes and 0 folders.
[2021.10.26-03.15.35:152][  0]LogContentBrowser: Native class hierarchy updated for 'SceneOutliner' in 0.0003 seconds. Added 2 classes and 3 folders.
[2021.10.26-03.15.35:217][  0]LogSlate: Took 0.000186 seconds to synchronously load lazily loaded font '../../../Engine/Content/Slate/Fonts/Roboto-Regular.ttf' (155K)
[2021.10.26-03.15.35:218][  0]LogSlate: Took 0.000284 seconds to synchronously load lazily loaded font '../../../Engine/Content/Editor/Slate/Fonts/GenEiGothicPro-Regular.otf' (707K)
[2021.10.26-03.15.35:218][  0]LogSlate: Took 0.000201 seconds to synchronously load lazily loaded font '../../../Engine/Content/Editor/Slate/Fonts/GenEiGothicPro-Bold.otf' (698K)
[2021.10.26-03.15.35:219][  0]LogSlate: Took 0.000086 seconds to synchronously load lazily loaded font '../../../Engine/Content/Slate/Fonts/Roboto-Bold.ttf' (160K)
[2021.10.26-03.15.35:221][  0]LogSlate: Took 0.000507 seconds to synchronously load lazily loaded font '../../../Engine/Content/Editor/Slate/Fonts/FontAwesome.ttf' (139K)
[2021.10.26-03.15.35:275][  0]LogRenderer: Reallocating scene render targets to support 1152x488 Format 10 NumSamples 1 (Frame:1).
[2021.10.26-03.15.35:423][  0]LogContentBrowser: Native class hierarchy updated for 'HierarchicalLODOutliner' in 0.0003 seconds. Added 0 classes and 0 folders.
[2021.10.26-03.15.35:423][  0]LogLoad: (Engine Initialization) Total time: 7.45 seconds
[2021.10.26-03.15.35:423][  0]LogLoad: (Engine Initialization) Total Blueprint compile time: 0.00 seconds
[2021.10.26-03.15.35:454][  0]LogContentStreaming: Texture pool size now 1000 MB
[2021.10.26-03.15.37:781][201]LogAssetRegistry: Asset discovery search completed in 7.2033 seconds
[2021.10.26-03.15.37:785][201]LogCollectionManager: Fixed up redirectors for 0 collections in 0.000006 seconds (updated 0 objects)
[2021.10.26-03.15.48:549][944]LogSlate: Took 0.000149 seconds to synchronously load lazily loaded font '../../../Engine/Content/Slate/Fonts/Roboto-Light.ttf' (167K)
[2021.10.26-03.16.19:091][231]LogSlate: Took 0.000233 seconds to synchronously load lazily loaded font '../../../Engine/Content/Editor/Slate/Fonts/GenEiGothicPro-SemiBold.otf' (703K)
[2021.10.26-03.16.19:096][231]LogSlate: Took 0.004810 seconds to synchronously load lazily loaded font '../../../Engine/Content/Editor/Slate/Fonts/GenEiGothicPro-Heavy.otf' (704K)
[2021.10.26-03.16.19:096][231]LogSlate: Took 0.000191 seconds to synchronously load lazily loaded font '../../../Engine/Content/Editor/Slate/Fonts/GenEiGothicPro-Light.otf' (713K)
[2021.10.26-03.16.19:104][231]LogSlate: Took 0.007287 seconds to synchronously load lazily loaded font '../../../Engine/Content/Slate/Fonts/DroidSansFallback.ttf' (3848K)
[2021.10.26-03.17.14:314][ 56]LogUObjectHash: Compacting FUObjectHashTables data took   0.78ms
[2021.10.26-03.17.14:324][ 56]LogSlate: Window 'BioProject - Unreal Editor' being destroyed
[2021.10.26-03.17.14:391][ 57]Cmd: QUIT_EDITOR
[2021.10.26-03.17.14:391][ 57]LogCore: Engine exit requested (reason: UUnrealEdEngine::CloseEditor())
[2021.10.26-03.17.14:396][ 57]LogCore: Engine exit requested (reason: EngineExit() was called; note: exit was already requested)
[2021.10.26-03.17.14:396][ 57]LogAudioMixer: Display: No commands were queued while flushing the source manager.
[2021.10.26-03.17.14:405][ 57]LogWindowsTextInputMethodSystem: Display: IME system now activated using TSF (Microsoft IME).
[2021.10.26-03.17.14:411][ 57]LogExit: Preparing to exit.
[2021.10.26-03.17.14:700][ 57]LogUObjectHash: Compacting FUObjectHashTables data took   3.96ms
[2021.10.26-03.17.14:790][ 57]LogDemo: Cleaned up 0 splitscreen connections with owner deletion
[2021.10.26-03.17.14:799][ 57]LogWorld: UWorld::CleanupWorld for None, bSessionEnded=true, bCleanupResources=true
[2021.10.26-03.17.14:799][ 57]LogExit: Editor shut down
[2021.10.26-03.17.14:800][ 57]LogExit: Transaction tracking system shut down
[2021.10.26-03.17.14:976][ 57]LogExit: Object subsystem successfully closed.
[2021.10.26-03.17.14:992][ 57]LogShaderCompilers: Display: Shaders left to compile 0
[2021.10.26-03.17.15:018][ 57]LogModuleManager: Shutting down and abandoning module HierarchicalLODOutliner (714)
[2021.10.26-03.17.15:018][ 57]LogModuleManager: Shutting down and abandoning module SceneOutliner (712)
[2021.10.26-03.17.15:018][ 57]LogModuleManager: Shutting down and abandoning module AddContentDialog (710)
[2021.10.26-03.17.15:018][ 57]LogModuleManager: Shutting down and abandoning module WidgetCarousel (709)
[2021.10.26-03.17.15:018][ 57]LogModuleManager: Shutting down and abandoning module EditorWidgets (706)
[2021.10.26-03.17.15:018][ 57]LogModuleManager: Shutting down and abandoning module CollectionManager (704)
[2021.10.26-03.17.15:018][ 57]LogModuleManager: Shutting down and abandoning module HierarchicalLODUtilities (702)
[2021.10.26-03.17.15:018][ 57]LogModuleManager: Shutting down and abandoning module StatsViewer (700)
[2021.10.26-03.17.15:018][ 57]LogModuleManager: Shutting down and abandoning module VirtualTexturingEditor (698)
[2021.10.26-03.17.15:018][ 57]LogModuleManager: Shutting down and abandoning module FoliageEdit (696)
[2021.10.26-03.17.15:018][ 57]LogModuleManager: Shutting down and abandoning module LandscapeEditor (694)
[2021.10.26-03.17.15:018][ 57]LogModuleManager: Shutting down and abandoning module MeshPaintMode (692)
[2021.10.26-03.17.15:018][ 57]LogModuleManager: Shutting down and abandoning module SceneDepthPickerMode (690)
[2021.10.26-03.17.15:018][ 57]LogModuleManager: Shutting down and abandoning module ActorPickerMode (688)
[2021.10.26-03.17.15:018][ 57]LogModuleManager: Shutting down and abandoning module GeometryMode (686)
[2021.10.26-03.17.15:018][ 57]LogModuleManager: Shutting down and abandoning module TextureAlignMode (684)
[2021.10.26-03.17.15:018][ 57]LogModuleManager: Shutting down and abandoning module BspMode (682)
[2021.10.26-03.17.15:018][ 57]LogModuleManager: Shutting down and abandoning module PIEPreviewDeviceProfileSelector (680)
[2021.10.26-03.17.15:019][ 57]LogModuleManager: Shutting down and abandoning module SequenceRecorderSections (678)
[2021.10.26-03.17.15:019][ 57]LogModuleManager: Shutting down and abandoning module AutomationWorker (676)
[2021.10.26-03.17.15:019][ 57]LogModuleManager: Shutting down and abandoning module SteamVREditor (674)
[2021.10.26-03.17.15:019][ 57]LogModuleManager: Shutting down and abandoning module OculusMR (672)
[2021.10.26-03.17.15:019][ 57]LogModuleManager: Shutting down and abandoning module AudioCaptureEditor (670)
[2021.10.26-03.17.15:019][ 57]LogModuleManager: Shutting down and abandoning module MatineeToLevelSequence (668)
[2021.10.26-03.17.15:019][ 57]LogModuleManager: Shutting down and abandoning module LevelSequenceEditor (666)
[2021.10.26-03.17.15:019][ 57]LogModuleManager: Shutting down and abandoning module PlacementMode (665)
[2021.10.26-03.17.15:019][ 57]LogModuleManager: Shutting down and abandoning module MaterialEditor (664)
[2021.10.26-03.17.15:019][ 57]LogModuleManager: Shutting down and abandoning module ActorSequenceEditor (660)
[2021.10.26-03.17.15:019][ 57]LogModuleManager: Shutting down and abandoning module WmfMediaFactory (658)
[2021.10.26-03.17.15:019][ 57]LogModuleManager: Shutting down and abandoning module WmfMediaEditor (656)
[2021.10.26-03.17.15:019][ 57]LogModuleManager: Shutting down and abandoning module WebMMediaFactory (654)
[2021.10.26-03.17.15:019][ 57]LogModuleManager: Shutting down and abandoning module WebMMediaEditor (652)
[2021.10.26-03.17.15:019][ 57]LogModuleManager: Shutting down and abandoning module WebMMedia (650)
[2021.10.26-03.17.15:019][ 57]LogModuleManager: Shutting down and abandoning module MediaPlayerEditor (648)
[2021.10.26-03.17.15:019][ 57]LogModuleManager: Shutting down and abandoning module MediaCompositingEditor (646)
[2021.10.26-03.17.15:019][ 57]LogModuleManager: Shutting down and abandoning module SequenceRecorder (645)
[2021.10.26-03.17.15:019][ 57]LogModuleManager: Shutting down and abandoning module OpenExrWrapper (642)
[2021.10.26-03.17.15:019][ 57]LogModuleManager: Shutting down and abandoning module ImgMediaFactory (640)
[2021.10.26-03.17.15:019][ 57]LogModuleManager: Shutting down and abandoning module ImgMediaEditor (638)
[2021.10.26-03.17.15:019][ 57]LogModuleManager: Shutting down and abandoning module AvfMediaFactory (636)
[2021.10.26-03.17.15:019][ 57]LogModuleManager: Shutting down and abandoning module AvfMediaEditor (634)
[2021.10.26-03.17.15:019][ 57]LogModuleManager: Shutting down and abandoning module AndroidMediaFactory (632)
[2021.10.26-03.17.15:019][ 57]LogModuleManager: Shutting down and abandoning module AndroidMediaEditor (630)
[2021.10.26-03.17.15:019][ 57]LogModuleManager: Shutting down and abandoning module MagicLeapMediaCodecFactory (628)
[2021.10.26-03.17.15:019][ 57]LogModuleManager: Shutting down and abandoning module MagicLeapMediaFactory (626)
[2021.10.26-03.17.15:019][ 57]LogModuleManager: Shutting down and abandoning module MagicLeapMediaEditor (624)
[2021.10.26-03.17.15:019][ 57]LogModuleManager: Shutting down and abandoning module CharacterAI (622)
[2021.10.26-03.17.15:019][ 57]LogModuleManager: Shutting down and abandoning module SmartSnapping (620)
[2021.10.26-03.17.15:019][ 57]LogModuleManager: Shutting down and abandoning module SessionServices (618)
[2021.10.26-03.17.15:019][ 57]LogModuleManager: Shutting down and abandoning module MeshPaint (616)
[2021.10.26-03.17.15:019][ 57]LogModuleManager: Shutting down and abandoning module ViewportSnapping (614)
[2021.10.26-03.17.15:019][ 57]LogModuleManager: Shutting down and abandoning module ViewportInteraction (612)
[2021.10.26-03.17.15:019][ 57]LogModuleManager: Shutting down and abandoning module ClothPainter (610)
[2021.10.26-03.17.15:019][ 57]LogModuleManager: Shutting down and abandoning module SkeletalMeshEditor (609)
[2021.10.26-03.17.15:019][ 57]LogModuleManager: Shutting down and abandoning module LogVisualizer (606)
[2021.10.26-03.17.15:019][ 57]LogModuleManager: Shutting down and abandoning module IntroTutorials (604)
[2021.10.26-03.17.15:019][ 57]LogModuleManager: Shutting down and abandoning module GameProjectGeneration (603)
[2021.10.26-03.17.15:019][ 57]LogModuleManager: Shutting down and abandoning module LuminPlatformEditor (600)
[2021.10.26-03.17.15:019][ 57]LogModuleManager: Shutting down and abandoning module IOSPlatformEditor (598)
[2021.10.26-03.17.15:019][ 57]LogModuleManager: Shutting down and abandoning module AndroidPlatformEditor (596)
[2021.10.26-03.17.15:020][ 57]LogModuleManager: Shutting down and abandoning module AndroidDeviceDetection (595)
[2021.10.26-03.17.15:261][ 57]LogModuleManager: Shutting down and abandoning module WindowsPlatformEditor (592)
[2021.10.26-03.17.15:261][ 57]LogModuleManager: Shutting down and abandoning module LuminRuntimeSettings (590)
[2021.10.26-03.17.15:261][ 57]LogModuleManager: Shutting down and abandoning module IOSRuntimeSettings (588)
[2021.10.26-03.17.15:261][ 57]LogModuleManager: Shutting down and abandoning module AndroidRuntimeSettings (586)
[2021.10.26-03.17.15:261][ 57]LogModuleManager: Shutting down and abandoning module EditorInteractiveToolsFramework (584)
[2021.10.26-03.17.15:261][ 57]LogModuleManager: Shutting down and abandoning module TimeManagementEditor (582)
[2021.10.26-03.17.15:261][ 57]LogModuleManager: Shutting down and abandoning module InputBindingEditor (580)
[2021.10.26-03.17.15:261][ 57]LogModuleManager: Shutting down and abandoning module MergeActors (578)
[2021.10.26-03.17.15:261][ 57]LogModuleManager: Shutting down and abandoning module LocalizationDashboard (576)
[2021.10.26-03.17.15:261][ 57]LogModuleManager: Shutting down and abandoning module LocalizationService (575)
[2021.10.26-03.17.15:261][ 57]LogModuleManager: Shutting down and abandoning module HardwareTargeting (572)
[2021.10.26-03.17.15:261][ 57]LogModuleManager: Shutting down and abandoning module DeviceProfileEditor (570)
[2021.10.26-03.17.15:261][ 57]LogModuleManager: Shutting down and abandoning module UndoHistory (568)
[2021.10.26-03.17.15:261][ 57]LogModuleManager: Shutting down and abandoning module XmlParser (566)
[2021.10.26-03.17.15:261][ 57]LogModuleManager: Shutting down and abandoning module Blutility (564)
[2021.10.26-03.17.15:261][ 57]LogModuleManager: Shutting down and abandoning module ProjectSettingsViewer (562)
[2021.10.26-03.17.15:262][ 57]LogModuleManager: Shutting down and abandoning module ProjectTargetPlatformEditor (561)
[2021.10.26-03.17.15:262][ 57]LogModuleManager: Shutting down and abandoning module EditorSettingsViewer (558)
[2021.10.26-03.17.15:262][ 57]LogModuleManager: Shutting down and abandoning module SettingsEditor (556)
[2021.10.26-03.17.15:262][ 57]LogModuleManager: Shutting down and abandoning module ProjectLauncher (554)
[2021.10.26-03.17.15:262][ 57]LogModuleManager: Shutting down and abandoning module SessionFrontend (552)
[2021.10.26-03.17.15:262][ 57]LogModuleManager: Shutting down and abandoning module ProfilerClient (550)
[2021.10.26-03.17.15:262][ 57]LogModuleManager: Shutting down and abandoning module DeviceManager (548)
[2021.10.26-03.17.15:262][ 57]LogModuleManager: Shutting down and abandoning module TargetDeviceServices (547)
[2021.10.26-03.17.15:295][ 57]LogModuleManager: Shutting down and abandoning module AutomationController (544)
[2021.10.26-03.17.15:295][ 57]LogModuleManager: Shutting down and abandoning module AutomationWindow (542)
[2021.10.26-03.17.15:295][ 57]LogModuleManager: Shutting down and abandoning module Layers (540)
[2021.10.26-03.17.15:295][ 57]LogModuleManager: Shutting down and abandoning module ComponentVisualizers (538)
[2021.10.26-03.17.15:295][ 57]LogModuleManager: Shutting down and abandoning module DetailCustomizations (536)
[2021.10.26-03.17.15:295][ 57]LogModuleManager: Shutting down and abandoning module PackagesDialog (534)
[2021.10.26-03.17.15:295][ 57]LogModuleManager: Shutting down and abandoning module AnimationBlueprintEditor (532)
[2021.10.26-03.17.15:295][ 57]LogModuleManager: Shutting down and abandoning module Persona (530)
[2021.10.26-03.17.15:295][ 57]LogModuleManager: Shutting down and abandoning module AdvancedPreviewScene (529)
[2021.10.26-03.17.15:295][ 57]LogModuleManager: Shutting down and abandoning module AnimGraph (527)
[2021.10.26-03.17.15:295][ 57]LogModuleManager: Shutting down and abandoning module Kismet (524)
[2021.10.26-03.17.15:295][ 57]LogModuleManager: Shutting down and abandoning module KismetWidgets (523)
[2021.10.26-03.17.15:295][ 57]LogModuleManager: Shutting down and abandoning module GraphEditor (520)
[2021.10.26-03.17.15:295][ 57]LogModuleManager: Shutting down and abandoning module StructViewer (518)
[2021.10.26-03.17.15:295][ 57]LogModuleManager: Shutting down and abandoning module ClassViewer (516)
[2021.10.26-03.17.15:295][ 57]LogModuleManager: Shutting down and abandoning module Toolbox (514)
[2021.10.26-03.17.15:295][ 57]LogModuleManager: Shutting down and abandoning module ModuleUI (512)
[2021.10.26-03.17.15:295][ 57]LogModuleManager: Shutting down and abandoning module OutputLog (510)
[2021.10.26-03.17.15:295][ 57]LogModuleManager: Shutting down and abandoning module GammaUI (508)
[2021.10.26-03.17.15:295][ 57]LogModuleManager: Shutting down and abandoning module Documentation (506)
[2021.10.26-03.17.15:295][ 57]LogModuleManager: Shutting down and abandoning module ToolMenus (504)
[2021.10.26-03.17.15:295][ 57]LogModuleManager: Shutting down and abandoning module LiveCoding (502)
[2021.10.26-03.17.15:295][ 57]LogModuleManager: Shutting down and abandoning module LevelSequence (500)
[2021.10.26-03.17.15:295][ 57]LogModuleManager: Shutting down and abandoning module MovieSceneTracks (498)
[2021.10.26-03.17.15:295][ 57]LogModuleManager: Shutting down and abandoning module MovieScene (496)
[2021.10.26-03.17.15:295][ 57]LogModuleManager: Shutting down and abandoning module StreamingPauseRendering (494)
[2021.10.26-03.17.15:295][ 57]LogModuleManager: Shutting down and abandoning module LauncherPlatform (492)
[2021.10.26-03.17.15:296][ 57]LogModuleManager: Shutting down and abandoning module AnalyticsET (490)
[2021.10.26-03.17.15:296][ 57]LogModuleManager: Shutting down and abandoning module PortalServices (488)
[2021.10.26-03.17.15:296][ 57]LogModuleManager: Shutting down and abandoning module PortalRpc (486)
[2021.10.26-03.17.15:296][ 57]LogModuleManager: Shutting down and abandoning module MessagingRpc (484)
[2021.10.26-03.17.15:296][ 57]LogModuleManager: Shutting down and abandoning module AudioMixerXAudio2 (482)
[2021.10.26-03.17.15:296][ 57]LogModuleManager: Shutting down and abandoning module AIModule (480)
[2021.10.26-03.17.15:296][ 57]LogModuleManager: Shutting down and abandoning module GameplayDebugger (479)
[2021.10.26-03.17.15:296][ 57]LogModuleManager: Shutting down and abandoning module AITestSuite (477)
[2021.10.26-03.17.15:296][ 57]LogModuleManager: Shutting down and abandoning module NavigationSystem (475)
[2021.10.26-03.17.15:296][ 57]LogModuleManager: Shutting down and abandoning module ImageWriteQueue (472)
[2021.10.26-03.17.15:300][ 57]LogModuleManager: Shutting down and abandoning module ProfilerService (470)
[2021.10.26-03.17.15:510][ 57]LogModuleManager: Shutting down and abandoning module TaskGraph (468)
[2021.10.26-03.17.15:510][ 57]LogModuleManager: Shutting down and abandoning module MegascansPlugin (466)
[2021.10.26-03.17.15:510][ 57]LogModuleManager: Shutting down and abandoning module ScreenshotTools (464)
[2021.10.26-03.17.15:510][ 57]LogModuleManager: Shutting down and abandoning module ProceduralMeshComponentEditor (462)
[2021.10.26-03.17.15:510][ 57]LogModuleManager: Shutting down and abandoning module ProceduralMeshComponent (460)
[2021.10.26-03.17.15:510][ 57]LogModuleManager: Shutting down and abandoning module OculusEditor (458)
[2021.10.26-03.17.15:510][ 57]LogModuleManager: Shutting down and abandoning module OculusInput (456)
[2021.10.26-03.17.15:510][ 57]LogModuleManager: Shutting down and abandoning module MobilePatchingUtils (454)
[2021.10.26-03.17.15:510][ 57]LogModuleManager: Shutting down and abandoning module EditableMesh (452)
[2021.10.26-03.17.15:510][ 57]LogModuleManager: Shutting down and abandoning module SQLiteSupport (450)
[2021.10.26-03.17.15:510][ 57]LogModuleManager: Shutting down and abandoning module DatabaseSupport (448)
[2021.10.26-03.17.15:510][ 57]LogModuleManager: Shutting down and abandoning module CustomMeshComponent (446)
[2021.10.26-03.17.15:510][ 57]LogModuleManager: Shutting down and abandoning module CableComponent (444)
[2021.10.26-03.17.15:510][ 57]LogModuleManager: Shutting down and abandoning module AudioCapture (442)
[2021.10.26-03.17.15:510][ 57]LogModuleManager: Shutting down and abandoning module AudioCaptureRtAudio (441)
[2021.10.26-03.17.15:510][ 57]LogModuleManager: Shutting down and abandoning module AssetTags (438)
[2021.10.26-03.17.15:510][ 57]LogModuleManager: Shutting down and abandoning module ArchVisCharacter (436)
[2021.10.26-03.17.15:510][ 57]LogModuleManager: Shutting down and abandoning module AppleImageUtilsBlueprintSupport (434)
[2021.10.26-03.17.15:510][ 57]LogModuleManager: Shutting down and abandoning module AppleImageUtils (432)
[2021.10.26-03.17.15:511][ 57]LogModuleManager: Shutting down and abandoning module AndroidPermission (430)
[2021.10.26-03.17.15:511][ 57]LogModuleManager: Shutting down and abandoning module NUTUnrealEngine4 (428)
[2021.10.26-03.17.15:511][ 57]LogModuleManager: Shutting down and abandoning module NetcodeUnitTest (426)
[2021.10.26-03.17.15:511][ 57]LogModuleManager: Shutting down and abandoning module MediaCompositing (424)
[2021.10.26-03.17.15:511][ 57]LogModuleManager: Shutting down and abandoning module ImgMedia (422)
[2021.10.26-03.17.15:511][ 57]LogModuleManager: Shutting down and abandoning module MagicLeapHelperVulkan (420)
[2021.10.26-03.17.15:511][ 57]LogModuleManager: Shutting down and abandoning module MagicLeapHelperOpenGL (418)
[2021.10.26-03.17.15:511][ 57]LogModuleManager: Shutting down and abandoning module MagicLeapAudio (416)
[2021.10.26-03.17.15:511][ 57]LogModuleManager: Shutting down and abandoning module GeometryCacheTracks (414)
[2021.10.26-03.17.15:511][ 57]LogModuleManager: Shutting down and abandoning module GeometryCacheSequencer (412)
[2021.10.26-03.17.15:511][ 57]LogModuleManager: Shutting down and abandoning module BackChannel (410)
[2021.10.26-03.17.15:511][ 57]LogModuleManager: Shutting down and abandoning module AutomationUtilsEditor (408)
[2021.10.26-03.17.15:511][ 57]LogModuleManager: Shutting down and abandoning module AutomationUtils (406)
[2021.10.26-03.17.15:511][ 57]LogModuleManager: Shutting down and abandoning module AlembicImporter (404)
[2021.10.26-03.17.15:511][ 57]LogModuleManager: Shutting down and abandoning module AlembicLibrary (403)
[2021.10.26-03.17.15:511][ 57]LogModuleManager: Shutting down and abandoning module GeometryCache (402)
[2021.10.26-03.17.15:511][ 57]LogModuleManager: Shutting down and abandoning module GeometryCacheEd (401)
[2021.10.26-03.17.15:511][ 57]LogModuleManager: Shutting down and abandoning module VariantManagerContentEditor (396)
[2021.10.26-03.17.15:511][ 57]LogModuleManager: Shutting down and abandoning module DatasmithContentEditor (394)
[2021.10.26-03.17.15:511][ 57]LogModuleManager: Shutting down and abandoning module SpeedTreeImporter (392)
[2021.10.26-03.17.15:511][ 57]LogModuleManager: Shutting down and abandoning module PluginBrowser (390)
[2021.10.26-03.17.15:511][ 57]LogModuleManager: Shutting down and abandoning module MobileLauncherProfileWizard (388)
[2021.10.26-03.17.15:511][ 57]LogModuleManager: Shutting down and abandoning module MaterialAnalyzer (386)
[2021.10.26-03.17.15:511][ 57]LogModuleManager: Shutting down and abandoning module EditorScriptingUtilities (384)
[2021.10.26-03.17.15:511][ 57]LogModuleManager: Shutting down and abandoning module CurveEditorTools (382)
[2021.10.26-03.17.15:511][ 57]LogModuleManager: Shutting down and abandoning module CryptoKeysOpenSSL (380)
[2021.10.26-03.17.15:511][ 57]LogModuleManager: Shutting down and abandoning module CryptoKeys (378)
[2021.10.26-03.17.15:511][ 57]LogModuleManager: Shutting down and abandoning module VisualStudioSourceCodeAccess (376)
[2021.10.26-03.17.15:511][ 57]LogModuleManager: Shutting down and abandoning module VisualStudioCodeSourceCodeAccess (374)
[2021.10.26-03.17.15:511][ 57]LogModuleManager: Shutting down and abandoning module UObjectPlugin (372)
[2021.10.26-03.17.15:511][ 57]LogModuleManager: Shutting down and abandoning module SubversionSourceControl (370)
[2021.10.26-03.17.15:511][ 57]LogModuleManager: Shutting down and abandoning module PlasticSourceControl (368)
[2021.10.26-03.17.15:511][ 57]LogModuleManager: Shutting down and abandoning module PerforceSourceControl (366)
[2021.10.26-03.17.15:511][ 57]LogModuleManager: Shutting down and abandoning module GitSourceControl (364)
[2021.10.26-03.17.15:511][ 57]LogModuleManager: Shutting down and abandoning module SourceControl (363)
[2021.10.26-03.17.15:511][ 57]LogModuleManager: Shutting down and abandoning module CLionSourceCodeAccess (360)
[2021.10.26-03.17.15:511][ 57]LogModuleManager: Shutting down and abandoning module AnimationSharingEd (358)
[2021.10.26-03.17.15:511][ 57]LogModuleManager: Shutting down and abandoning module ActorLayerUtilitiesEditor (356)
[2021.10.26-03.17.15:511][ 57]LogModuleManager: Shutting down and abandoning module ActorLayerUtilities (354)
[2021.10.26-03.17.15:511][ 57]LogModuleManager: Shutting down and abandoning module LightPropagationVolumeEditor (352)
[2021.10.26-03.17.15:511][ 57]LogModuleManager: Shutting down and abandoning module PaperTiledImporter (350)
[2021.10.26-03.17.15:511][ 57]LogModuleManager: Shutting down and abandoning module PaperSpriteSheetImporter (348)
[2021.10.26-03.17.15:511][ 57]LogModuleManager: Shutting down and abandoning module Paper2DEditor (346)
[2021.10.26-03.17.15:511][ 57]LogModuleManager: Shutting down and abandoning module BioProject (344)
[2021.10.26-03.17.15:511][ 57]LogModuleManager: Shutting down and abandoning module SignificanceManager (342)
[2021.10.26-03.17.15:511][ 57]LogModuleManager: Shutting down and abandoning module RuntimePhysXCooking (340)
[2021.10.26-03.17.15:511][ 57]LogModuleManager: Shutting down and abandoning module PhysXVehiclesEditor (338)
[2021.10.26-03.17.15:511][ 57]LogModuleManager: Shutting down and abandoning module LocationServicesBPLibrary (334)
[2021.10.26-03.17.15:511][ 57]LogModuleManager: Shutting down and abandoning module SQLiteCore (332)
[2021.10.26-03.17.15:511][ 57]LogModuleManager: Shutting down and abandoning module ActorSequence (330)
[2021.10.26-03.17.15:511][ 57]LogModuleManager: Shutting down and abandoning module UdpMessaging (328)
[2021.10.26-03.17.15:612][ 57]LogModuleManager: Shutting down and abandoning module TcpMessaging (326)
[2021.10.26-03.17.15:712][ 57]LogModuleManager: Shutting down and abandoning module MagicLeapPrivileges (324)
[2021.10.26-03.17.15:712][ 57]LogModuleManager: Shutting down and abandoning module MagicLeapPlanes (322)
[2021.10.26-03.17.15:712][ 57]LogMagicLeapPlanes: Planes tracker already destroyed.
[2021.10.26-03.17.15:712][ 57]LogModuleManager: Shutting down and abandoning module MagicLeapIdentity (320)
[2021.10.26-03.17.15:712][ 57]LogModuleManager: Shutting down and abandoning module MagicLeapSecureStorage (318)
[2021.10.26-03.17.15:712][ 57]LogModuleManager: Shutting down and abandoning module MagicLeapImageTracker (316)
[2021.10.26-03.17.15:712][ 57]LogModuleManager: Shutting down and abandoning module MagicLeapHandTracking (314)
[2021.10.26-03.17.15:712][ 57]LogModuleManager: Shutting down and abandoning module MagicLeapHandMeshing (312)
[2021.10.26-03.17.15:712][ 57]LogModuleManager: Shutting down and abandoning module MagicLeapEyeTracker (310)
[2021.10.26-03.17.15:712][ 57]LogModuleManager: Shutting down and abandoning module MagicLeapController (308)
[2021.10.26-03.17.15:712][ 57]LogSlate: Slate User Destroyed.  User Index 0, Is Virtual User: 0
[2021.10.26-03.17.15:712][ 57]LogModuleManager: Shutting down and abandoning module MagicLeapARPin (306)
[2021.10.26-03.17.15:712][ 57]LogModuleManager: Shutting down and abandoning module MagicLeapAR (304)
[2021.10.26-03.17.15:712][ 57]LogModuleManager: Shutting down and abandoning module AugmentedReality (303)
[2021.10.26-03.17.15:712][ 57]LogModuleManager: Shutting down and abandoning module PythonScriptPlugin (300)
[2021.10.26-03.17.15:712][ 57]LogModuleManager: Shutting down and abandoning module GameplayTagsEditor (298)
[2021.10.26-03.17.15:712][ 57]LogModuleManager: Shutting down and abandoning module FacialAnimationEditor (296)
[2021.10.26-03.17.15:712][ 57]LogModuleManager: Shutting down and abandoning module FacialAnimation (294)
[2021.10.26-03.17.15:712][ 57]LogModuleManager: Shutting down and abandoning module DataValidation (292)
[2021.10.26-03.17.15:712][ 57]LogModuleManager: Shutting down and abandoning module AssetManagerEditor (290)
[2021.10.26-03.17.15:712][ 57]LogModuleManager: Shutting down and abandoning module LevelEditor (289)
[2021.10.26-03.17.15:712][ 57]LogModuleManager: Shutting down and abandoning module PixelInspectorModule (288)
[2021.10.26-03.17.15:712][ 57]LogModuleManager: Shutting down and abandoning module CommonMenuExtensions (286)
[2021.10.26-03.17.15:713][ 57]LogModuleManager: Shutting down and abandoning module MainFrame (284)
[2021.10.26-03.17.15:713][ 57]LogModuleManager: Shutting down and abandoning module HotReload (283)
[2021.10.26-03.17.15:713][ 57]LogModuleManager: Shutting down and abandoning module ContentBrowser (279)
[2021.10.26-03.17.15:714][ 57]LogModuleManager: Shutting down and abandoning module TreeMap (277)
[2021.10.26-03.17.15:714][ 57]LogModuleManager: Shutting down and abandoning module AnimationSharing (274)
[2021.10.26-03.17.15:714][ 57]LogModuleManager: Shutting down and abandoning module LightPropagationVolumeRuntime (272)
[2021.10.26-03.17.15:714][ 57]LogModuleManager: Shutting down and abandoning module Paper2D (270)
[2021.10.26-03.17.15:714][ 57]LogModuleManager: Shutting down and abandoning module WindowsMoviePlayer (268)
[2021.10.26-03.17.15:715][ 57]LogModuleManager: Shutting down and abandoning module WebMMoviePlayer (266)
[2021.10.26-03.17.15:715][ 57]LogModuleManager: Shutting down and abandoning module NetworkReplayStreaming (264)
[2021.10.26-03.17.15:715][ 57]LogModuleManager: Shutting down and abandoning module PacketHandler (262)
[2021.10.26-03.17.15:715][ 57]LogModuleManager: Shutting down and abandoning module ClothingSystemEditor (260)
[2021.10.26-03.17.15:715][ 57]LogModuleManager: Shutting down and abandoning module ClothingSystemRuntimeNv (258)
[2021.10.26-03.17.15:715][ 57]LogModuleManager: Shutting down and abandoning module MediaAssets (256)
[2021.10.26-03.17.15:715][ 57]LogModuleManager: Shutting down and abandoning module Overlay (254)
[2021.10.26-03.17.15:715][ 57]LogModuleManager: Shutting down and abandoning module OverlayEditor (253)
[2021.10.26-03.17.15:715][ 57]LogModuleManager: Shutting down and abandoning module VREditor (250)
[2021.10.26-03.17.15:715][ 57]LogModuleManager: Shutting down and abandoning module StringTableEditor (248)
[2021.10.26-03.17.15:715][ 57]LogModuleManager: Shutting down and abandoning module GameplayTasksEditor (246)
[2021.10.26-03.17.15:715][ 57]LogModuleManager: Shutting down and abandoning module BehaviorTreeEditor (244)
[2021.10.26-03.17.15:715][ 57]LogModuleManager: Shutting down and abandoning module FunctionalTesting (242)
[2021.10.26-03.17.15:715][ 57]LogModuleManager: Shutting down and abandoning module CollisionAnalyzer (240)
[2021.10.26-03.17.15:715][ 57]LogModuleManager: Shutting down and abandoning module WorkspaceMenuStructure (239)
[2021.10.26-03.17.15:715][ 57]LogModuleManager: Shutting down and abandoning module UMG (236)
[2021.10.26-03.17.15:715][ 57]LogModuleManager: Shutting down and abandoning module UMGEditor (235)
[2021.10.26-03.17.15:715][ 57]LogModuleManager: Shutting down and abandoning module MessageLog (233)
[2021.10.26-03.17.15:715][ 57]LogModuleManager: Shutting down and abandoning module SlateReflector (228)
[2021.10.26-03.17.15:715][ 57]LogModuleManager: Shutting down and abandoning module Slate (226)
[2021.10.26-03.17.15:715][ 57]LogModuleManager: Shutting down and abandoning module SlateCore (224)
[2021.10.26-03.17.15:715][ 57]LogModuleManager: Shutting down and abandoning module LandscapeEditorUtilities (222)
[2021.10.26-03.17.15:715][ 57]LogModuleManager: Shutting down and abandoning module UnrealEd (220)
[2021.10.26-03.17.15:715][ 57]LogModuleManager: Shutting down and abandoning module MRMesh (218)
[2021.10.26-03.17.15:715][ 57]LogModuleManager: Shutting down and abandoning module SourceCodeAccess (216)
[2021.10.26-03.17.15:715][ 57]LogModuleManager: Shutting down and abandoning module HeadMountedDisplay (214)
[2021.10.26-03.17.15:715][ 57]LogModuleManager: Shutting down and abandoning module XAudio2 (212)
[2021.10.26-03.17.15:715][ 57]LogModuleManager: Shutting down and abandoning module Networking (210)
[2021.10.26-03.17.15:715][ 57]LogModuleManager: Shutting down and abandoning module Core (208)
[2021.10.26-03.17.15:715][ 57]LogModuleManager: Shutting down and abandoning module MovieSceneTools (206)
[2021.10.26-03.17.15:715][ 57]LogModuleManager: Shutting down and abandoning module CurveEditor (205)
[2021.10.26-03.17.15:715][ 57]LogModuleManager: Shutting down and abandoning module Sequencer (203)
[2021.10.26-03.17.15:716][ 57]LogModuleManager: Shutting down and abandoning module EditorStyle (202)
[2021.10.26-03.17.15:717][ 57]LogModuleManager: Shutting down and abandoning module KismetCompiler (198)
[2021.10.26-03.17.15:717][ 57]LogModuleManager: Shutting down and abandoning module MeshUtilities (196)
[2021.10.26-03.17.15:717][ 57]LogModuleManager: Shutting down and abandoning module MeshMergeUtilities (195)
[2021.10.26-03.17.15:717][ 57]LogModuleManager: Shutting down and abandoning module MeshReductionInterface (194)
[2021.10.26-03.17.15:717][ 57]LogModuleManager: Shutting down and abandoning module MeshBoneReduction (193)
[2021.10.26-03.17.15:717][ 57]LogModuleManager: Shutting down and abandoning module SkeletalMeshReduction (191)
[2021.10.26-03.17.15:717][ 57]LogModuleManager: Shutting down and abandoning module ProxyLODMeshReduction (189)
[2021.10.26-03.17.15:717][ 57]LogModuleManager: Shutting down and abandoning module QuadricMeshReduction (187)
[2021.10.26-03.17.15:717][ 57]LogModuleManager: Shutting down and abandoning module MaterialBaking (183)
[2021.10.26-03.17.15:717][ 57]LogModuleManager: Shutting down and abandoning module NullInstallBundleManager (178)
[2021.10.26-03.17.15:717][ 57]LogModuleManager: Shutting down and abandoning module DerivedDataCache (176)
[2021.10.26-03.17.15:717][ 57]LogDerivedDataCache: Shutdown
[2021.10.26-03.17.15:717][ 57]LogModuleManager: Shutting down and abandoning module XGEController (174)
[2021.10.26-03.17.15:717][ 57]LogModuleManager: Shutting down and abandoning module TargetPlatform (172)
[2021.10.26-03.17.15:717][ 57]LogModuleManager: Shutting down and abandoning module VulkanShaderFormat (171)
[2021.10.26-03.17.15:717][ 57]LogModuleManager: Shutting down and abandoning module ShaderFormatVectorVM (169)
[2021.10.26-03.17.15:717][ 57]LogModuleManager: Shutting down and abandoning module ShaderFormatOpenGL (167)
[2021.10.26-03.17.15:717][ 57]LogModuleManager: Shutting down and abandoning module ShaderFormatD3D (165)
[2021.10.26-03.17.15:717][ 57]LogModuleManager: Shutting down and abandoning module MetalShaderFormat (163)
[2021.10.26-03.17.15:717][ 57]LogModuleManager: Shutting down and abandoning module TextureFormatUncompressed (161)
[2021.10.26-03.17.15:717][ 57]LogModuleManager: Shutting down and abandoning module TextureFormatPVR (159)
[2021.10.26-03.17.15:717][ 57]LogModuleManager: Shutting down and abandoning module TextureFormatDXT (157)
[2021.10.26-03.17.15:717][ 57]LogModuleManager: Shutting down and abandoning module TextureFormatIntelISPCTexComp (155)
[2021.10.26-03.17.15:717][ 57]LogModuleManager: Shutting down and abandoning module TextureFormatASTC (153)
[2021.10.26-03.17.15:717][ 57]LogModuleManager: Shutting down and abandoning module ImageWrapper (152)
[2021.10.26-03.17.15:717][ 57]LogModuleManager: Shutting down and abandoning module TextureFormatAndroid (149)
[2021.10.26-03.17.15:717][ 57]LogModuleManager: Shutting down and abandoning module AudioFormatOpus (147)
[2021.10.26-03.17.15:717][ 57]LogModuleManager: Shutting down and abandoning module AudioFormatOgg (145)
[2021.10.26-03.17.15:717][ 57]LogModuleManager: Shutting down and abandoning module AudioFormatADPCM (143)
[2021.10.26-03.17.15:717][ 57]LogModuleManager: Shutting down and abandoning module WindowsServerTargetPlatform (141)
[2021.10.26-03.17.15:717][ 57]LogModuleManager: Shutting down and abandoning module WindowsClientTargetPlatform (139)
[2021.10.26-03.17.15:717][ 57]LogModuleManager: Shutting down and abandoning module WindowsTargetPlatform (137)
[2021.10.26-03.17.15:717][ 57]LogModuleManager: Shutting down and abandoning module WindowsNoEditorTargetPlatform (135)
[2021.10.26-03.17.15:717][ 57]LogModuleManager: Shutting down and abandoning module TVOSTargetPlatform (133)
[2021.10.26-03.17.15:718][ 57]LogModuleManager: Shutting down and abandoning module LuminTargetPlatform (131)
[2021.10.26-03.17.15:718][ 57]LogModuleManager: Shutting down and abandoning module LinuxAArch64ServerTargetPlatform (129)
[2021.10.26-03.17.15:718][ 57]LogModuleManager: Shutting down and abandoning module LinuxAArch64ClientTargetPlatform (127)
[2021.10.26-03.17.15:718][ 57]LogModuleManager: Shutting down and abandoning module LinuxAArch64NoEditorTargetPlatform (125)
[2021.10.26-03.17.15:718][ 57]LogModuleManager: Shutting down and abandoning module LinuxServerTargetPlatform (123)
[2021.10.26-03.17.15:718][ 57]LogModuleManager: Shutting down and abandoning module LinuxClientTargetPlatform (121)
[2021.10.26-03.17.15:718][ 57]LogModuleManager: Shutting down and abandoning module LinuxNoEditorTargetPlatform (119)
[2021.10.26-03.17.15:718][ 57]LogModuleManager: Shutting down and abandoning module Messaging (117)
[2021.10.26-03.17.15:718][ 57]LogModuleManager: Shutting down and abandoning module IOSTargetPlatform (115)
[2021.10.26-03.17.15:719][ 57]LogModuleManager: Shutting down and abandoning module AndroidTargetPlatform (113)
[2021.10.26-03.17.15:723][ 57]LogModuleManager: Shutting down and abandoning module AllDesktopTargetPlatform (111)
[2021.10.26-03.17.15:723][ 57]LogModuleManager: Shutting down and abandoning module InputCore (108)
[2021.10.26-03.17.15:723][ 57]LogModuleManager: Shutting down and abandoning module Settings (106)
[2021.10.26-03.17.15:723][ 57]LogModuleManager: Shutting down and abandoning module DirectoryWatcher (104)
[2021.10.26-03.17.15:723][ 57]LogModuleManager: Shutting down and abandoning module PhysXCooking (102)
[2021.10.26-03.17.15:723][ 57]LogModuleManager: Shutting down and abandoning module ChaosSolvers (100)
[2021.10.26-03.17.15:723][ 57]LogModuleManager: Shutting down and abandoning module FieldSystemEngine (99)
[2021.10.26-03.17.15:723][ 57]LogModuleManager: Shutting down and abandoning module Chaos (96)
[2021.10.26-03.17.15:723][ 57]LogModuleManager: Shutting down and abandoning module WindowsPlatformFeatures (94)
[2021.10.26-03.17.15:723][ 57]LogModuleManager: Shutting down and abandoning module GameplayMediaEncoder (93)
[2021.10.26-03.17.15:723][ 57]LogModuleManager: Shutting down and abandoning module SteamVRInputDevice (90)
[2021.10.26-03.17.15:723][ 57]LogModuleManager: Shutting down and abandoning module SteamVRInput (88)
[2021.10.26-03.17.15:723][ 57]LogModuleManager: Shutting down and abandoning module SteamVR (86)
[2021.10.26-03.17.15:723][ 57]LogHMD: Freeing OpenVRDLLHandle.
[2021.10.26-03.17.15:723][ 57]LogModuleManager: Shutting down and abandoning module OculusHMD (84)
[2021.10.26-03.17.15:723][ 57]LogModuleManager: Shutting down and abandoning module ExampleDeviceProfileSelector (82)
[2021.10.26-03.17.15:723][ 57]LogModuleManager: Shutting down and abandoning module LauncherChunkInstaller (80)
[2021.10.26-03.17.15:723][ 57]LogModuleManager: Shutting down and abandoning module OnlineBlueprintSupport (78)
[2021.10.26-03.17.15:723][ 57]LogModuleManager: Shutting down and abandoning module OnlineSubsystem (74)
[2021.10.26-03.17.15:724][ 57]LogModuleManager: Shutting down and abandoning module XMPP (69)
[2021.10.26-03.17.15:724][ 57]LogModuleManager: Shutting down and abandoning module WebSockets (68)
[2021.10.26-03.17.15:735][ 57]LogModuleManager: Shutting down and abandoning module HTTP (65)
[2021.10.26-03.17.15:736][ 57]LogHttp: Display: Http module shutting down, but needs to wait on 1 outstanding Http requests:
[2021.10.26-03.17.15:736][ 57]LogHttp: Display: 	verb=[POST] url=[https://datarouter.ol.epicgames.com/datarouter/api/v1/public/data?SessionID=%7B646E31E7-427C-7C2C-5BD2-9DAED79A2C36%7D&AppID=UEEditor.Rocket.Release&AppVersion=4.24.3-11590370%2B%2B%2BUE4%2BRelease-4.24&UserID=77c3e0a54988cc8d08e418a30f19d936%7C7a146109021748cdb26d9e0251ebcadc%7Cc07b3a65-c3a8-4180-bf49-bec7559f3148&AppEnvironment=datacollector-binary&UploadType=eteventstream] refs=[1] status=Processing
[2021.10.26-03.17.15:752][ 57]LogModuleManager: Shutting down and abandoning module SSL (64)
[2021.10.26-03.17.15:753][ 57]LogModuleManager: Shutting down and abandoning module WmfMedia (60)
[2021.10.26-03.17.15:754][ 57]LogModuleManager: Shutting down and abandoning module Media (59)
[2021.10.26-03.17.15:754][ 57]LogModuleManager: Shutting down and abandoning module MagicLeap (56)
[2021.10.26-03.17.15:754][ 57]LogModuleManager: Shutting down and abandoning module VariantManagerContent (54)
[2021.10.26-03.17.15:754][ 57]LogModuleManager: Shutting down and abandoning module DatasmithContent (52)
[2021.10.26-03.17.15:755][ 57]LogModuleManager: Shutting down and abandoning module AISupportModule (50)
[2021.10.26-03.17.15:755][ 57]LogModuleManager: Shutting down and abandoning module DesktopPlatform (48)
[2021.10.26-03.17.15:755][ 57]LogModuleManager: Shutting down and abandoning module PythonScriptPluginPreload (46)
[2021.10.26-03.17.15:755][ 57]LogModuleManager: Shutting down and abandoning module PlatformCryptoOpenSSL (44)
[2021.10.26-03.17.15:755][ 57]LogModuleManager: Shutting down and abandoning module PlatformCryptoTypes (42)
[2021.10.26-03.17.15:755][ 57]LogModuleManager: Shutting down and abandoning module PlatformCrypto (40)
[2021.10.26-03.17.15:755][ 57]LogModuleManager: Shutting down and abandoning module AnimationModifiers (38)
[2021.10.26-03.17.15:755][ 57]LogModuleManager: Shutting down and abandoning module PropertyEditor (37)
[2021.10.26-03.17.15:755][ 57]LogModuleManager: Shutting down and abandoning module AudioEditor (34)
[2021.10.26-03.17.15:755][ 57]LogModuleManager: Shutting down and abandoning module TextureCompressor (32)
[2021.10.26-03.17.15:755][ 57]LogModuleManager: Shutting down and abandoning module RenderCore (30)
[2021.10.26-03.17.15:755][ 57]LogModuleManager: Shutting down and abandoning module Landscape (28)
[2021.10.26-03.17.15:755][ 57]LogModuleManager: Shutting down and abandoning module SlateRHIRenderer (26)
[2021.10.26-03.17.15:756][ 57]LogModuleManager: Shutting down and abandoning module OpenGLDrv (24)
[2021.10.26-03.17.15:756][ 57]LogModuleManager: Shutting down and abandoning module D3D11RHI (22)
[2021.10.26-03.17.15:756][ 57]LogModuleManager: Shutting down and abandoning module AnimGraphRuntime (20)
[2021.10.26-03.17.15:756][ 57]LogModuleManager: Shutting down and abandoning module Renderer (18)
[2021.10.26-03.17.15:756][ 57]LogModuleManager: Shutting down and abandoning module Engine (16)
[2021.10.26-03.17.15:756][ 57]LogModuleManager: Shutting down and abandoning module CoreUObject (14)
[2021.10.26-03.17.15:756][ 57]LogModuleManager: Shutting down and abandoning module NetworkFile (12)
[2021.10.26-03.17.15:756][ 57]LogModuleManager: Shutting down and abandoning module CookedIterativeFile (10)
[2021.10.26-03.17.15:756][ 57]LogModuleManager: Shutting down and abandoning module StreamingFile (8)
[2021.10.26-03.17.15:756][ 57]LogModuleManager: Shutting down and abandoning module SandboxFile (6)
[2021.10.26-03.17.15:756][ 57]LogModuleManager: Shutting down and abandoning module PakFile (4)
[2021.10.26-03.17.15:756][ 57]LogModuleManager: Shutting down and abandoning module RSA (3)
[2021.10.26-03.17.15:757][ 57]LogD3D11RHI: Shutdown
[2021.10.26-03.17.15:757][ 57]LogD3D11RHI: CleanupD3DDevice
[2021.10.26-03.17.15:765][ 57]LogExit: Exiting.
[2021.10.26-03.17.15:778][ 57]Log file closed, 10/26/21 12:17:15
