Log file open, 11/03/21 12:55:45
LogWindows: Failed to load 'aqProf.dll' (GetLastError=126)
LogWindows: File 'aqProf.dll' does not exist
LogWindows: Failed to load 'VtuneApi.dll' (GetLastError=126)
LogWindows: File 'VtuneApi.dll' does not exist
LogWindows: Failed to load 'VtuneApi32e.dll' (GetLastError=126)
LogWindows: File 'VtuneApi32e.dll' does not exist
LogConsoleResponse: Display: Failed to find resolution value strings in scalability ini. Falling back to default.
LogInit: Display: Running engine for game: BioProject
LogPlatformFile: Not using cached read wrapper
LogTaskGraph: Started task graph with 5 named threads and 47 total threads with 3 sets of task threads.
LogStats: Stats thread started at 3.301053
LogD3D11RHI: Loaded GFSDK_Aftermath_Lib.x64.dll
LogICUInternationalization: ICU TimeZone Detection - Raw Offset: +9:00, Platform Override: ''
LogPluginManager: Mounting plugin Paper2D
LogPluginManager: Mounting plugin AISupport
LogPluginManager: Mounting plugin LightPropagationVolume
LogPluginManager: Mounting plugin ActorLayerUtilities
LogPluginManager: Mounting plugin AnimationSharing
LogPluginManager: Mounting plugin CLionSourceCodeAccess
LogPluginManager: Mounting plugin CodeLiteSourceCodeAccess
LogPluginManager: Mounting plugin GitSourceControl
LogPluginManager: Mounting plugin KDevelopSourceCodeAccess
LogPluginManager: Mounting plugin NullSourceCodeAccess
LogPluginManager: Mounting plugin PerforceSourceControl
LogPluginManager: Mounting plugin PlasticSourceControl
LogPluginManager: Mounting plugin SubversionSourceControl
LogPluginManager: Mounting plugin UObjectPlugin
LogPluginManager: Mounting plugin VisualStudioCodeSourceCodeAccess
LogPluginManager: Mounting plugin VisualStudioSourceCodeAccess
LogPluginManager: Mounting plugin XCodeSourceCodeAccess
LogPluginManager: Mounting plugin AssetManagerEditor
LogPluginManager: Mounting plugin CryptoKeys
LogPluginManager: Mounting plugin CurveEditorTools
LogPluginManager: Mounting plugin DataValidation
LogPluginManager: Mounting plugin EditorScriptingUtilities
LogPluginManager: Mounting plugin FacialAnimation
LogPluginManager: Mounting plugin GameplayTagsEditor
LogPluginManager: Mounting plugin MacGraphicsSwitching
LogPluginManager: Mounting plugin MaterialAnalyzer
LogPluginManager: Mounting plugin MobileLauncherProfileWizard
LogPluginManager: Mounting plugin PluginBrowser
LogPluginManager: Mounting plugin SpeedTreeImporter
LogPluginManager: Mounting plugin DatasmithContent
LogPluginManager: Mounting plugin VariantManagerContent
LogPluginManager: Mounting plugin AlembicImporter
LogPluginManager: Mounting plugin AutomationUtils
LogPluginManager: Mounting plugin BackChannel
LogPluginManager: Mounting plugin CharacterAI
LogPluginManager: Mounting plugin GeometryCache
LogPluginManager: Mounting plugin PlatformCrypto
LogPluginManager: Mounting plugin ProxyLODPlugin
LogPluginManager: Mounting plugin PythonScriptPlugin
LogPluginManager: Mounting plugin SkeletalReduction
LogPluginManager: Mounting plugin MagicLeap
LogPluginManager: Mounting plugin MagicLeapMedia
LogPluginManager: Mounting plugin MLSDK
LogPluginManager: Mounting plugin AndroidMedia
LogPluginManager: Mounting plugin AvfMedia
LogPluginManager: Mounting plugin ImgMedia
LogPluginManager: Mounting plugin MediaCompositing
LogPluginManager: Mounting plugin MediaPlayerEditor
LogPluginManager: Mounting plugin WebMMedia
LogPluginManager: Mounting plugin WmfMedia
LogPluginManager: Mounting plugin MegascansPlugin
LogPluginManager: Mounting plugin TcpMessaging
LogPluginManager: Mounting plugin UdpMessaging
LogPluginManager: Mounting plugin ActorSequence
LogPluginManager: Mounting plugin LevelSequenceEditor
LogPluginManager: Mounting plugin MatineeToLevelSequence
LogPluginManager: Mounting plugin NetcodeUnitTest
LogPluginManager: Mounting plugin NUTUnrealEngine4
LogPluginManager: Mounting plugin OnlineSubsystemGooglePlay
LogPluginManager: Mounting plugin OnlineSubsystemIOS
LogPluginManager: Mounting plugin OnlineSubsystem
LogPluginManager: Mounting plugin OnlineSubsystemNull
LogPluginManager: Mounting plugin OnlineSubsystemUtils
LogPluginManager: Mounting plugin LauncherChunkInstaller
LogPluginManager: Mounting plugin AndroidDeviceProfileSelector
LogPluginManager: Mounting plugin AndroidMoviePlayer
LogPluginManager: Mounting plugin AndroidPermission
LogPluginManager: Mounting plugin AppleImageUtils
LogPluginManager: Mounting plugin AppleMoviePlayer
LogPluginManager: Mounting plugin ArchVisCharacter
LogPluginManager: Mounting plugin AssetTags
LogPluginManager: Mounting plugin AudioCapture
LogPluginManager: Mounting plugin CableComponent
LogPluginManager: Mounting plugin CustomMeshComponent
LogPluginManager: Mounting plugin DatabaseSupport
LogPluginManager: Mounting plugin SQLiteCore
LogPluginManager: Mounting plugin SQLiteSupport
LogPluginManager: Mounting plugin EditableMesh
LogPluginManager: Mounting plugin ExampleDeviceProfileSelector
LogPluginManager: Mounting plugin GoogleCloudMessaging
LogPluginManager: Mounting plugin IOSDeviceProfileSelector
LogPluginManager: Mounting plugin LinuxDeviceProfileSelector
LogPluginManager: Mounting plugin LocationServicesBPLibrary
LogPluginManager: Mounting plugin MobilePatchingUtils
LogPluginManager: Mounting plugin OculusVR
LogPluginManager: Mounting plugin PhysXVehicles
LogPluginManager: Mounting plugin PostSplashScreen
LogPluginManager: Mounting plugin ProceduralMeshComponent
LogPluginManager: Mounting plugin RuntimePhysXCooking
LogPluginManager: Mounting plugin SignificanceManager
LogPluginManager: Mounting plugin SteamVR
LogPluginManager: Mounting plugin WebMMoviePlayer
LogPluginManager: Mounting plugin WindowsMoviePlayer
LogPluginManager: Mounting plugin ScreenshotTools
Launching UnrealBuildTool... [D:/Program Files/Epic Games/UE_4.24/Engine/Binaries/DotNET/UnrealBuildTool.exe -Mode=QueryTargets -Project="D:/UE4/BioProject/BioProject/BioProject.uproject" -Output="D:/UE4/BioProject/BioProject/Intermediate/TargetInfo.json"]
LogInit: Warning: Incompatible or missing module: BioProject
Running D:/Program Files/Epic Games/UE_4.24/Engine/Binaries/DotNET/UnrealBuildTool.exe Development Win64 -Project="D:/UE4/BioProject/BioProject/BioProject.uproject" -TargetType=Editor -Progress -NoHotReloadFromIDE
Using 'git status' to determine working set for adaptive non-unity build (D:\UE4\BioProject).
Creating makefile for BioProjectEditor (game project files are newer)
@progress push 5%
Parsing headers for BioProjectEditor
  Running UnrealHeaderTool "D:\UE4\BioProject\BioProject\BioProject.uproject" "D:\UE4\BioProject\BioProject\Intermediate\Build\Win64\BioProjectEditor\Development\BioProjectEditor.uhtmanifest" -LogCmds="loginit warning, logexit warning, logdatabase error" -Unattended -WarningsAsErrors -installed
Reflection code generated for BioProjectEditor in 5.222564 seconds
@progress pop
Building BioProjectEditor...
Using Visual Studio 2019 14.25.28614 toolchain (D:\Program Files (x86)\Microsoft Visual Studio\2019\Community\VC\Tools\MSVC\14.25.28610) and Windows 10.0.18362.0 SDK (D:\Windows Kits\10).
Building 23 actions with 16 processes...
  @progress 'Compiling C++ source code...' 0%
  @progress 'Compiling C++ source code...' 4%
  [1/23] Default.rc2
  @progress 'Compiling C++ source code...' 9%
  [2/23] SharedPCH.Engine.ShadowErrors.cpp
  @progress 'Compiling C++ source code...' 13%
  [3/23] BioProject.cpp
  @progress 'Compiling C++ source code...' 17%
  [4/23] DoubleDoor.cpp
  @progress 'Compiling C++ source code...' 22%
  [5/23] BioProject.init.gen.cpp
  @progress 'Compiling C++ source code...' 26%
  [6/23] BioProjectGameModeBase.cpp
  @progress 'Compiling C++ source code...' 30%
  [7/23] DoubleDoor.gen.cpp
  @progress 'Compiling C++ source code...' 35%
  [8/23] DoorBase.cpp
  D:\UE4\BioProject\BioProject\Source\BioProject\DoorBase.cpp(13): warning C5038: ?f?[?^ ?????o?[ 'ADoorBase::m_DoorState' ?́A?f?[?^ ?????o?[ 'ADoorBase::m_speed' ?̌??ɏ??????܂?
  D:\UE4\BioProject\BioProject\Source\BioProject\DoorBase.cpp(14): warning C5038: ?f?[?^ ?????o?[ 'ADoorBase::m_speed' ?́A?f?[?^ ?????o?[ 'ADoorBase::m_bIsLock' ?̌??ɏ??????܂?
  D:\UE4\BioProject\BioProject\Source\BioProject\DoorBase.cpp(16): warning C5038: ?f?[?^ ?????o?[ 'ADoorBase::m_id' ?́A?f?[?^ ?????o?[ 'ADoorBase::m_bIsOpenReverse' ?̌??ɏ??????܂?
  @progress 'Compiling C++ source code...' 39%
  [9/23] SingleDoor.gen.cpp
  @progress 'Compiling C++ source code...' 43%
  [10/23] ItemBase.gen.cpp
  @progress 'Compiling C++ source code...' 48%
  [11/23] EnemyChara.gen.cpp
  @progress 'Compiling C++ source code...' 52%
  [12/23] DoorBase.gen.cpp
  @progress 'Compiling C++ source code...' 57%
  [13/23] MyGameInstance.gen.cpp
  @progress 'Compiling C++ source code...' 61%
  [14/23] ItemBase.cpp
  @progress 'Compiling C++ source code...' 65%
  [15/23] PlayerChara.gen.cpp
  @progress 'Compiling C++ source code...' 70%
  [16/23] EnemyChara.cpp
  D:\UE4\BioProject\BioProject\Source\BioProject\EnemyChara.cpp(12): warning C5038: ?f?[?^ ?????o?[ 'AEnemyChara::m_EnemyMesh' ?́A?f?[?^ ?????o?[ 'AEnemyChara::m_OverLapComp' ?̌??ɏ??????܂?
  D:\UE4\BioProject\BioProject\Source\BioProject\EnemyChara.cpp(14): warning C5038: ?f?[?^ ?????o?[ 'AEnemyChara::m_Player' ?́A?f?[?^ ?????o?[ 'AEnemyChara::m_Speed' ?̌??ɏ??????܂?
  D:\UE4\BioProject\BioProject\Source\BioProject\EnemyChara.cpp(16): warning C5038: ?f?[?^ ?????o?[ 'AEnemyChara::m_StopCount' ?́A?f?[?^ ?????o?[ 'AEnemyChara::m_ToTheGround' ?̌??ɏ??????܂?
  D:\UE4\BioProject\BioProject\Source\BioProject\EnemyChara.cpp(18): warning C5038: ?f?[?^ ?????o?[ 'AEnemyChara::m_ToTheGroundCount' ?́A?f?[?^ ?????o?[ 'AEnemyChara::m_HP' ?̌??ɏ??????܂?
  @progress 'Compiling C++ source code...' 74%
  [17/23] MyGameInstance.cpp
  @progress 'Compiling C++ source code...' 78%
  [18/23] PlayerChara.cpp
  @progress 'Compiling C++ source code...' 83%
  [19/23] SingleDoor.cpp
  @progress 'Compiling C++ source code...' 87%
  [20/23] BioProjectGameModeBase.gen.cpp
  @progress 'Compiling C++ source code...' 91%
  [21/23] UE4Editor-BioProject.lib
     ???C?u???? D:\UE4\BioProject\BioProject\Intermediate\Build\Win64\UE4Editor\Development\BioProject\UE4Editor-BioProject.lib ?ƃI?u?W?F?N?g D:\UE4\BioProject\BioProject\Intermediate\Build\Win64\UE4Editor\Development\BioProject\UE4Editor-BioProject.exp ???쐬??
  @progress 'Compiling C++ source code...' 96%
  [22/23] UE4Editor-BioProject.dll
     ???C?u???? D:\UE4\BioProject\BioProject\Intermediate\Build\Win64\UE4Editor\Development\BioProject\UE4Editor-BioProject.suppressed.lib ?ƃI?u?W?F?N?g D:\UE4\BioProject\BioProject\Intermediate\Build\Win64\UE4Editor\Development\BioProject\UE4Editor-BioProject.suppressed.exp ???쐬??
  @progress 'Compiling C++ source code...' 100%
  [23/23] BioProjectEditor.target
Total time in Parallel executor: 32.43 seconds
Total execution time: 66.16 seconds
LogInit: Using libcurl 7.55.1-DEV
LogInit:  - built for x86_64-pc-win32
LogInit:  - supports SSL with OpenSSL/1.1.1
LogInit:  - supports HTTP deflate (compression) using libz 1.2.8
LogInit:  - other features:
LogInit:      CURL_VERSION_SSL
LogInit:      CURL_VERSION_LIBZ
LogInit:      CURL_VERSION_IPV6
LogInit:      CURL_VERSION_ASYNCHDNS
LogInit:      CURL_VERSION_LARGEFILE
LogInit:      CURL_VERSION_IDN
LogInit:  CurlRequestOptions (configurable via config and command line):
LogInit:  - bVerifyPeer = true  - Libcurl will verify peer certificate
LogInit:  - bUseHttpProxy = false  - Libcurl will NOT use HTTP proxy
LogInit:  - bDontReuseConnections = false  - Libcurl will reuse connections
LogInit:  - MaxHostConnections = 16  - Libcurl will limit the number of connections to a host
LogInit:  - LocalHostAddr = Default
LogInit:  - BufferSize = 65536
LogOnline: OSS: Creating online subsystem instance for: NULL
LogInit: WinSock: version 1.1 (2.2), MaxSocks=32767, MaxUdp=65467
LogOnline: OSS: TryLoadSubsystemAndSetDefault: Loaded subsystem for module [NULL]
LogInit: Build: ++UE4+Release-4.24-CL-11590370
LogInit: Engine Version: 4.24.3-11590370+++UE4+Release-4.24
LogInit: Compatible Engine Version: 4.24.0-10570792+++UE4+Release-4.24
LogInit: Net CL: 10570792
LogInit: OS: Windows 10 (Release 2009) (), CPU: Intel(R) Core(TM) i9-9900K CPU @ 3.60GHz, GPU: NVIDIA GeForce RTX 2070
LogInit: Compiled (64-bit): Feb 24 2020 15:39:18
LogInit: Compiled with Visual C++: 19.16.27032.01
LogInit: Build Configuration: Development
LogInit: Branch Name: ++UE4+Release-4.24
LogInit: Command Line: 
LogInit: Base Directory: D:/Program Files/Epic Games/UE_4.24/Engine/Binaries/Win64/
LogInit: Installed Engine Build: 1
LogDevObjectVersion: Number of dev versions registered: 25
LogDevObjectVersion:   Dev-Blueprints (B0D832E4-1F89-4F0D-ACCF-7EB736FD4AA2): 10
LogDevObjectVersion:   Dev-Build (E1C64328-A22C-4D53-A36C-8E866417BD8C): 0
LogDevObjectVersion:   Dev-Core (375EC13C-06E4-48FB-B500-84F0262A717E): 3
LogDevObjectVersion:   Dev-Editor (E4B068ED-F494-42E9-A231-DA0B2E46BB41): 37
LogDevObjectVersion:   Dev-Framework (CFFC743F-43B0-4480-9391-14DF171D2073): 36
LogDevObjectVersion:   Dev-Mobile (B02B49B5-BB20-44E9-A304-32B752E40360): 2
LogDevObjectVersion:   Dev-Networking (A4E4105C-59A1-49B5-A7C5-40C4547EDFEE): 0
LogDevObjectVersion:   Dev-Online (39C831C9-5AE6-47DC-9A44-9C173E1C8E7C): 0
LogDevObjectVersion:   Dev-Physics (78F01B33-EBEA-4F98-B9B4-84EACCB95AA2): 2
LogDevObjectVersion:   Dev-Platform (6631380F-2D4D-43E0-8009-CF276956A95A): 0
LogDevObjectVersion:   Dev-Rendering (12F88B9F-8875-4AFC-A67C-D90C383ABD29): 36
LogDevObjectVersion:   Dev-Sequencer (7B5AE74C-D270-4C10-A958-57980B212A5A): 11
LogDevObjectVersion:   Dev-VR (D7296918-1DD6-4BDD-9DE2-64A83CC13884): 2
LogDevObjectVersion:   Dev-LoadTimes (C2A15278-BFE7-4AFE-6C17-90FF531DF755): 1
LogDevObjectVersion:   Private-Geometry (6EACA3D4-40EC-4CC1-B786-8BED09428FC5): 3
LogDevObjectVersion:   Dev-AnimPhys (29E575DD-E0A3-4627-9D10-D276232CDCEA): 17
LogDevObjectVersion:   Dev-Anim (AF43A65D-7FD3-4947-9873-3E8ED9C1BB05): 2
LogDevObjectVersion:   Dev-ReflectionCapture (6B266CEC-1EC7-4B8F-A30B-E4D90942FC07): 1
LogDevObjectVersion:   Dev-Automation (0DF73D61-A23F-47EA-B727-89E90C41499A): 1
LogDevObjectVersion:   FortniteMain (601D1886-AC64-4F84-AA16-D3DE0DEAC7D6): 31
LogDevObjectVersion:   Dev-Enterprise (9DFFBCD6-494F-0158-E221-12823C92A888): 8
LogDevObjectVersion:   Dev-Niagara (F2AED0AC-9AFE-416F-8664-AA7FFA26D6FC): 1
LogDevObjectVersion:   Dev-Destruction (174F1F0B-B4C6-45A5-B13F-2EE8D0FB917D): 9
LogDevObjectVersion:   Dev-Physics-Ext (35F94A83-E258-406C-A318-09F59610247C): 8
LogDevObjectVersion:   Dev-CineCamera (B2E18506-4273-CFC2-A54E-F4BB758BBA07): 1
LogInit: Presizing for max 25165824 objects, including 0 objects not considered by GC, pre-allocating 0 bytes for permanent pool.
LogInit: Object subsystem initialized
LogConfig: Setting CVar [[con.DebugEarlyDefault:1]]
LogConfig: Setting CVar [[r.setres:1280x720]]
[2021.11.03-03.57.15:544][  0]LogConfig: Setting CVar [[r.VSync:0]]
[2021.11.03-03.57.15:544][  0]LogConfig: Setting CVar [[r.RHICmdBypass:0]]
[2021.11.03-03.57.15:545][  0]LogConfig: Applying CVar settings from Section [/Script/Engine.RendererSettings] File [D:/UE4/BioProject/BioProject/Saved/Config/Windows/Engine.ini]
[2021.11.03-03.57.15:545][  0]LogConfig: Setting CVar [[r.GPUCrashDebugging:0]]
[2021.11.03-03.57.15:545][  0]LogConfig: Applying CVar settings from Section [/Script/Engine.RendererOverrideSettings] File [D:/UE4/BioProject/BioProject/Saved/Config/Windows/Engine.ini]
[2021.11.03-03.57.15:545][  0]LogConfig: Applying CVar settings from Section [/Script/Engine.StreamingSettings] File [D:/UE4/BioProject/BioProject/Saved/Config/Windows/Engine.ini]
[2021.11.03-03.57.15:545][  0]LogConfig: Setting CVar [[s.MinBulkDataSizeForAsyncLoading:131072]]
[2021.11.03-03.57.15:545][  0]LogConfig: Setting CVar [[s.AsyncLoadingThreadEnabled:0]]
[2021.11.03-03.57.15:545][  0]LogConfig: Setting CVar [[s.EventDrivenLoaderEnabled:1]]
[2021.11.03-03.57.15:545][  0]LogConfig: Setting CVar [[s.WarnIfTimeLimitExceeded:0]]
[2021.11.03-03.57.15:545][  0]LogConfig: Setting CVar [[s.TimeLimitExceededMultiplier:1.5]]
[2021.11.03-03.57.15:545][  0]LogConfig: Setting CVar [[s.TimeLimitExceededMinTime:0.005]]
[2021.11.03-03.57.15:545][  0]LogConfig: Setting CVar [[s.UseBackgroundLevelStreaming:1]]
[2021.11.03-03.57.15:545][  0]LogConfig: Setting CVar [[s.PriorityAsyncLoadingExtraTime:15.0]]
[2021.11.03-03.57.15:545][  0]LogConfig: Setting CVar [[s.LevelStreamingActorsUpdateTimeLimit:5.0]]
[2021.11.03-03.57.15:545][  0]LogConfig: Setting CVar [[s.PriorityLevelStreamingActorsUpdateExtraTime:5.0]]
[2021.11.03-03.57.15:545][  0]LogConfig: Setting CVar [[s.LevelStreamingComponentsRegistrationGranularity:10]]
[2021.11.03-03.57.15:545][  0]LogConfig: Setting CVar [[s.UnregisterComponentsTimeLimit:1.0]]
[2021.11.03-03.57.15:545][  0]LogConfig: Setting CVar [[s.LevelStreamingComponentsUnregistrationGranularity:5]]
[2021.11.03-03.57.15:545][  0]LogConfig: Setting CVar [[s.FlushStreamingOnExit:1]]
[2021.11.03-03.57.15:545][  0]LogConfig: Applying CVar settings from Section [/Script/Engine.GarbageCollectionSettings] File [D:/UE4/BioProject/BioProject/Saved/Config/Windows/Engine.ini]
[2021.11.03-03.57.15:545][  0]LogConfig: Setting CVar [[gc.MaxObjectsNotConsideredByGC:1]]
[2021.11.03-03.57.15:545][  0]LogConfig: Setting CVar [[gc.SizeOfPermanentObjectPool:0]]
[2021.11.03-03.57.15:545][  0]LogConfig: Setting CVar [[gc.FlushStreamingOnGC:0]]
[2021.11.03-03.57.15:545][  0]LogConfig: Setting CVar [[gc.NumRetriesBeforeForcingGC:10]]
[2021.11.03-03.57.15:545][  0]LogConfig: Setting CVar [[gc.AllowParallelGC:1]]
[2021.11.03-03.57.15:545][  0]LogConfig: Setting CVar [[gc.TimeBetweenPurgingPendingKillObjects:61.1]]
[2021.11.03-03.57.15:545][  0]LogConfig: Setting CVar [[gc.MaxObjectsInEditor:25165824]]
[2021.11.03-03.57.15:545][  0]LogConfig: Setting CVar [[gc.IncrementalBeginDestroyEnabled:1]]
[2021.11.03-03.57.15:546][  0]LogConfig: Setting CVar [[gc.CreateGCClusters:1]]
[2021.11.03-03.57.15:546][  0]LogConfig: Setting CVar [[gc.MinGCClusterSize:5]]
[2021.11.03-03.57.15:546][  0]LogConfig: Setting CVar [[gc.ActorClusteringEnabled:0]]
[2021.11.03-03.57.15:546][  0]LogConfig: Setting CVar [[gc.BlueprintClusteringEnabled:0]]
[2021.11.03-03.57.15:546][  0]LogConfig: Setting CVar [[gc.UseDisregardForGCOnDedicatedServers:0]]
[2021.11.03-03.57.15:546][  0]LogConfig: Applying CVar settings from Section [/Script/Engine.NetworkSettings] File [D:/UE4/BioProject/BioProject/Saved/Config/Windows/Engine.ini]
[2021.11.03-03.57.15:546][  0]LogConfig: Applying CVar settings from Section [/Script/UnrealEd.CookerSettings] File [D:/UE4/BioProject/BioProject/Saved/Config/Windows/Engine.ini]
[2021.11.03-03.57.15:585][  0]LogConfig: Applying CVar settings from Section [ViewDistanceQuality@3] File [D:/UE4/BioProject/BioProject/Saved/Config/Windows/Scalability.ini]
[2021.11.03-03.57.15:585][  0]LogConfig: Setting CVar [[r.SkeletalMeshLODBias:0]]
[2021.11.03-03.57.15:585][  0]LogConfig: Setting CVar [[r.ViewDistanceScale:1.0]]
[2021.11.03-03.57.15:585][  0]LogConfig: Applying CVar settings from Section [AntiAliasingQuality@3] File [D:/UE4/BioProject/BioProject/Saved/Config/Windows/Scalability.ini]
[2021.11.03-03.57.15:585][  0]LogConfig: Setting CVar [[r.PostProcessAAQuality:4]]
[2021.11.03-03.57.15:585][  0]LogConfig: Applying CVar settings from Section [ShadowQuality@3] File [D:/UE4/BioProject/BioProject/Saved/Config/Windows/Scalability.ini]
[2021.11.03-03.57.15:585][  0]LogConfig: Setting CVar [[r.LightFunctionQuality:1]]
[2021.11.03-03.57.15:585][  0]LogConfig: Setting CVar [[r.ShadowQuality:5]]
[2021.11.03-03.57.15:585][  0]LogConfig: Setting CVar [[r.Shadow.CSM.MaxCascades:10]]
[2021.11.03-03.57.15:585][  0]LogConfig: Setting CVar [[r.Shadow.MaxResolution:2048]]
[2021.11.03-03.57.15:585][  0]LogConfig: Setting CVar [[r.Shadow.MaxCSMResolution:2048]]
[2021.11.03-03.57.15:585][  0]LogConfig: Setting CVar [[r.Shadow.RadiusThreshold:0.01]]
[2021.11.03-03.57.15:585][  0]LogConfig: Setting CVar [[r.Shadow.DistanceScale:1.0]]
[2021.11.03-03.57.15:585][  0]LogConfig: Setting CVar [[r.Shadow.CSM.TransitionScale:1.0]]
[2021.11.03-03.57.15:585][  0]LogConfig: Setting CVar [[r.Shadow.PreShadowResolutionFactor:1.0]]
[2021.11.03-03.57.15:585][  0]LogConfig: Setting CVar [[r.DistanceFieldShadowing:1]]
[2021.11.03-03.57.15:585][  0]LogConfig: Setting CVar [[r.DistanceFieldAO:1]]
[2021.11.03-03.57.15:585][  0]LogConfig: Setting CVar [[r.AOQuality:2]]
[2021.11.03-03.57.15:585][  0]LogConfig: Setting CVar [[r.VolumetricFog:1]]
[2021.11.03-03.57.15:585][  0]LogConfig: Setting CVar [[r.VolumetricFog.GridPixelSize:8]]
[2021.11.03-03.57.15:585][  0]LogConfig: Setting CVar [[r.VolumetricFog.GridSizeZ:128]]
[2021.11.03-03.57.15:585][  0]LogConfig: Setting CVar [[r.VolumetricFog.HistoryMissSupersampleCount:4]]
[2021.11.03-03.57.15:585][  0]LogConfig: Setting CVar [[r.LightMaxDrawDistanceScale:1]]
[2021.11.03-03.57.15:585][  0]LogConfig: Setting CVar [[r.CapsuleShadows:1]]
[2021.11.03-03.57.15:585][  0]LogConfig: Applying CVar settings from Section [PostProcessQuality@3] File [D:/UE4/BioProject/BioProject/Saved/Config/Windows/Scalability.ini]
[2021.11.03-03.57.15:585][  0]LogConfig: Setting CVar [[r.MotionBlurQuality:4]]
[2021.11.03-03.57.15:585][  0]LogConfig: Setting CVar [[r.AmbientOcclusionMipLevelFactor:0.4]]
[2021.11.03-03.57.15:585][  0]LogConfig: Setting CVar [[r.AmbientOcclusionMaxQuality:100]]
[2021.11.03-03.57.15:585][  0]LogConfig: Setting CVar [[r.AmbientOcclusionLevels:-1]]
[2021.11.03-03.57.15:585][  0]LogConfig: Setting CVar [[r.AmbientOcclusionRadiusScale:1.0]]
[2021.11.03-03.57.15:585][  0]LogConfig: Setting CVar [[r.DepthOfFieldQuality:2]]
[2021.11.03-03.57.15:585][  0]LogConfig: Setting CVar [[r.RenderTargetPoolMin:400]]
[2021.11.03-03.57.15:585][  0]LogConfig: Setting CVar [[r.LensFlareQuality:2]]
[2021.11.03-03.57.15:585][  0]LogConfig: Setting CVar [[r.SceneColorFringeQuality:1]]
[2021.11.03-03.57.15:585][  0]LogConfig: Setting CVar [[r.EyeAdaptationQuality:2]]
[2021.11.03-03.57.15:585][  0]LogConfig: Setting CVar [[r.BloomQuality:5]]
[2021.11.03-03.57.15:585][  0]LogConfig: Setting CVar [[r.FastBlurThreshold:100]]
[2021.11.03-03.57.15:585][  0]LogConfig: Setting CVar [[r.Upscale.Quality:3]]
[2021.11.03-03.57.15:585][  0]LogConfig: Setting CVar [[r.Tonemapper.GrainQuantization:1]]
[2021.11.03-03.57.15:585][  0]LogConfig: Setting CVar [[r.LightShaftQuality:1]]
[2021.11.03-03.57.15:585][  0]LogConfig: Setting CVar [[r.Filter.SizeScale:1]]
[2021.11.03-03.57.15:585][  0]LogConfig: Setting CVar [[r.Tonemapper.Quality:5]]
[2021.11.03-03.57.15:585][  0]LogConfig: Setting CVar [[r.DOF.Gather.AccumulatorQuality:1        ; higher gathering accumulator quality]]
[2021.11.03-03.57.15:585][  0]LogConfig: Setting CVar [[r.DOF.Gather.PostfilterMethod:1          ; Median3x3 postfilering method]]
[2021.11.03-03.57.15:585][  0]LogConfig: Setting CVar [[r.DOF.Gather.EnableBokehSettings:0       ; no bokeh simulation when gathering]]
[2021.11.03-03.57.15:585][  0]LogConfig: Setting CVar [[r.DOF.Gather.RingCount:4                 ; medium number of samples when gathering]]
[2021.11.03-03.57.15:585][  0]LogConfig: Setting CVar [[r.DOF.Scatter.ForegroundCompositing:1    ; additive foreground scattering]]
[2021.11.03-03.57.15:585][  0]LogConfig: Setting CVar [[r.DOF.Scatter.BackgroundCompositing:2    ; additive background scattering]]
[2021.11.03-03.57.15:585][  0]LogConfig: Setting CVar [[r.DOF.Scatter.EnableBokehSettings:1      ; bokeh simulation when scattering]]
[2021.11.03-03.57.15:585][  0]LogConfig: Setting CVar [[r.DOF.Scatter.MaxSpriteRatio:0.1         ; only a maximum of 10% of scattered bokeh]]
[2021.11.03-03.57.15:585][  0]LogConfig: Setting CVar [[r.DOF.Recombine.Quality:1                ; cheap slight out of focus]]
[2021.11.03-03.57.15:585][  0]LogConfig: Setting CVar [[r.DOF.Recombine.EnableBokehSettings:0    ; no bokeh simulation on slight out of focus]]
[2021.11.03-03.57.15:585][  0]LogConfig: Setting CVar [[r.DOF.TemporalAAQuality:1                ; more stable temporal accumulation]]
[2021.11.03-03.57.15:585][  0]LogConfig: Setting CVar [[r.DOF.Kernel.MaxForegroundRadius:0.025]]
[2021.11.03-03.57.15:585][  0]LogConfig: Setting CVar [[r.DOF.Kernel.MaxBackgroundRadius:0.025]]
[2021.11.03-03.57.15:585][  0]LogConfig: Applying CVar settings from Section [TextureQuality@3] File [D:/UE4/BioProject/BioProject/Saved/Config/Windows/Scalability.ini]
[2021.11.03-03.57.15:585][  0]LogConfig: Setting CVar [[r.Streaming.MipBias:0]]
[2021.11.03-03.57.15:585][  0]LogConfig: Setting CVar [[r.Streaming.AmortizeCPUToGPUCopy:0]]
[2021.11.03-03.57.15:585][  0]LogConfig: Setting CVar [[r.Streaming.MaxNumTexturesToStreamPerFrame:0]]
[2021.11.03-03.57.15:585][  0]LogConfig: Setting CVar [[r.Streaming.Boost:1]]
[2021.11.03-03.57.15:585][  0]LogConfig: Setting CVar [[r.MaxAnisotropy:8]]
[2021.11.03-03.57.15:585][  0]LogConfig: Setting CVar [[r.VT.MaxAnisotropy:8]]
[2021.11.03-03.57.15:585][  0]LogConfig: Setting CVar [[r.Streaming.LimitPoolSizeToVRAM:0]]
[2021.11.03-03.57.15:585][  0]LogConfig: Setting CVar [[r.Streaming.PoolSize:1000]]
[2021.11.03-03.57.15:585][  0]LogConfig: Setting CVar [[r.Streaming.MaxEffectiveScreenSize:0]]
[2021.11.03-03.57.15:585][  0]LogConfig: Applying CVar settings from Section [EffectsQuality@3] File [D:/UE4/BioProject/BioProject/Saved/Config/Windows/Scalability.ini]
[2021.11.03-03.57.15:585][  0]LogConfig: Setting CVar [[r.TranslucencyLightingVolumeDim:64]]
[2021.11.03-03.57.15:585][  0]LogConfig: Setting CVar [[r.RefractionQuality:2]]
[2021.11.03-03.57.15:585][  0]LogConfig: Setting CVar [[r.SSR.Quality:3]]
[2021.11.03-03.57.15:585][  0]LogConfig: Setting CVar [[r.SSR.HalfResSceneColor:0]]
[2021.11.03-03.57.15:585][  0]LogConfig: Setting CVar [[r.SceneColorFormat:4]]
[2021.11.03-03.57.15:585][  0]LogConfig: Setting CVar [[r.DetailMode:2]]
[2021.11.03-03.57.15:585][  0]LogConfig: Setting CVar [[r.TranslucencyVolumeBlur:1]]
[2021.11.03-03.57.15:585][  0]LogConfig: Setting CVar [[r.MaterialQualityLevel:1 ; High quality]]
[2021.11.03-03.57.15:585][  0]LogConfig: Setting CVar [[r.SSS.Scale:1]]
[2021.11.03-03.57.15:585][  0]LogConfig: Setting CVar [[r.SSS.SampleSet:2]]
[2021.11.03-03.57.15:585][  0]LogConfig: Setting CVar [[r.SSS.Quality:1]]
[2021.11.03-03.57.15:585][  0]LogConfig: Setting CVar [[r.SSS.HalfRes:1]]
[2021.11.03-03.57.15:586][  0]LogConfig: Setting CVar [[r.SSGI.Quality:3]]
[2021.11.03-03.57.15:586][  0]LogConfig: Setting CVar [[r.EmitterSpawnRateScale:1.0]]
[2021.11.03-03.57.15:586][  0]LogConfig: Setting CVar [[r.ParticleLightQuality:2]]
[2021.11.03-03.57.15:586][  0]LogConfig: Setting CVar [[r.SkyAtmosphere.AerialPerspectiveLUT.FastApplyOnOpaque:1 ; Always have FastSkyLUT 1 in this case to avoid wrong sky]]
[2021.11.03-03.57.15:586][  0]LogConfig: Setting CVar [[r.SkyAtmosphere.AerialPerspectiveLUT.SampleCountPerSlice:1]]
[2021.11.03-03.57.15:586][  0]LogConfig: Setting CVar [[r.SkyAtmosphere.AerialPerspectiveLUT.DepthResolution:16.0]]
[2021.11.03-03.57.15:586][  0]LogConfig: Setting CVar [[r.SkyAtmosphere.FastSkyLUT:1]]
[2021.11.03-03.57.15:586][  0]LogConfig: Setting CVar [[r.SkyAtmosphere.FastSkyLUT.SampleCountMin:4.0]]
[2021.11.03-03.57.15:586][  0]LogConfig: Setting CVar [[r.SkyAtmosphere.FastSkyLUT.SampleCountMax:32.0]]
[2021.11.03-03.57.15:586][  0]LogConfig: Setting CVar [[r.SkyAtmosphere.SampleCountMin:4.0]]
[2021.11.03-03.57.15:586][  0]LogConfig: Setting CVar [[r.SkyAtmosphere.SampleCountMax:32.0]]
[2021.11.03-03.57.15:586][  0]LogConfig: Setting CVar [[r.SkyAtmosphere.TransmittanceLUT.UseSmallFormat:0]]
[2021.11.03-03.57.15:586][  0]LogConfig: Setting CVar [[r.SkyAtmosphere.TransmittanceLUT.SampleCount:10.0]]
[2021.11.03-03.57.15:586][  0]LogConfig: Setting CVar [[r.SkyAtmosphere.MultiScatteringLUT.SampleCount:15.0]]
[2021.11.03-03.57.15:586][  0]LogConfig: Applying CVar settings from Section [FoliageQuality@3] File [D:/UE4/BioProject/BioProject/Saved/Config/Windows/Scalability.ini]
[2021.11.03-03.57.15:586][  0]LogConfig: Setting CVar [[foliage.DensityScale:1.0]]
[2021.11.03-03.57.15:586][  0]LogConfig: Setting CVar [[grass.DensityScale:1.0]]
[2021.11.03-03.57.15:586][  0]LogConfig: Applying CVar settings from Section [ShadingQuality@3] File [D:/UE4/BioProject/BioProject/Saved/Config/Windows/Scalability.ini]
[2021.11.03-03.57.15:586][  0]LogConfig: Setting CVar [[r.HairStrands.SkyLighting.SampleCount:16]]
[2021.11.03-03.57.15:586][  0]LogConfig: Setting CVar [[r.HairStrands.SkyLighting.JitterIntegration:0]]
[2021.11.03-03.57.15:586][  0]LogConfig: Setting CVar [[r.HairStrands.SkyAO.SampleCount:16]]
[2021.11.03-03.57.15:603][  0]LogInit: Selected Device Profile: [Windows]
[2021.11.03-03.57.15:608][  0]LogInit: Applying CVar settings loaded from the selected device profile: [Windows]
[2021.11.03-03.57.15:647][  0]LogHAL: Display: Platform has ~ 16 GB [17096589312 / 17179869184 / 16], which maps to Larger [LargestMinGB=32, LargerMinGB=12, DefaultMinGB=8, SmallerMinGB=6, SmallestMinGB=0)
[2021.11.03-03.57.15:647][  0]LogInit: Going up to parent DeviceProfile []
[2021.11.03-03.57.15:647][  0]LogConfig: Applying CVar settings from Section [ViewDistanceQuality@3] File [D:/UE4/BioProject/BioProject/Saved/Config/Windows/Scalability.ini]
[2021.11.03-03.57.15:647][  0]LogConfig: Setting CVar [[r.SkeletalMeshLODBias:0]]
[2021.11.03-03.57.15:647][  0]LogConfig: Setting CVar [[r.ViewDistanceScale:1.0]]
[2021.11.03-03.57.15:647][  0]LogConfig: Applying CVar settings from Section [AntiAliasingQuality@3] File [D:/UE4/BioProject/BioProject/Saved/Config/Windows/Scalability.ini]
[2021.11.03-03.57.15:647][  0]LogConfig: Setting CVar [[r.PostProcessAAQuality:4]]
[2021.11.03-03.57.15:647][  0]LogConfig: Applying CVar settings from Section [ShadowQuality@3] File [D:/UE4/BioProject/BioProject/Saved/Config/Windows/Scalability.ini]
[2021.11.03-03.57.15:647][  0]LogConfig: Setting CVar [[r.LightFunctionQuality:1]]
[2021.11.03-03.57.15:647][  0]LogConfig: Setting CVar [[r.ShadowQuality:5]]
[2021.11.03-03.57.15:647][  0]LogConfig: Setting CVar [[r.Shadow.CSM.MaxCascades:10]]
[2021.11.03-03.57.15:647][  0]LogConfig: Setting CVar [[r.Shadow.MaxResolution:2048]]
[2021.11.03-03.57.15:647][  0]LogConfig: Setting CVar [[r.Shadow.MaxCSMResolution:2048]]
[2021.11.03-03.57.15:647][  0]LogConfig: Setting CVar [[r.Shadow.RadiusThreshold:0.01]]
[2021.11.03-03.57.15:647][  0]LogConfig: Setting CVar [[r.Shadow.DistanceScale:1.0]]
[2021.11.03-03.57.15:647][  0]LogConfig: Setting CVar [[r.Shadow.CSM.TransitionScale:1.0]]
[2021.11.03-03.57.15:647][  0]LogConfig: Setting CVar [[r.Shadow.PreShadowResolutionFactor:1.0]]
[2021.11.03-03.57.15:647][  0]LogConfig: Setting CVar [[r.DistanceFieldShadowing:1]]
[2021.11.03-03.57.15:647][  0]LogConfig: Setting CVar [[r.DistanceFieldAO:1]]
[2021.11.03-03.57.15:647][  0]LogConfig: Setting CVar [[r.AOQuality:2]]
[2021.11.03-03.57.15:647][  0]LogConfig: Setting CVar [[r.VolumetricFog:1]]
[2021.11.03-03.57.15:647][  0]LogConfig: Setting CVar [[r.VolumetricFog.GridPixelSize:8]]
[2021.11.03-03.57.15:647][  0]LogConfig: Setting CVar [[r.VolumetricFog.GridSizeZ:128]]
[2021.11.03-03.57.15:647][  0]LogConfig: Setting CVar [[r.VolumetricFog.HistoryMissSupersampleCount:4]]
[2021.11.03-03.57.15:647][  0]LogConfig: Setting CVar [[r.LightMaxDrawDistanceScale:1]]
[2021.11.03-03.57.15:647][  0]LogConfig: Setting CVar [[r.CapsuleShadows:1]]
[2021.11.03-03.57.15:647][  0]LogConfig: Applying CVar settings from Section [PostProcessQuality@3] File [D:/UE4/BioProject/BioProject/Saved/Config/Windows/Scalability.ini]
[2021.11.03-03.57.15:647][  0]LogConfig: Setting CVar [[r.MotionBlurQuality:4]]
[2021.11.03-03.57.15:647][  0]LogConfig: Setting CVar [[r.AmbientOcclusionMipLevelFactor:0.4]]
[2021.11.03-03.57.15:647][  0]LogConfig: Setting CVar [[r.AmbientOcclusionMaxQuality:100]]
[2021.11.03-03.57.15:647][  0]LogConfig: Setting CVar [[r.AmbientOcclusionLevels:-1]]
[2021.11.03-03.57.15:647][  0]LogConfig: Setting CVar [[r.AmbientOcclusionRadiusScale:1.0]]
[2021.11.03-03.57.15:647][  0]LogConfig: Setting CVar [[r.DepthOfFieldQuality:2]]
[2021.11.03-03.57.15:647][  0]LogConfig: Setting CVar [[r.RenderTargetPoolMin:400]]
[2021.11.03-03.57.15:647][  0]LogConfig: Setting CVar [[r.LensFlareQuality:2]]
[2021.11.03-03.57.15:647][  0]LogConfig: Setting CVar [[r.SceneColorFringeQuality:1]]
[2021.11.03-03.57.15:648][  0]LogConfig: Setting CVar [[r.EyeAdaptationQuality:2]]
[2021.11.03-03.57.15:648][  0]LogConfig: Setting CVar [[r.BloomQuality:5]]
[2021.11.03-03.57.15:648][  0]LogConfig: Setting CVar [[r.FastBlurThreshold:100]]
[2021.11.03-03.57.15:648][  0]LogConfig: Setting CVar [[r.Upscale.Quality:3]]
[2021.11.03-03.57.15:648][  0]LogConfig: Setting CVar [[r.Tonemapper.GrainQuantization:1]]
[2021.11.03-03.57.15:648][  0]LogConfig: Setting CVar [[r.LightShaftQuality:1]]
[2021.11.03-03.57.15:648][  0]LogConfig: Setting CVar [[r.Filter.SizeScale:1]]
[2021.11.03-03.57.15:648][  0]LogConfig: Setting CVar [[r.Tonemapper.Quality:5]]
[2021.11.03-03.57.15:648][  0]LogConfig: Setting CVar [[r.DOF.Gather.AccumulatorQuality:1        ; higher gathering accumulator quality]]
[2021.11.03-03.57.15:648][  0]LogConfig: Setting CVar [[r.DOF.Gather.PostfilterMethod:1          ; Median3x3 postfilering method]]
[2021.11.03-03.57.15:648][  0]LogConfig: Setting CVar [[r.DOF.Gather.EnableBokehSettings:0       ; no bokeh simulation when gathering]]
[2021.11.03-03.57.15:648][  0]LogConfig: Setting CVar [[r.DOF.Gather.RingCount:4                 ; medium number of samples when gathering]]
[2021.11.03-03.57.15:648][  0]LogConfig: Setting CVar [[r.DOF.Scatter.ForegroundCompositing:1    ; additive foreground scattering]]
[2021.11.03-03.57.15:648][  0]LogConfig: Setting CVar [[r.DOF.Scatter.BackgroundCompositing:2    ; additive background scattering]]
[2021.11.03-03.57.15:648][  0]LogConfig: Setting CVar [[r.DOF.Scatter.EnableBokehSettings:1      ; bokeh simulation when scattering]]
[2021.11.03-03.57.15:648][  0]LogConfig: Setting CVar [[r.DOF.Scatter.MaxSpriteRatio:0.1         ; only a maximum of 10% of scattered bokeh]]
[2021.11.03-03.57.15:648][  0]LogConfig: Setting CVar [[r.DOF.Recombine.Quality:1                ; cheap slight out of focus]]
[2021.11.03-03.57.15:648][  0]LogConfig: Setting CVar [[r.DOF.Recombine.EnableBokehSettings:0    ; no bokeh simulation on slight out of focus]]
[2021.11.03-03.57.15:648][  0]LogConfig: Setting CVar [[r.DOF.TemporalAAQuality:1                ; more stable temporal accumulation]]
[2021.11.03-03.57.15:648][  0]LogConfig: Setting CVar [[r.DOF.Kernel.MaxForegroundRadius:0.025]]
[2021.11.03-03.57.15:648][  0]LogConfig: Setting CVar [[r.DOF.Kernel.MaxBackgroundRadius:0.025]]
[2021.11.03-03.57.15:648][  0]LogConfig: Applying CVar settings from Section [TextureQuality@3] File [D:/UE4/BioProject/BioProject/Saved/Config/Windows/Scalability.ini]
[2021.11.03-03.57.15:648][  0]LogConfig: Setting CVar [[r.Streaming.MipBias:0]]
[2021.11.03-03.57.15:648][  0]LogConfig: Setting CVar [[r.Streaming.AmortizeCPUToGPUCopy:0]]
[2021.11.03-03.57.15:648][  0]LogConfig: Setting CVar [[r.Streaming.MaxNumTexturesToStreamPerFrame:0]]
[2021.11.03-03.57.15:648][  0]LogConfig: Setting CVar [[r.Streaming.Boost:1]]
[2021.11.03-03.57.15:648][  0]LogConfig: Setting CVar [[r.MaxAnisotropy:8]]
[2021.11.03-03.57.15:648][  0]LogConfig: Setting CVar [[r.VT.MaxAnisotropy:8]]
[2021.11.03-03.57.15:648][  0]LogConfig: Setting CVar [[r.Streaming.LimitPoolSizeToVRAM:0]]
[2021.11.03-03.57.15:648][  0]LogConfig: Setting CVar [[r.Streaming.PoolSize:1000]]
[2021.11.03-03.57.15:648][  0]LogConfig: Setting CVar [[r.Streaming.MaxEffectiveScreenSize:0]]
[2021.11.03-03.57.15:648][  0]LogConfig: Applying CVar settings from Section [EffectsQuality@3] File [D:/UE4/BioProject/BioProject/Saved/Config/Windows/Scalability.ini]
[2021.11.03-03.57.15:648][  0]LogConfig: Setting CVar [[r.TranslucencyLightingVolumeDim:64]]
[2021.11.03-03.57.15:648][  0]LogConfig: Setting CVar [[r.RefractionQuality:2]]
[2021.11.03-03.57.15:648][  0]LogConfig: Setting CVar [[r.SSR.Quality:3]]
[2021.11.03-03.57.15:648][  0]LogConfig: Setting CVar [[r.SSR.HalfResSceneColor:0]]
[2021.11.03-03.57.15:648][  0]LogConfig: Setting CVar [[r.SceneColorFormat:4]]
[2021.11.03-03.57.15:648][  0]LogConfig: Setting CVar [[r.DetailMode:2]]
[2021.11.03-03.57.15:648][  0]LogConfig: Setting CVar [[r.TranslucencyVolumeBlur:1]]
[2021.11.03-03.57.15:648][  0]LogConfig: Setting CVar [[r.MaterialQualityLevel:1 ; High quality]]
[2021.11.03-03.57.15:648][  0]LogConfig: Setting CVar [[r.SSS.Scale:1]]
[2021.11.03-03.57.15:648][  0]LogConfig: Setting CVar [[r.SSS.SampleSet:2]]
[2021.11.03-03.57.15:648][  0]LogConfig: Setting CVar [[r.SSS.Quality:1]]
[2021.11.03-03.57.15:648][  0]LogConfig: Setting CVar [[r.SSS.HalfRes:1]]
[2021.11.03-03.57.15:648][  0]LogConfig: Setting CVar [[r.SSGI.Quality:3]]
[2021.11.03-03.57.15:648][  0]LogConfig: Setting CVar [[r.EmitterSpawnRateScale:1.0]]
[2021.11.03-03.57.15:648][  0]LogConfig: Setting CVar [[r.ParticleLightQuality:2]]
[2021.11.03-03.57.15:648][  0]LogConfig: Setting CVar [[r.SkyAtmosphere.AerialPerspectiveLUT.FastApplyOnOpaque:1 ; Always have FastSkyLUT 1 in this case to avoid wrong sky]]
[2021.11.03-03.57.15:648][  0]LogConfig: Setting CVar [[r.SkyAtmosphere.AerialPerspectiveLUT.SampleCountPerSlice:1]]
[2021.11.03-03.57.15:648][  0]LogConfig: Setting CVar [[r.SkyAtmosphere.AerialPerspectiveLUT.DepthResolution:16.0]]
[2021.11.03-03.57.15:648][  0]LogConfig: Setting CVar [[r.SkyAtmosphere.FastSkyLUT:1]]
[2021.11.03-03.57.15:648][  0]LogConfig: Setting CVar [[r.SkyAtmosphere.FastSkyLUT.SampleCountMin:4.0]]
[2021.11.03-03.57.15:648][  0]LogConfig: Setting CVar [[r.SkyAtmosphere.FastSkyLUT.SampleCountMax:32.0]]
[2021.11.03-03.57.15:648][  0]LogConfig: Setting CVar [[r.SkyAtmosphere.SampleCountMin:4.0]]
[2021.11.03-03.57.15:648][  0]LogConfig: Setting CVar [[r.SkyAtmosphere.SampleCountMax:32.0]]
[2021.11.03-03.57.15:648][  0]LogConfig: Setting CVar [[r.SkyAtmosphere.TransmittanceLUT.UseSmallFormat:0]]
[2021.11.03-03.57.15:648][  0]LogConfig: Setting CVar [[r.SkyAtmosphere.TransmittanceLUT.SampleCount:10.0]]
[2021.11.03-03.57.15:648][  0]LogConfig: Setting CVar [[r.SkyAtmosphere.MultiScatteringLUT.SampleCount:15.0]]
[2021.11.03-03.57.15:648][  0]LogConfig: Applying CVar settings from Section [FoliageQuality@3] File [D:/UE4/BioProject/BioProject/Saved/Config/Windows/Scalability.ini]
[2021.11.03-03.57.15:648][  0]LogConfig: Setting CVar [[foliage.DensityScale:1.0]]
[2021.11.03-03.57.15:648][  0]LogConfig: Setting CVar [[grass.DensityScale:1.0]]
[2021.11.03-03.57.15:648][  0]LogConfig: Applying CVar settings from Section [ShadingQuality@3] File [D:/UE4/BioProject/BioProject/Saved/Config/Windows/Scalability.ini]
[2021.11.03-03.57.15:648][  0]LogConfig: Setting CVar [[r.HairStrands.SkyLighting.SampleCount:16]]
[2021.11.03-03.57.15:648][  0]LogConfig: Setting CVar [[r.HairStrands.SkyLighting.JitterIntegration:0]]
[2021.11.03-03.57.15:648][  0]LogConfig: Setting CVar [[r.HairStrands.SkyAO.SampleCount:16]]
[2021.11.03-03.57.15:648][  0]LogConfig: Applying CVar settings from Section [Startup] File [../../../Engine/Config/ConsoleVariables.ini]
[2021.11.03-03.57.15:648][  0]LogConfig: Setting CVar [[net.UseAdaptiveNetUpdateFrequency:0]]
[2021.11.03-03.57.15:648][  0]LogConfig: Setting CVar [[p.chaos.AllowCreatePhysxBodies:1]]
[2021.11.03-03.57.15:648][  0]LogConfig: Applying CVar settings from Section [ConsoleVariables] File [D:/UE4/BioProject/BioProject/Saved/Config/Windows/Engine.ini]
[2021.11.03-03.57.15:649][  0]LogInit: Computer: DESKTOP-R4VUFCC
[2021.11.03-03.57.15:649][  0]LogInit: User: inato
[2021.11.03-03.57.15:649][  0]LogInit: CPU Page size=4096, Cores=8
[2021.11.03-03.57.15:649][  0]LogInit: High frequency timer resolution =10.000000 MHz
[2021.11.03-03.57.15:649][  0]LogMemory: Memory total: Physical=15.9GB (16GB approx)
[2021.11.03-03.57.15:650][  0]LogMemory: Platform Memory Stats for Windows
[2021.11.03-03.57.15:650][  0]LogMemory: Process Physical Memory: 116.01 MB used, 116.01 MB peak
[2021.11.03-03.57.15:650][  0]LogMemory: Process Virtual Memory: 103.41 MB used, 103.41 MB peak
[2021.11.03-03.57.15:650][  0]LogMemory: Physical Memory: 8942.04 MB used,  7362.54 MB free, 16304.58 MB total
[2021.11.03-03.57.15:650][  0]LogMemory: Virtual Memory: 5235.01 MB used,  134212496.00 MB free, 134217728.00 MB total
[2021.11.03-03.57.15:656][  0]LogWindows: WindowsPlatformFeatures enabled
[2021.11.03-03.57.16:608][  0]LogInit: Using OS detected language (ja-JP).
[2021.11.03-03.57.16:608][  0]LogInit: Using OS detected locale (ja-JP).
[2021.11.03-03.57.16:628][  0]LogTextLocalizationManager: No specific localization for 'ja-JP' exists, so the 'ja' localization will be used.
[2021.11.03-03.57.17:058][  0]LogInit: Setting process to per monitor DPI aware
[2021.11.03-03.57.17:905][  0]LogSlate: New Slate User Created.  User Index 0, Is Virtual User: 0
[2021.11.03-03.57.17:905][  0]LogSlate: Slate User Registered.  User Index 0, Is Virtual User: 0
[2021.11.03-03.57.22:130][  0]LogHMD: Failed to initialize OpenVR with code 110
[2021.11.03-03.57.22:130][  0]LogD3D11RHI: D3D11 min allowed feature level: 11_0
[2021.11.03-03.57.22:130][  0]LogD3D11RHI: D3D11 max allowed feature level: 11_0
[2021.11.03-03.57.22:130][  0]LogD3D11RHI: D3D11 adapters:
[2021.11.03-03.57.22:237][  0]LogD3D11RHI:    0. 'NVIDIA GeForce RTX 2070' (Feature Level 11_0)
[2021.11.03-03.57.22:237][  0]LogD3D11RHI:       8031/0/8152 MB DedicatedVideo/DedicatedSystem/SharedSystem, Outputs:2, VendorId:0x10de
[2021.11.03-03.57.22:239][  0]LogD3D11RHI:    1. 'Microsoft Basic Render Driver' (Feature Level 11_0)
[2021.11.03-03.57.22:239][  0]LogD3D11RHI:       0/0/8152 MB DedicatedVideo/DedicatedSystem/SharedSystem, Outputs:0, VendorId:0x1414
[2021.11.03-03.57.22:239][  0]LogD3D11RHI: Chosen D3D11 Adapter: 0
[2021.11.03-03.57.22:268][  0]LogD3D11RHI: Creating new Direct3DDevice
[2021.11.03-03.57.22:269][  0]LogD3D11RHI:     GPU DeviceId: 0x1f02 (for the marketing name, search the web for "GPU Device Id")
[2021.11.03-03.57.22:269][  0]LogWindows: EnumDisplayDevices:
[2021.11.03-03.57.22:269][  0]LogWindows:    0. 'NVIDIA GeForce RTX 2070' (P:1 D:1)
[2021.11.03-03.57.22:269][  0]LogWindows:    1. 'NVIDIA GeForce RTX 2070' (P:0 D:0)
[2021.11.03-03.57.22:269][  0]LogWindows:    2. 'NVIDIA GeForce RTX 2070' (P:0 D:1)
[2021.11.03-03.57.22:269][  0]LogWindows:    3. 'NVIDIA GeForce RTX 2070' (P:0 D:0)
[2021.11.03-03.57.22:269][  0]LogWindows: DebugString: FoundDriverCount:4 
[2021.11.03-03.57.22:269][  0]LogD3D11RHI:     Adapter Name: NVIDIA GeForce RTX 2070
[2021.11.03-03.57.22:269][  0]LogD3D11RHI:   Driver Version: 472.12 (internal:30.0.14.7212, unified:472.12)
[2021.11.03-03.57.22:269][  0]LogD3D11RHI:      Driver Date: 9-13-2021
[2021.11.03-03.57.22:270][  0]LogRHI: Texture pool is 5621 MB (70% of 8031 MB)
[2021.11.03-03.57.22:341][  0]LogD3D11RHI: RHI has support for 64 bit atomics
[2021.11.03-03.57.22:341][  0]LogD3D11RHI: Async texture creation enabled
[2021.11.03-03.57.22:665][  0]LogD3D11RHI: GPU Timing Frequency: 1000.000000 (Debug: 2 1)
[2021.11.03-03.57.23:190][  0]LogTargetPlatformManager: Display: Loaded TargetPlatform 'AllDesktop'
[2021.11.03-03.57.23:261][  0]LogTargetPlatformManager: Display: Loaded TargetPlatform 'Android'
[2021.11.03-03.57.23:261][  0]LogTargetPlatformManager: Display: Loaded TargetPlatform 'Android_ASTC'
[2021.11.03-03.57.23:261][  0]LogTargetPlatformManager: Display: Loaded TargetPlatform 'Android_ATC'
[2021.11.03-03.57.23:261][  0]LogTargetPlatformManager: Display: Loaded TargetPlatform 'Android_DXT'
[2021.11.03-03.57.23:261][  0]LogTargetPlatformManager: Display: Loaded TargetPlatform 'Android_ETC1'
[2021.11.03-03.57.23:261][  0]LogTargetPlatformManager: Display: Loaded TargetPlatform 'Android_ETC1a'
[2021.11.03-03.57.23:261][  0]LogTargetPlatformManager: Display: Loaded TargetPlatform 'Android_ETC2'
[2021.11.03-03.57.23:261][  0]LogTargetPlatformManager: Display: Loaded TargetPlatform 'Android_PVRTC'
[2021.11.03-03.57.23:261][  0]LogTargetPlatformManager: Display: Loaded TargetPlatform 'AndroidClient'
[2021.11.03-03.57.23:261][  0]LogTargetPlatformManager: Display: Loaded TargetPlatform 'Android_ASTCClient'
[2021.11.03-03.57.23:261][  0]LogTargetPlatformManager: Display: Loaded TargetPlatform 'Android_ATCClient'
[2021.11.03-03.57.23:261][  0]LogTargetPlatformManager: Display: Loaded TargetPlatform 'Android_DXTClient'
[2021.11.03-03.57.23:261][  0]LogTargetPlatformManager: Display: Loaded TargetPlatform 'Android_ETC1Client'
[2021.11.03-03.57.23:261][  0]LogTargetPlatformManager: Display: Loaded TargetPlatform 'Android_ETC1aClient'
[2021.11.03-03.57.23:261][  0]LogTargetPlatformManager: Display: Loaded TargetPlatform 'Android_ETC2Client'
[2021.11.03-03.57.23:261][  0]LogTargetPlatformManager: Display: Loaded TargetPlatform 'Android_PVRTCClient'
[2021.11.03-03.57.23:261][  0]LogTargetPlatformManager: Display: Loaded TargetPlatform 'Android_Multi'
[2021.11.03-03.57.23:261][  0]LogTargetPlatformManager: Display: Loaded TargetPlatform 'Android_MultiClient'
[2021.11.03-03.57.23:421][  0]LogTargetPlatformManager: Display: Loaded TargetPlatform 'IOSClient'
[2021.11.03-03.57.23:421][  0]LogTargetPlatformManager: Display: Loaded TargetPlatform 'IOS'
[2021.11.03-03.57.23:464][  0]LogTargetPlatformManager: Display: Loaded TargetPlatform 'LinuxNoEditor'
[2021.11.03-03.57.23:484][  0]LogTargetPlatformManager: Display: Loaded TargetPlatform 'LinuxClient'
[2021.11.03-03.57.23:511][  0]LogTargetPlatformManager: Display: Loaded TargetPlatform 'LinuxServer'
[2021.11.03-03.57.23:525][  0]LogTargetPlatformManager: Display: Loaded TargetPlatform 'LinuxAArch64NoEditor'
[2021.11.03-03.57.23:537][  0]LogTargetPlatformManager: Display: Loaded TargetPlatform 'LinuxAArch64Client'
[2021.11.03-03.57.23:550][  0]LogTargetPlatformManager: Display: Loaded TargetPlatform 'LinuxAArch64Server'
[2021.11.03-03.57.23:589][  0]LogTargetPlatformManager: Display: Loaded TargetPlatform 'Lumin'
[2021.11.03-03.57.23:589][  0]LogTargetPlatformManager: Display: Loaded TargetPlatform 'LuminClient'
[2021.11.03-03.57.23:639][  0]LogTargetPlatformManager: Display: Loaded TargetPlatform 'TVOSClient'
[2021.11.03-03.57.23:639][  0]LogTargetPlatformManager: Display: Loaded TargetPlatform 'TVOS'
[2021.11.03-03.57.23:666][  0]LogTargetPlatformManager: Display: Loaded TargetPlatform 'WindowsNoEditor'
[2021.11.03-03.57.23:699][  0]LogTargetPlatformManager: Display: Loaded TargetPlatform 'Windows'
[2021.11.03-03.57.23:719][  0]LogTargetPlatformManager: Display: Loaded TargetPlatform 'WindowsClient'
[2021.11.03-03.57.23:752][  0]LogTargetPlatformManager: Display: Loaded TargetPlatform 'WindowsServer'
[2021.11.03-03.57.23:752][  0]LogTargetPlatformManager: Display: Building Assets For Windows
[2021.11.03-03.57.23:979][  0]LogAudioDebug: Display: Lib vorbis DLL was dynamically loaded.
[2021.11.03-03.57.24:841][  0]LogShaderCompilers: Guid format shader working directory is 3 characters bigger than the processId version (../../../../../../UE4/BioProject/BioProject/Intermediate/Shaders/WorkingDirectory/1436/).
[2021.11.03-03.57.24:841][  0]LogShaderCompilers: Cleaned the shader compiler working directory 'C:/Users/inato/AppData/Local/Temp/UnrealShaderWorkingDir/7997FC0C4AC96747A0A3418DCACFA240/'.
[2021.11.03-03.57.24:842][  0]LogXGEController: Cleaning working directory: C:/Users/inato/AppData/Local/Temp/UnrealXGEWorkingDir/
[2021.11.03-03.57.24:842][  0]LogXGEController: Cannot use XGE Controller as Incredibuild is not installed on this machine.
[2021.11.03-03.57.24:842][  0]LogShaderCompilers: Cannot use XGE Shader Compiler as Incredibuild is not installed on this machine.
[2021.11.03-03.57.24:842][  0]LogShaderCompilers: Display: Using Local Shader Compiler.
[2021.11.03-03.57.27:889][  0]LogDerivedDataCache: Display: Max Cache Size: 512 MB
[2021.11.03-03.57.27:989][  0]LogDerivedDataCache: Loaded boot cache 0.10s 78MB C:/Users/inato/AppData/Local/UnrealEngine/4.24/DerivedDataCache/Boot.ddc.
[2021.11.03-03.57.27:989][  0]LogDerivedDataCache: Display: Loaded Boot cache: C:/Users/inato/AppData/Local/UnrealEngine/4.24/DerivedDataCache/Boot.ddc
[2021.11.03-03.57.27:989][  0]LogDerivedDataCache: FDerivedDataBackendGraph:  Pak pak cache file ../../../../../../UE4/BioProject/BioProject/DerivedDataCache/DDC.ddp not found, will not use a pak cache.
[2021.11.03-03.57.27:989][  0]LogDerivedDataCache: Unable to find inner node Pak for hierarchical cache Hierarchy.
[2021.11.03-03.57.27:989][  0]LogDerivedDataCache: FDerivedDataBackendGraph:  CompressedPak pak cache file ../../../../../../UE4/BioProject/BioProject/DerivedDataCache/Compressed.ddp not found, will not use a pak cache.
[2021.11.03-03.57.27:989][  0]LogDerivedDataCache: Unable to find inner node CompressedPak for hierarchical cache Hierarchy.
[2021.11.03-03.57.28:139][  0]LogDerivedDataCache: Display: Pak cache opened for reading ../../../Engine/DerivedDataCache/Compressed.ddp.
[2021.11.03-03.57.28:139][  0]LogDerivedDataCache: FDerivedDataBackendGraph:  EnterprisePak pak cache file ../../../Enterprise/DerivedDataCache/Compressed.ddp not found, will not use a pak cache.
[2021.11.03-03.57.28:139][  0]LogDerivedDataCache: Unable to find inner node EnterprisePak for hierarchical cache Hierarchy.
[2021.11.03-03.57.28:141][  0]LogDerivedDataCache: Using Local data cache path C:/Users/inato/AppData/Local/UnrealEngine/Common/DerivedDataCache: Writable
[2021.11.03-03.57.28:141][  0]LogDerivedDataCache: Shared data cache path not found in *engine.ini, will not use an Shared cache.
[2021.11.03-03.57.28:141][  0]LogDerivedDataCache: Unable to find inner node Shared for hierarchical cache Hierarchy.
[2021.11.03-03.57.28:199][  0]LogMaterial: Verifying Global Shaders for PCD3D_SM5
[2021.11.03-03.57.28:213][  0]LogSlate: Using FreeType 2.10.0
[2021.11.03-03.57.28:430][  0]LogSlate: SlateFontServices - WITH_FREETYPE: 1, WITH_HARFBUZZ: 1
[2021.11.03-03.57.30:943][  0]LogAssetRegistry: FAssetRegistry took 0.0030 seconds to start up
[2021.11.03-03.57.36:064][  0]LogInit: Selected Device Profile: [Windows]
[2021.11.03-03.57.39:209][  0]LogMeshReduction: Using QuadricMeshReduction for automatic static mesh reduction
[2021.11.03-03.57.39:209][  0]LogMeshReduction: Using SimplygonMeshReduction for automatic skeletal mesh reduction
[2021.11.03-03.57.39:209][  0]LogMeshReduction: Using ProxyLODMeshReduction for automatic mesh merging
[2021.11.03-03.57.39:209][  0]LogMeshReduction: No distributed automatic mesh merging module available
[2021.11.03-03.57.39:209][  0]LogMeshMerging: No distributed automatic mesh merging module available
[2021.11.03-03.57.39:706][  0]LogNetVersion: BioProject 1.0.0, NetCL: 10570792, EngineNetVer: 13, GameNetVer: 0 (Checksum: 1786095195)
[2021.11.03-03.58.09:806][  0]LogPackageLocalizationCache: Processed 12 localized package path(s) for 1 prioritized culture(s) in 0.028309 seconds
[2021.11.03-03.58.09:813][  0]LogUObjectArray: 46750 objects as part of root set at end of initial load.
[2021.11.03-03.58.09:813][  0]LogUObjectAllocator: 8137160 out of 0 bytes used by permanent object pool.
[2021.11.03-03.58.09:813][  0]LogUObjectArray: CloseDisregardForGC: 0/0 objects in disregard for GC pool
[2021.11.03-03.58.17:414][  0]LogPython: Using Python 2.7.14
[2021.11.03-03.58.19:068][  0]LogTcpMessaging: Initializing TcpMessaging bridge
[2021.11.03-03.58.19:161][  0]LogUdpMessaging: Initializing bridge on interface 0.0.0.0:0 to multicast group 230.0.0.1:6666.
[2021.11.03-03.58.20:642][  0]SourceControl: ソースコントロールは無効です
[2021.11.03-03.58.20:667][  0]SourceControl: ソースコントロールは無効です
[2021.11.03-03.58.20:864][  0]SourceControl: ソースコントロールは無効です
[2021.11.03-03.58.21:022][  0]SourceControl: ソースコントロールは無効です
[2021.11.03-03.58.21:099][  0]SourceControl: ソースコントロールは無効です
[2021.11.03-03.58.24:863][  0]LogAndroidPermission: UAndroidPermissionCallbackProxy::GetInstance
[2021.11.03-03.58.25:124][  0]LogAudioCaptureCore: Display: No Audio Capture implementations found. Audio input will be silent.
[2021.11.03-03.58.25:125][  0]LogAudioCaptureCore: Display: No Audio Capture implementations found. Audio input will be silent.
[2021.11.03-03.58.26:155][  0]LogOcInput: OculusInput pre-init called
[2021.11.03-03.58.26:412][  0]LogWindows: Failed to load 'OVRPlugin.dll' (GetLastError=126)
[2021.11.03-03.58.26:412][  0]LogWindows: File 'OVRPlugin.dll' does not exist
[2021.11.03-03.58.29:720][  0]LogEngine: Initializing Engine...
[2021.11.03-03.58.29:772][  0]LogHMD: Failed to initialize OpenVR with code 110
[2021.11.03-03.58.29:808][  0]LogStats: UGameplayTagsManager::InitializeManager -  0.000 s
[2021.11.03-03.58.30:256][  0]LogInit: Initializing FReadOnlyCVARCache
[2021.11.03-03.58.31:884][  0]LogAIModule: Creating AISystem for world Untitled
[2021.11.03-03.58.32:385][  0]LogAudioMixer: Display: Audio Mixer Platform Settings:
[2021.11.03-03.58.32:385][  0]LogAudioMixer: Display: 	Sample Rate:						  48000
[2021.11.03-03.58.32:385][  0]LogAudioMixer: Display: 	Callback Buffer Frame Size Requested: 1024
[2021.11.03-03.58.32:385][  0]LogAudioMixer: Display: 	Callback Buffer Frame Size To Use:	  1024
[2021.11.03-03.58.32:385][  0]LogAudioMixer: Display: 	Number of buffers to queue:			  2
[2021.11.03-03.58.32:385][  0]LogAudioMixer: Display: 	Max Channels (voices):				  32
[2021.11.03-03.58.32:385][  0]LogAudioMixer: Display: 	Number of Async Source Workers:		  0
[2021.11.03-03.58.32:415][  0]LogAudio: Display: AudioDevice MaxSources: 32
[2021.11.03-03.58.32:427][  0]LogAudio: Display: Using built-in audio occlusion.
[2021.11.03-03.58.32:427][  0]LogAudioMixer: Display: Initializing audio mixer.
[2021.11.03-03.58.32:753][  0]LogAudioMixer: Display: Audio Device Output Speaker Info:
[2021.11.03-03.58.32:753][  0]LogAudioMixer: Display: Name: ヘッドホン (AH-BT79 Stereo)
[2021.11.03-03.58.32:753][  0]LogAudioMixer: Display: Is Default: Yes
[2021.11.03-03.58.32:753][  0]LogAudioMixer: Display: Sample Rate: 44100
[2021.11.03-03.58.32:753][  0]LogAudioMixer: Display: Channel Count Used: 2
[2021.11.03-03.58.32:753][  0]LogAudioMixer: Display: Device Channel Count: 2
[2021.11.03-03.58.32:753][  0]LogAudioMixer: Display: Channel Order:
[2021.11.03-03.58.32:753][  0]LogAudioMixer: Display: 0: FrontLeft
[2021.11.03-03.58.32:753][  0]LogAudioMixer: Display: 1: FrontRight
[2021.11.03-03.58.32:771][  0]LogAudioMixer: Display: Using Audio Device ヘッドホン (AH-BT79 Stereo)
[2021.11.03-03.58.32:872][  0]LogInit: FAudioDevice initialized.
[2021.11.03-03.58.32:911][  0]LogNetVersion: Set ProjectVersion to 1.0.0.0. Version Checksum will be recalculated on next use.
[2021.11.03-03.58.32:961][  0]LogDerivedDataCache: Saved boot cache 0.05s 78MB C:/Users/inato/AppData/Local/UnrealEngine/4.24/DerivedDataCache/Boot.ddc.
[2021.11.03-03.58.32:966][  0]LogInit: Texture streaming: Enabled
[2021.11.03-03.58.33:272][  0]LogEngineSessionManager: EngineSessionManager initialized
[2021.11.03-03.58.33:295][  0]LogEditorSessionSummary: Verbose: Initializing EditorSessionSummaryWriter for editor session tracking
[2021.11.03-03.58.33:297][  0]LogEditorSessionSummary: EditorSessionSummaryWriter initialized
[2021.11.03-03.58.34:019][  0]LogInit: Transaction tracking system initialized
[2021.11.03-03.58.34:378][  0]BlueprintLog: New page: エディタの読み込み
[2021.11.03-03.58.36:059][  0]LocalizationService: ローカライズのサービスが無効になりました
[2021.11.03-03.58.36:908][  0]LogLinker: Warning:  '/Game/ThirdPersonBP/ThirdPersonOverview' のロードに失敗しました: ファイルが見つかりません
[2021.11.03-03.58.36:908][  0]LogLinker: Warning:  '/Game/ThirdPersonBP/ThirdPersonOverview' のロードに失敗しました: ファイルが見つかりません
[2021.11.03-03.58.36:908][  0]LogUObjectGlobals: Warning: オブジェクト 'Class /Game/ThirdPersonBP/ThirdPersonOverview.ThirdPersonOverview_C' が見つかりませんでした
[2021.11.03-03.58.37:995][  0]LogFileCache: Scanning file cache for directory 'D:/UE4/BioProject/BioProject/Content/' took 0.03s
[2021.11.03-03.58.37:995][  0]LogCook: Display: Max memory allowance for cook 16384mb min free memory 0mb
[2021.11.03-03.58.37:995][  0]LogCook: Display: Mobile HDR setting 1
[2021.11.03-03.58.40:429][  0]SourceControl: ソースコントロールは無効です
[2021.11.03-03.58.40:430][  0]Cmd: MAP LOAD FILE="../../../../../../UE4/BioProject/BioProject/Content/Level/MainStage.umap" TEMPLATE=0 SHOWPROGRESS=1 FEATURELEVEL=3
[2021.11.03-03.58.40:432][  0]LightingResults: New page: ライティングのビルド
[2021.11.03-03.58.40:584][  0]LogWorld: UWorld::CleanupWorld for Untitled, bSessionEnded=true, bCleanupResources=true
[2021.11.03-03.58.40:621][  0]LogSlate: InvalidateAllWidgets triggered.  All widgets were invalidated
[2021.11.03-03.58.40:678][  0]MapCheck: New page: マップをチェック
[2021.11.03-03.58.40:678][  0]LightingResults: New page: <何も選択されていません>
[2021.11.03-03.58.41:098][  0]LogUObjectHash: Compacting FUObjectHashTables data took   1.43ms
[2021.11.03-03.58.41:669][  0]LogAIModule: Creating AISystem for world MainStage
[2021.11.03-03.58.41:770][  0]LogEditorServer: Finished looking for orphan Actors (0.000 secs)
[2021.11.03-03.58.41:875][  0]LogUObjectHash: Compacting FUObjectHashTables data took   1.74ms
[2021.11.03-03.58.41:875][  0]Cmd: MAP CHECKDEP NOCLEARLOG
[2021.11.03-03.58.41:876][  0]MapCheck: マップチェックが完了: 0 エラー、 0 警告、完了に 0.53ミリ秒かかりました。
[2021.11.03-03.58.41:876][  0]LogFileHelpers: Loading map 'MainStage' took 1.447
[2021.11.03-03.58.42:890][  0]LogSlate: Updating window title bar state: overlay mode, drag disabled, window buttons hidden, title bar hidden
[2021.11.03-03.58.42:898][  0]LogSlate: Updating window title bar state: overlay mode, drag disabled, window buttons hidden, title bar hidden
[2021.11.03-03.58.42:902][  0]LogSlate: Updating window title bar state: overlay mode, drag disabled, window buttons hidden, title bar hidden
[2021.11.03-03.58.42:907][  0]LogSlate: Updating window title bar state: overlay mode, drag disabled, window buttons hidden, title bar hidden
[2021.11.03-03.58.42:993][  0]LogCollectionManager: Loaded 0 collections in 0.000670 seconds
[2021.11.03-03.58.43:086][  0]LogFileCache: Scanning file cache for directory 'D:/UE4/BioProject/BioProject/Saved/Collections/' took 0.00s
[2021.11.03-03.58.43:086][  0]LogFileCache: Scanning file cache for directory 'D:/UE4/BioProject/BioProject/Content/Developers/inato/Collections/' took 0.00s
[2021.11.03-03.58.43:086][  0]LogFileCache: Scanning file cache for directory 'D:/UE4/BioProject/BioProject/Content/Collections/' took 0.00s
[2021.11.03-03.58.43:086][  0]LogContentBrowser: Native class hierarchy populated in 0.0198 seconds. Added 3046 classes and 729 folders.
[2021.11.03-03.58.43:166][  0]LogContentBrowser: Native class hierarchy updated for 'WidgetCarousel' in 0.0003 seconds. Added 0 classes and 0 folders.
[2021.11.03-03.58.46:934][  0]LogContentBrowser: Native class hierarchy updated for 'AddContentDialog' in 0.0003 seconds. Added 0 classes and 0 folders.
[2021.11.03-03.58.47:000][  0]LogContentBrowser: Native class hierarchy updated for 'SceneOutliner' in 0.0003 seconds. Added 2 classes and 3 folders.
[2021.11.03-03.58.47:941][  0]LogSlate: Took 0.032523 seconds to synchronously load lazily loaded font '../../../Engine/Content/Slate/Fonts/Roboto-Regular.ttf' (155K)
[2021.11.03-03.58.47:986][  0]LogSlate: Took 0.026680 seconds to synchronously load lazily loaded font '../../../Engine/Content/Editor/Slate/Fonts/GenEiGothicPro-Regular.otf' (707K)
[2021.11.03-03.58.48:025][  0]LogSlate: Took 0.026084 seconds to synchronously load lazily loaded font '../../../Engine/Content/Editor/Slate/Fonts/GenEiGothicPro-Bold.otf' (698K)
[2021.11.03-03.58.48:048][  0]LogSlate: Took 0.022807 seconds to synchronously load lazily loaded font '../../../Engine/Content/Slate/Fonts/Roboto-Bold.ttf' (160K)
[2021.11.03-03.58.48:473][  0]LogRenderer: Reallocating scene render targets to support 1192x568 Format 10 NumSamples 1 (Frame:1).
[2021.11.03-03.58.48:936][  0]LogContentBrowser: Native class hierarchy updated for 'HierarchicalLODOutliner' in 0.0003 seconds. Added 0 classes and 0 folders.
[2021.11.03-03.58.48:936][  0]LogLoad: (Engine Initialization) Total time: 204.25 seconds
[2021.11.03-03.58.48:936][  0]LogLoad: (Engine Initialization) Total Blueprint compile time: 0.00 seconds
[2021.11.03-03.58.49:237][  0]LogContentStreaming: Texture pool size now 1000 MB
[2021.11.03-03.58.49:497][  1]LogAssetRegistry: Asset discovery search completed in 78.5560 seconds
[2021.11.03-03.58.49:505][  1]LogCollectionManager: Fixed up redirectors for 0 collections in 0.000023 seconds (updated 0 objects)
[2021.11.03-03.58.57:953][941]LogSlate: Took 0.012562 seconds to synchronously load lazily loaded font '../../../Engine/Content/Editor/Slate/Fonts/FontAwesome.ttf' (139K)
[2021.11.03-03.58.58:120][941]LogSlate: Took 0.014351 seconds to synchronously load lazily loaded font '../../../Engine/Content/Slate/Fonts/Roboto-Light.ttf' (167K)
[2021.11.03-03.59.07:597][ 25]LogSlate: Took 0.000125 seconds to synchronously load lazily loaded font '../../../Engine/Content/Slate/Fonts/Roboto-Light.ttf' (167K)
[2021.11.03-03.59.07:652][ 25]LogSlate: Took 0.053901 seconds to synchronously load lazily loaded font '../../../Engine/Content/Editor/Slate/Fonts/GenEiGothicPro-Light.otf' (713K)
[2021.11.03-03.59.07:672][ 25]LogAssetEditorSubsystem: Opening Asset editor for World /Game/Level/MainStage.MainStage
[2021.11.03-03.59.07:711][ 25]LogUObjectHash: Compacting FUObjectHashTables data took   0.95ms
[2021.11.03-03.59.07:737][ 25]Cmd: MAP LOAD FILE="../../../../../../UE4/BioProject/BioProject/Content/Level/MainStage.umap" TEMPLATE=0 SHOWPROGRESS=1 FEATURELEVEL=3
[2021.11.03-03.59.07:737][ 25]LightingResults: New page: ライティングのビルド
[2021.11.03-03.59.07:738][ 25]LoadErrors: New page: マップをロード中: MainStage.umap
[2021.11.03-03.59.07:763][ 25]LogWorld: UWorld::CleanupWorld for MainStage, bSessionEnded=true, bCleanupResources=true
[2021.11.03-03.59.07:763][ 25]LogSlate: InvalidateAllWidgets triggered.  All widgets were invalidated
[2021.11.03-03.59.07:763][ 25]MapCheck: New page: マップをチェック
[2021.11.03-03.59.07:763][ 25]LightingResults: New page: <何も選択されていません>
[2021.11.03-03.59.07:864][ 25]LogUObjectHash: Compacting FUObjectHashTables data took   1.97ms
[2021.11.03-03.59.07:870][ 25]LogAIModule: Creating AISystem for world MainStage
[2021.11.03-03.59.07:965][ 25]LogEditorServer: Finished looking for orphan Actors (0.000 secs)
[2021.11.03-03.59.07:994][ 25]LogUObjectHash: Compacting FUObjectHashTables data took   1.42ms
[2021.11.03-03.59.08:004][ 25]Cmd: MAP CHECKDEP NOCLEARLOG
[2021.11.03-03.59.08:004][ 25]MapCheck: マップチェックが完了: 0 エラー、 0 警告、完了に 0.055ミリ秒かかりました。
[2021.11.03-03.59.08:004][ 25]LogFileHelpers: Loading map 'MainStage' took 0.291
[2021.11.03-04.00.46:374][151]LogUObjectHash: Compacting FUObjectHashTables data took   0.54ms
[2021.11.03-04.00.46:424][151]LogSlate: Window 'BioProject - Unreal Editor' being destroyed
[2021.11.03-04.00.46:766][152]Cmd: QUIT_EDITOR
[2021.11.03-04.00.46:766][152]LogCore: Engine exit requested (reason: UUnrealEdEngine::CloseEditor())
[2021.11.03-04.00.46:787][152]LogCore: Engine exit requested (reason: EngineExit() was called; note: exit was already requested)
[2021.11.03-04.00.46:840][152]LogAudioMixer: Display: No commands were queued while flushing the source manager.
