Log file open, 11/03/21 20:42:51
LogWindows: Failed to load 'aqProf.dll' (GetLastError=126)
LogWindows: File 'aqProf.dll' does not exist
LogWindows: Failed to load 'VtuneApi.dll' (GetLastError=126)
LogWindows: File 'VtuneApi.dll' does not exist
LogWindows: Failed to load 'VtuneApi32e.dll' (GetLastError=126)
LogWindows: File 'VtuneApi32e.dll' does not exist
LogConsoleResponse: Display: Failed to find resolution value strings in scalability ini. Falling back to default.
LogInit: Display: Running engine for game: BioProject
LogPlatformFile: Not using cached read wrapper
LogTaskGraph: Started task graph with 5 named threads and 47 total threads with 3 sets of task threads.
LogStats: Stats thread started at 0.062736
LogD3D11RHI: Loaded GFSDK_Aftermath_Lib.x64.dll
LogICUInternationalization: ICU TimeZone Detection - Raw Offset: +9:00, Platform Override: ''
LogPluginManager: Mounting plugin Paper2D
LogPluginManager: Mounting plugin AISupport
LogPluginManager: Mounting plugin LightPropagationVolume
LogPluginManager: Mounting plugin ActorLayerUtilities
LogPluginManager: Mounting plugin AnimationSharing
LogPluginManager: Mounting plugin CLionSourceCodeAccess
LogPluginManager: Mounting plugin CodeLiteSourceCodeAccess
LogPluginManager: Mounting plugin GitSourceControl
LogPluginManager: Mounting plugin KDevelopSourceCodeAccess
LogPluginManager: Mounting plugin NullSourceCodeAccess
LogPluginManager: Mounting plugin PerforceSourceControl
LogPluginManager: Mounting plugin PlasticSourceControl
LogPluginManager: Mounting plugin SubversionSourceControl
LogPluginManager: Mounting plugin UObjectPlugin
LogPluginManager: Mounting plugin VisualStudioCodeSourceCodeAccess
LogPluginManager: Mounting plugin VisualStudioSourceCodeAccess
LogPluginManager: Mounting plugin XCodeSourceCodeAccess
LogPluginManager: Mounting plugin AssetManagerEditor
LogPluginManager: Mounting plugin CryptoKeys
LogPluginManager: Mounting plugin CurveEditorTools
LogPluginManager: Mounting plugin DataValidation
LogPluginManager: Mounting plugin EditorScriptingUtilities
LogPluginManager: Mounting plugin FacialAnimation
LogPluginManager: Mounting plugin GameplayTagsEditor
LogPluginManager: Mounting plugin MacGraphicsSwitching
LogPluginManager: Mounting plugin MaterialAnalyzer
LogPluginManager: Mounting plugin MobileLauncherProfileWizard
LogPluginManager: Mounting plugin PluginBrowser
LogPluginManager: Mounting plugin SpeedTreeImporter
LogPluginManager: Mounting plugin DatasmithContent
LogPluginManager: Mounting plugin VariantManagerContent
LogPluginManager: Mounting plugin AlembicImporter
LogPluginManager: Mounting plugin AutomationUtils
LogPluginManager: Mounting plugin BackChannel
LogPluginManager: Mounting plugin CharacterAI
LogPluginManager: Mounting plugin GeometryCache
LogPluginManager: Mounting plugin PlatformCrypto
LogPluginManager: Mounting plugin ProxyLODPlugin
LogPluginManager: Mounting plugin PythonScriptPlugin
LogPluginManager: Mounting plugin SkeletalReduction
LogPluginManager: Mounting plugin MagicLeap
LogPluginManager: Mounting plugin MagicLeapMedia
LogPluginManager: Mounting plugin MLSDK
LogPluginManager: Mounting plugin AndroidMedia
LogPluginManager: Mounting plugin AvfMedia
LogPluginManager: Mounting plugin ImgMedia
LogPluginManager: Mounting plugin MediaCompositing
LogPluginManager: Mounting plugin MediaPlayerEditor
LogPluginManager: Mounting plugin WebMMedia
LogPluginManager: Mounting plugin WmfMedia
LogPluginManager: Mounting plugin MegascansPlugin
LogPluginManager: Mounting plugin TcpMessaging
LogPluginManager: Mounting plugin UdpMessaging
LogPluginManager: Mounting plugin ActorSequence
LogPluginManager: Mounting plugin LevelSequenceEditor
LogPluginManager: Mounting plugin MatineeToLevelSequence
LogPluginManager: Mounting plugin NetcodeUnitTest
LogPluginManager: Mounting plugin NUTUnrealEngine4
LogPluginManager: Mounting plugin OnlineSubsystemGooglePlay
LogPluginManager: Mounting plugin OnlineSubsystemIOS
LogPluginManager: Mounting plugin OnlineSubsystem
LogPluginManager: Mounting plugin OnlineSubsystemNull
LogPluginManager: Mounting plugin OnlineSubsystemUtils
LogPluginManager: Mounting plugin LauncherChunkInstaller
LogPluginManager: Mounting plugin AndroidDeviceProfileSelector
LogPluginManager: Mounting plugin AndroidMoviePlayer
LogPluginManager: Mounting plugin AndroidPermission
LogPluginManager: Mounting plugin AppleImageUtils
LogPluginManager: Mounting plugin AppleMoviePlayer
LogPluginManager: Mounting plugin ArchVisCharacter
LogPluginManager: Mounting plugin AssetTags
LogPluginManager: Mounting plugin AudioCapture
LogPluginManager: Mounting plugin CableComponent
LogPluginManager: Mounting plugin CustomMeshComponent
LogPluginManager: Mounting plugin DatabaseSupport
LogPluginManager: Mounting plugin SQLiteCore
LogPluginManager: Mounting plugin SQLiteSupport
LogPluginManager: Mounting plugin EditableMesh
LogPluginManager: Mounting plugin ExampleDeviceProfileSelector
LogPluginManager: Mounting plugin GoogleCloudMessaging
LogPluginManager: Mounting plugin IOSDeviceProfileSelector
LogPluginManager: Mounting plugin LinuxDeviceProfileSelector
LogPluginManager: Mounting plugin LocationServicesBPLibrary
LogPluginManager: Mounting plugin MobilePatchingUtils
LogPluginManager: Mounting plugin OculusVR
LogPluginManager: Mounting plugin PhysXVehicles
LogPluginManager: Mounting plugin PostSplashScreen
LogPluginManager: Mounting plugin ProceduralMeshComponent
LogPluginManager: Mounting plugin RuntimePhysXCooking
LogPluginManager: Mounting plugin SignificanceManager
LogPluginManager: Mounting plugin SteamVR
LogPluginManager: Mounting plugin WebMMoviePlayer
LogPluginManager: Mounting plugin WindowsMoviePlayer
LogPluginManager: Mounting plugin ScreenshotTools
LogInit: Using libcurl 7.55.1-DEV
LogInit:  - built for x86_64-pc-win32
LogInit:  - supports SSL with OpenSSL/1.1.1
LogInit:  - supports HTTP deflate (compression) using libz 1.2.8
LogInit:  - other features:
LogInit:      CURL_VERSION_SSL
LogInit:      CURL_VERSION_LIBZ
LogInit:      CURL_VERSION_IPV6
LogInit:      CURL_VERSION_ASYNCHDNS
LogInit:      CURL_VERSION_LARGEFILE
LogInit:      CURL_VERSION_IDN
LogInit:  CurlRequestOptions (configurable via config and command line):
LogInit:  - bVerifyPeer = true  - Libcurl will verify peer certificate
LogInit:  - bUseHttpProxy = false  - Libcurl will NOT use HTTP proxy
LogInit:  - bDontReuseConnections = false  - Libcurl will reuse connections
LogInit:  - MaxHostConnections = 16  - Libcurl will limit the number of connections to a host
LogInit:  - LocalHostAddr = Default
LogInit:  - BufferSize = 65536
LogOnline: OSS: Creating online subsystem instance for: NULL
LogInit: WinSock: version 1.1 (2.2), MaxSocks=32767, MaxUdp=65467
LogOnline: OSS: TryLoadSubsystemAndSetDefault: Loaded subsystem for module [NULL]
LogInit: Build: ++UE4+Release-4.24-CL-11590370
LogInit: Engine Version: 4.24.3-11590370+++UE4+Release-4.24
LogInit: Compatible Engine Version: 4.24.0-10570792+++UE4+Release-4.24
LogInit: Net CL: 10570792
LogInit: OS: Windows 10 (Release 2009) (), CPU: Intel(R) Core(TM) i9-9900K CPU @ 3.60GHz, GPU: NVIDIA GeForce RTX 2070
LogInit: Compiled (64-bit): Feb 24 2020 15:39:18
LogInit: Compiled with Visual C++: 19.16.27032.01
LogInit: Build Configuration: Development
LogInit: Branch Name: ++UE4+Release-4.24
LogInit: Command Line: 
LogInit: Base Directory: D:/Program Files/Epic Games/UE_4.24/Engine/Binaries/Win64/
LogInit: Installed Engine Build: 1
LogDevObjectVersion: Number of dev versions registered: 25
LogDevObjectVersion:   Dev-Blueprints (B0D832E4-1F89-4F0D-ACCF-7EB736FD4AA2): 10
LogDevObjectVersion:   Dev-Build (E1C64328-A22C-4D53-A36C-8E866417BD8C): 0
LogDevObjectVersion:   Dev-Core (375EC13C-06E4-48FB-B500-84F0262A717E): 3
LogDevObjectVersion:   Dev-Editor (E4B068ED-F494-42E9-A231-DA0B2E46BB41): 37
LogDevObjectVersion:   Dev-Framework (CFFC743F-43B0-4480-9391-14DF171D2073): 36
LogDevObjectVersion:   Dev-Mobile (B02B49B5-BB20-44E9-A304-32B752E40360): 2
LogDevObjectVersion:   Dev-Networking (A4E4105C-59A1-49B5-A7C5-40C4547EDFEE): 0
LogDevObjectVersion:   Dev-Online (39C831C9-5AE6-47DC-9A44-9C173E1C8E7C): 0
LogDevObjectVersion:   Dev-Physics (78F01B33-EBEA-4F98-B9B4-84EACCB95AA2): 2
LogDevObjectVersion:   Dev-Platform (6631380F-2D4D-43E0-8009-CF276956A95A): 0
LogDevObjectVersion:   Dev-Rendering (12F88B9F-8875-4AFC-A67C-D90C383ABD29): 36
LogDevObjectVersion:   Dev-Sequencer (7B5AE74C-D270-4C10-A958-57980B212A5A): 11
LogDevObjectVersion:   Dev-VR (D7296918-1DD6-4BDD-9DE2-64A83CC13884): 2
LogDevObjectVersion:   Dev-LoadTimes (C2A15278-BFE7-4AFE-6C17-90FF531DF755): 1
LogDevObjectVersion:   Private-Geometry (6EACA3D4-40EC-4CC1-B786-8BED09428FC5): 3
LogDevObjectVersion:   Dev-AnimPhys (29E575DD-E0A3-4627-9D10-D276232CDCEA): 17
LogDevObjectVersion:   Dev-Anim (AF43A65D-7FD3-4947-9873-3E8ED9C1BB05): 2
LogDevObjectVersion:   Dev-ReflectionCapture (6B266CEC-1EC7-4B8F-A30B-E4D90942FC07): 1
LogDevObjectVersion:   Dev-Automation (0DF73D61-A23F-47EA-B727-89E90C41499A): 1
LogDevObjectVersion:   FortniteMain (601D1886-AC64-4F84-AA16-D3DE0DEAC7D6): 31
LogDevObjectVersion:   Dev-Enterprise (9DFFBCD6-494F-0158-E221-12823C92A888): 8
LogDevObjectVersion:   Dev-Niagara (F2AED0AC-9AFE-416F-8664-AA7FFA26D6FC): 1
LogDevObjectVersion:   Dev-Destruction (174F1F0B-B4C6-45A5-B13F-2EE8D0FB917D): 9
LogDevObjectVersion:   Dev-Physics-Ext (35F94A83-E258-406C-A318-09F59610247C): 8
LogDevObjectVersion:   Dev-CineCamera (B2E18506-4273-CFC2-A54E-F4BB758BBA07): 1
LogInit: Presizing for max 25165824 objects, including 0 objects not considered by GC, pre-allocating 0 bytes for permanent pool.
LogInit: Object subsystem initialized
LogConfig: Setting CVar [[con.DebugEarlyDefault:1]]
LogConfig: Setting CVar [[r.setres:1280x720]]
[2021.11.03-11.42.51:909][  0]LogConfig: Setting CVar [[r.VSync:0]]
[2021.11.03-11.42.51:909][  0]LogConfig: Setting CVar [[r.RHICmdBypass:0]]
[2021.11.03-11.42.51:909][  0]LogConfig: Applying CVar settings from Section [/Script/Engine.RendererSettings] File [D:/UE4/BioProject/BioProject/Saved/Config/Windows/Engine.ini]
[2021.11.03-11.42.51:909][  0]LogConfig: Setting CVar [[r.GPUCrashDebugging:0]]
[2021.11.03-11.42.51:909][  0]LogConfig: Applying CVar settings from Section [/Script/Engine.RendererOverrideSettings] File [D:/UE4/BioProject/BioProject/Saved/Config/Windows/Engine.ini]
[2021.11.03-11.42.51:909][  0]LogConfig: Applying CVar settings from Section [/Script/Engine.StreamingSettings] File [D:/UE4/BioProject/BioProject/Saved/Config/Windows/Engine.ini]
[2021.11.03-11.42.51:909][  0]LogConfig: Setting CVar [[s.MinBulkDataSizeForAsyncLoading:131072]]
[2021.11.03-11.42.51:909][  0]LogConfig: Setting CVar [[s.AsyncLoadingThreadEnabled:0]]
[2021.11.03-11.42.51:909][  0]LogConfig: Setting CVar [[s.EventDrivenLoaderEnabled:1]]
[2021.11.03-11.42.51:909][  0]LogConfig: Setting CVar [[s.WarnIfTimeLimitExceeded:0]]
[2021.11.03-11.42.51:909][  0]LogConfig: Setting CVar [[s.TimeLimitExceededMultiplier:1.5]]
[2021.11.03-11.42.51:909][  0]LogConfig: Setting CVar [[s.TimeLimitExceededMinTime:0.005]]
[2021.11.03-11.42.51:909][  0]LogConfig: Setting CVar [[s.UseBackgroundLevelStreaming:1]]
[2021.11.03-11.42.51:909][  0]LogConfig: Setting CVar [[s.PriorityAsyncLoadingExtraTime:15.0]]
[2021.11.03-11.42.51:909][  0]LogConfig: Setting CVar [[s.LevelStreamingActorsUpdateTimeLimit:5.0]]
[2021.11.03-11.42.51:909][  0]LogConfig: Setting CVar [[s.PriorityLevelStreamingActorsUpdateExtraTime:5.0]]
[2021.11.03-11.42.51:909][  0]LogConfig: Setting CVar [[s.LevelStreamingComponentsRegistrationGranularity:10]]
[2021.11.03-11.42.51:909][  0]LogConfig: Setting CVar [[s.UnregisterComponentsTimeLimit:1.0]]
[2021.11.03-11.42.51:909][  0]LogConfig: Setting CVar [[s.LevelStreamingComponentsUnregistrationGranularity:5]]
[2021.11.03-11.42.51:909][  0]LogConfig: Setting CVar [[s.FlushStreamingOnExit:1]]
[2021.11.03-11.42.51:909][  0]LogConfig: Applying CVar settings from Section [/Script/Engine.GarbageCollectionSettings] File [D:/UE4/BioProject/BioProject/Saved/Config/Windows/Engine.ini]
[2021.11.03-11.42.51:909][  0]LogConfig: Setting CVar [[gc.MaxObjectsNotConsideredByGC:1]]
[2021.11.03-11.42.51:909][  0]LogConfig: Setting CVar [[gc.SizeOfPermanentObjectPool:0]]
[2021.11.03-11.42.51:909][  0]LogConfig: Setting CVar [[gc.FlushStreamingOnGC:0]]
[2021.11.03-11.42.51:909][  0]LogConfig: Setting CVar [[gc.NumRetriesBeforeForcingGC:10]]
[2021.11.03-11.42.51:910][  0]LogConfig: Setting CVar [[gc.AllowParallelGC:1]]
[2021.11.03-11.42.51:910][  0]LogConfig: Setting CVar [[gc.TimeBetweenPurgingPendingKillObjects:61.1]]
[2021.11.03-11.42.51:910][  0]LogConfig: Setting CVar [[gc.MaxObjectsInEditor:25165824]]
[2021.11.03-11.42.51:910][  0]LogConfig: Setting CVar [[gc.IncrementalBeginDestroyEnabled:1]]
[2021.11.03-11.42.51:910][  0]LogConfig: Setting CVar [[gc.CreateGCClusters:1]]
[2021.11.03-11.42.51:910][  0]LogConfig: Setting CVar [[gc.MinGCClusterSize:5]]
[2021.11.03-11.42.51:910][  0]LogConfig: Setting CVar [[gc.ActorClusteringEnabled:0]]
[2021.11.03-11.42.51:910][  0]LogConfig: Setting CVar [[gc.BlueprintClusteringEnabled:0]]
[2021.11.03-11.42.51:910][  0]LogConfig: Setting CVar [[gc.UseDisregardForGCOnDedicatedServers:0]]
[2021.11.03-11.42.51:910][  0]LogConfig: Applying CVar settings from Section [/Script/Engine.NetworkSettings] File [D:/UE4/BioProject/BioProject/Saved/Config/Windows/Engine.ini]
[2021.11.03-11.42.51:910][  0]LogConfig: Applying CVar settings from Section [/Script/UnrealEd.CookerSettings] File [D:/UE4/BioProject/BioProject/Saved/Config/Windows/Engine.ini]
[2021.11.03-11.42.51:916][  0]LogConfig: Applying CVar settings from Section [ViewDistanceQuality@3] File [D:/UE4/BioProject/BioProject/Saved/Config/Windows/Scalability.ini]
[2021.11.03-11.42.51:916][  0]LogConfig: Setting CVar [[r.SkeletalMeshLODBias:0]]
[2021.11.03-11.42.51:916][  0]LogConfig: Setting CVar [[r.ViewDistanceScale:1.0]]
[2021.11.03-11.42.51:916][  0]LogConfig: Applying CVar settings from Section [AntiAliasingQuality@3] File [D:/UE4/BioProject/BioProject/Saved/Config/Windows/Scalability.ini]
[2021.11.03-11.42.51:916][  0]LogConfig: Setting CVar [[r.PostProcessAAQuality:4]]
[2021.11.03-11.42.51:916][  0]LogConfig: Applying CVar settings from Section [ShadowQuality@3] File [D:/UE4/BioProject/BioProject/Saved/Config/Windows/Scalability.ini]
[2021.11.03-11.42.51:916][  0]LogConfig: Setting CVar [[r.LightFunctionQuality:1]]
[2021.11.03-11.42.51:916][  0]LogConfig: Setting CVar [[r.ShadowQuality:5]]
[2021.11.03-11.42.51:916][  0]LogConfig: Setting CVar [[r.Shadow.CSM.MaxCascades:10]]
[2021.11.03-11.42.51:916][  0]LogConfig: Setting CVar [[r.Shadow.MaxResolution:2048]]
[2021.11.03-11.42.51:916][  0]LogConfig: Setting CVar [[r.Shadow.MaxCSMResolution:2048]]
[2021.11.03-11.42.51:916][  0]LogConfig: Setting CVar [[r.Shadow.RadiusThreshold:0.01]]
[2021.11.03-11.42.51:916][  0]LogConfig: Setting CVar [[r.Shadow.DistanceScale:1.0]]
[2021.11.03-11.42.51:916][  0]LogConfig: Setting CVar [[r.Shadow.CSM.TransitionScale:1.0]]
[2021.11.03-11.42.51:916][  0]LogConfig: Setting CVar [[r.Shadow.PreShadowResolutionFactor:1.0]]
[2021.11.03-11.42.51:916][  0]LogConfig: Setting CVar [[r.DistanceFieldShadowing:1]]
[2021.11.03-11.42.51:916][  0]LogConfig: Setting CVar [[r.DistanceFieldAO:1]]
[2021.11.03-11.42.51:916][  0]LogConfig: Setting CVar [[r.AOQuality:2]]
[2021.11.03-11.42.51:916][  0]LogConfig: Setting CVar [[r.VolumetricFog:1]]
[2021.11.03-11.42.51:916][  0]LogConfig: Setting CVar [[r.VolumetricFog.GridPixelSize:8]]
[2021.11.03-11.42.51:916][  0]LogConfig: Setting CVar [[r.VolumetricFog.GridSizeZ:128]]
[2021.11.03-11.42.51:916][  0]LogConfig: Setting CVar [[r.VolumetricFog.HistoryMissSupersampleCount:4]]
[2021.11.03-11.42.51:916][  0]LogConfig: Setting CVar [[r.LightMaxDrawDistanceScale:1]]
[2021.11.03-11.42.51:916][  0]LogConfig: Setting CVar [[r.CapsuleShadows:1]]
[2021.11.03-11.42.51:916][  0]LogConfig: Applying CVar settings from Section [PostProcessQuality@3] File [D:/UE4/BioProject/BioProject/Saved/Config/Windows/Scalability.ini]
[2021.11.03-11.42.51:916][  0]LogConfig: Setting CVar [[r.MotionBlurQuality:4]]
[2021.11.03-11.42.51:916][  0]LogConfig: Setting CVar [[r.AmbientOcclusionMipLevelFactor:0.4]]
[2021.11.03-11.42.51:916][  0]LogConfig: Setting CVar [[r.AmbientOcclusionMaxQuality:100]]
[2021.11.03-11.42.51:916][  0]LogConfig: Setting CVar [[r.AmbientOcclusionLevels:-1]]
[2021.11.03-11.42.51:916][  0]LogConfig: Setting CVar [[r.AmbientOcclusionRadiusScale:1.0]]
[2021.11.03-11.42.51:916][  0]LogConfig: Setting CVar [[r.DepthOfFieldQuality:2]]
[2021.11.03-11.42.51:916][  0]LogConfig: Setting CVar [[r.RenderTargetPoolMin:400]]
[2021.11.03-11.42.51:916][  0]LogConfig: Setting CVar [[r.LensFlareQuality:2]]
[2021.11.03-11.42.51:916][  0]LogConfig: Setting CVar [[r.SceneColorFringeQuality:1]]
[2021.11.03-11.42.51:916][  0]LogConfig: Setting CVar [[r.EyeAdaptationQuality:2]]
[2021.11.03-11.42.51:916][  0]LogConfig: Setting CVar [[r.BloomQuality:5]]
[2021.11.03-11.42.51:916][  0]LogConfig: Setting CVar [[r.FastBlurThreshold:100]]
[2021.11.03-11.42.51:916][  0]LogConfig: Setting CVar [[r.Upscale.Quality:3]]
[2021.11.03-11.42.51:916][  0]LogConfig: Setting CVar [[r.Tonemapper.GrainQuantization:1]]
[2021.11.03-11.42.51:917][  0]LogConfig: Setting CVar [[r.LightShaftQuality:1]]
[2021.11.03-11.42.51:917][  0]LogConfig: Setting CVar [[r.Filter.SizeScale:1]]
[2021.11.03-11.42.51:917][  0]LogConfig: Setting CVar [[r.Tonemapper.Quality:5]]
[2021.11.03-11.42.51:917][  0]LogConfig: Setting CVar [[r.DOF.Gather.AccumulatorQuality:1        ; higher gathering accumulator quality]]
[2021.11.03-11.42.51:917][  0]LogConfig: Setting CVar [[r.DOF.Gather.PostfilterMethod:1          ; Median3x3 postfilering method]]
[2021.11.03-11.42.51:917][  0]LogConfig: Setting CVar [[r.DOF.Gather.EnableBokehSettings:0       ; no bokeh simulation when gathering]]
[2021.11.03-11.42.51:917][  0]LogConfig: Setting CVar [[r.DOF.Gather.RingCount:4                 ; medium number of samples when gathering]]
[2021.11.03-11.42.51:917][  0]LogConfig: Setting CVar [[r.DOF.Scatter.ForegroundCompositing:1    ; additive foreground scattering]]
[2021.11.03-11.42.51:917][  0]LogConfig: Setting CVar [[r.DOF.Scatter.BackgroundCompositing:2    ; additive background scattering]]
[2021.11.03-11.42.51:917][  0]LogConfig: Setting CVar [[r.DOF.Scatter.EnableBokehSettings:1      ; bokeh simulation when scattering]]
[2021.11.03-11.42.51:917][  0]LogConfig: Setting CVar [[r.DOF.Scatter.MaxSpriteRatio:0.1         ; only a maximum of 10% of scattered bokeh]]
[2021.11.03-11.42.51:917][  0]LogConfig: Setting CVar [[r.DOF.Recombine.Quality:1                ; cheap slight out of focus]]
[2021.11.03-11.42.51:917][  0]LogConfig: Setting CVar [[r.DOF.Recombine.EnableBokehSettings:0    ; no bokeh simulation on slight out of focus]]
[2021.11.03-11.42.51:917][  0]LogConfig: Setting CVar [[r.DOF.TemporalAAQuality:1                ; more stable temporal accumulation]]
[2021.11.03-11.42.51:917][  0]LogConfig: Setting CVar [[r.DOF.Kernel.MaxForegroundRadius:0.025]]
[2021.11.03-11.42.51:917][  0]LogConfig: Setting CVar [[r.DOF.Kernel.MaxBackgroundRadius:0.025]]
[2021.11.03-11.42.51:917][  0]LogConfig: Applying CVar settings from Section [TextureQuality@3] File [D:/UE4/BioProject/BioProject/Saved/Config/Windows/Scalability.ini]
[2021.11.03-11.42.51:917][  0]LogConfig: Setting CVar [[r.Streaming.MipBias:0]]
[2021.11.03-11.42.51:917][  0]LogConfig: Setting CVar [[r.Streaming.AmortizeCPUToGPUCopy:0]]
[2021.11.03-11.42.51:917][  0]LogConfig: Setting CVar [[r.Streaming.MaxNumTexturesToStreamPerFrame:0]]
[2021.11.03-11.42.51:917][  0]LogConfig: Setting CVar [[r.Streaming.Boost:1]]
[2021.11.03-11.42.51:917][  0]LogConfig: Setting CVar [[r.MaxAnisotropy:8]]
[2021.11.03-11.42.51:917][  0]LogConfig: Setting CVar [[r.VT.MaxAnisotropy:8]]
[2021.11.03-11.42.51:917][  0]LogConfig: Setting CVar [[r.Streaming.LimitPoolSizeToVRAM:0]]
[2021.11.03-11.42.51:917][  0]LogConfig: Setting CVar [[r.Streaming.PoolSize:1000]]
[2021.11.03-11.42.51:917][  0]LogConfig: Setting CVar [[r.Streaming.MaxEffectiveScreenSize:0]]
[2021.11.03-11.42.51:917][  0]LogConfig: Applying CVar settings from Section [EffectsQuality@3] File [D:/UE4/BioProject/BioProject/Saved/Config/Windows/Scalability.ini]
[2021.11.03-11.42.51:917][  0]LogConfig: Setting CVar [[r.TranslucencyLightingVolumeDim:64]]
[2021.11.03-11.42.51:917][  0]LogConfig: Setting CVar [[r.RefractionQuality:2]]
[2021.11.03-11.42.51:917][  0]LogConfig: Setting CVar [[r.SSR.Quality:3]]
[2021.11.03-11.42.51:917][  0]LogConfig: Setting CVar [[r.SSR.HalfResSceneColor:0]]
[2021.11.03-11.42.51:917][  0]LogConfig: Setting CVar [[r.SceneColorFormat:4]]
[2021.11.03-11.42.51:917][  0]LogConfig: Setting CVar [[r.DetailMode:2]]
[2021.11.03-11.42.51:917][  0]LogConfig: Setting CVar [[r.TranslucencyVolumeBlur:1]]
[2021.11.03-11.42.51:917][  0]LogConfig: Setting CVar [[r.MaterialQualityLevel:1 ; High quality]]
[2021.11.03-11.42.51:917][  0]LogConfig: Setting CVar [[r.SSS.Scale:1]]
[2021.11.03-11.42.51:917][  0]LogConfig: Setting CVar [[r.SSS.SampleSet:2]]
[2021.11.03-11.42.51:917][  0]LogConfig: Setting CVar [[r.SSS.Quality:1]]
[2021.11.03-11.42.51:917][  0]LogConfig: Setting CVar [[r.SSS.HalfRes:1]]
[2021.11.03-11.42.51:917][  0]LogConfig: Setting CVar [[r.SSGI.Quality:3]]
[2021.11.03-11.42.51:917][  0]LogConfig: Setting CVar [[r.EmitterSpawnRateScale:1.0]]
[2021.11.03-11.42.51:917][  0]LogConfig: Setting CVar [[r.ParticleLightQuality:2]]
[2021.11.03-11.42.51:917][  0]LogConfig: Setting CVar [[r.SkyAtmosphere.AerialPerspectiveLUT.FastApplyOnOpaque:1 ; Always have FastSkyLUT 1 in this case to avoid wrong sky]]
[2021.11.03-11.42.51:917][  0]LogConfig: Setting CVar [[r.SkyAtmosphere.AerialPerspectiveLUT.SampleCountPerSlice:1]]
[2021.11.03-11.42.51:917][  0]LogConfig: Setting CVar [[r.SkyAtmosphere.AerialPerspectiveLUT.DepthResolution:16.0]]
[2021.11.03-11.42.51:917][  0]LogConfig: Setting CVar [[r.SkyAtmosphere.FastSkyLUT:1]]
[2021.11.03-11.42.51:917][  0]LogConfig: Setting CVar [[r.SkyAtmosphere.FastSkyLUT.SampleCountMin:4.0]]
[2021.11.03-11.42.51:917][  0]LogConfig: Setting CVar [[r.SkyAtmosphere.FastSkyLUT.SampleCountMax:32.0]]
[2021.11.03-11.42.51:917][  0]LogConfig: Setting CVar [[r.SkyAtmosphere.SampleCountMin:4.0]]
[2021.11.03-11.42.51:917][  0]LogConfig: Setting CVar [[r.SkyAtmosphere.SampleCountMax:32.0]]
[2021.11.03-11.42.51:917][  0]LogConfig: Setting CVar [[r.SkyAtmosphere.TransmittanceLUT.UseSmallFormat:0]]
[2021.11.03-11.42.51:917][  0]LogConfig: Setting CVar [[r.SkyAtmosphere.TransmittanceLUT.SampleCount:10.0]]
[2021.11.03-11.42.51:917][  0]LogConfig: Setting CVar [[r.SkyAtmosphere.MultiScatteringLUT.SampleCount:15.0]]
[2021.11.03-11.42.51:917][  0]LogConfig: Applying CVar settings from Section [FoliageQuality@3] File [D:/UE4/BioProject/BioProject/Saved/Config/Windows/Scalability.ini]
[2021.11.03-11.42.51:917][  0]LogConfig: Setting CVar [[foliage.DensityScale:1.0]]
[2021.11.03-11.42.51:917][  0]LogConfig: Setting CVar [[grass.DensityScale:1.0]]
[2021.11.03-11.42.51:917][  0]LogConfig: Applying CVar settings from Section [ShadingQuality@3] File [D:/UE4/BioProject/BioProject/Saved/Config/Windows/Scalability.ini]
[2021.11.03-11.42.51:917][  0]LogConfig: Setting CVar [[r.HairStrands.SkyLighting.SampleCount:16]]
[2021.11.03-11.42.51:917][  0]LogConfig: Setting CVar [[r.HairStrands.SkyLighting.JitterIntegration:0]]
[2021.11.03-11.42.51:917][  0]LogConfig: Setting CVar [[r.HairStrands.SkyAO.SampleCount:16]]
[2021.11.03-11.42.51:917][  0]LogInit: Selected Device Profile: [Windows]
[2021.11.03-11.42.51:917][  0]LogInit: Applying CVar settings loaded from the selected device profile: [Windows]
[2021.11.03-11.42.51:919][  0]LogHAL: Display: Platform has ~ 16 GB [17096589312 / 17179869184 / 16], which maps to Larger [LargestMinGB=32, LargerMinGB=12, DefaultMinGB=8, SmallerMinGB=6, SmallestMinGB=0)
[2021.11.03-11.42.51:919][  0]LogInit: Going up to parent DeviceProfile []
[2021.11.03-11.42.51:919][  0]LogConfig: Applying CVar settings from Section [ViewDistanceQuality@3] File [D:/UE4/BioProject/BioProject/Saved/Config/Windows/Scalability.ini]
[2021.11.03-11.42.51:919][  0]LogConfig: Setting CVar [[r.SkeletalMeshLODBias:0]]
[2021.11.03-11.42.51:919][  0]LogConfig: Setting CVar [[r.ViewDistanceScale:1.0]]
[2021.11.03-11.42.51:919][  0]LogConfig: Applying CVar settings from Section [AntiAliasingQuality@3] File [D:/UE4/BioProject/BioProject/Saved/Config/Windows/Scalability.ini]
[2021.11.03-11.42.51:919][  0]LogConfig: Setting CVar [[r.PostProcessAAQuality:4]]
[2021.11.03-11.42.51:919][  0]LogConfig: Applying CVar settings from Section [ShadowQuality@3] File [D:/UE4/BioProject/BioProject/Saved/Config/Windows/Scalability.ini]
[2021.11.03-11.42.51:919][  0]LogConfig: Setting CVar [[r.LightFunctionQuality:1]]
[2021.11.03-11.42.51:919][  0]LogConfig: Setting CVar [[r.ShadowQuality:5]]
[2021.11.03-11.42.51:919][  0]LogConfig: Setting CVar [[r.Shadow.CSM.MaxCascades:10]]
[2021.11.03-11.42.51:919][  0]LogConfig: Setting CVar [[r.Shadow.MaxResolution:2048]]
[2021.11.03-11.42.51:919][  0]LogConfig: Setting CVar [[r.Shadow.MaxCSMResolution:2048]]
[2021.11.03-11.42.51:919][  0]LogConfig: Setting CVar [[r.Shadow.RadiusThreshold:0.01]]
[2021.11.03-11.42.51:919][  0]LogConfig: Setting CVar [[r.Shadow.DistanceScale:1.0]]
[2021.11.03-11.42.51:919][  0]LogConfig: Setting CVar [[r.Shadow.CSM.TransitionScale:1.0]]
[2021.11.03-11.42.51:919][  0]LogConfig: Setting CVar [[r.Shadow.PreShadowResolutionFactor:1.0]]
[2021.11.03-11.42.51:919][  0]LogConfig: Setting CVar [[r.DistanceFieldShadowing:1]]
[2021.11.03-11.42.51:919][  0]LogConfig: Setting CVar [[r.DistanceFieldAO:1]]
[2021.11.03-11.42.51:919][  0]LogConfig: Setting CVar [[r.AOQuality:2]]
[2021.11.03-11.42.51:919][  0]LogConfig: Setting CVar [[r.VolumetricFog:1]]
[2021.11.03-11.42.51:919][  0]LogConfig: Setting CVar [[r.VolumetricFog.GridPixelSize:8]]
[2021.11.03-11.42.51:919][  0]LogConfig: Setting CVar [[r.VolumetricFog.GridSizeZ:128]]
[2021.11.03-11.42.51:919][  0]LogConfig: Setting CVar [[r.VolumetricFog.HistoryMissSupersampleCount:4]]
[2021.11.03-11.42.51:919][  0]LogConfig: Setting CVar [[r.LightMaxDrawDistanceScale:1]]
[2021.11.03-11.42.51:919][  0]LogConfig: Setting CVar [[r.CapsuleShadows:1]]
[2021.11.03-11.42.51:919][  0]LogConfig: Applying CVar settings from Section [PostProcessQuality@3] File [D:/UE4/BioProject/BioProject/Saved/Config/Windows/Scalability.ini]
[2021.11.03-11.42.51:919][  0]LogConfig: Setting CVar [[r.MotionBlurQuality:4]]
[2021.11.03-11.42.51:919][  0]LogConfig: Setting CVar [[r.AmbientOcclusionMipLevelFactor:0.4]]
[2021.11.03-11.42.51:919][  0]LogConfig: Setting CVar [[r.AmbientOcclusionMaxQuality:100]]
[2021.11.03-11.42.51:919][  0]LogConfig: Setting CVar [[r.AmbientOcclusionLevels:-1]]
[2021.11.03-11.42.51:919][  0]LogConfig: Setting CVar [[r.AmbientOcclusionRadiusScale:1.0]]
[2021.11.03-11.42.51:919][  0]LogConfig: Setting CVar [[r.DepthOfFieldQuality:2]]
[2021.11.03-11.42.51:919][  0]LogConfig: Setting CVar [[r.RenderTargetPoolMin:400]]
[2021.11.03-11.42.51:919][  0]LogConfig: Setting CVar [[r.LensFlareQuality:2]]
[2021.11.03-11.42.51:919][  0]LogConfig: Setting CVar [[r.SceneColorFringeQuality:1]]
[2021.11.03-11.42.51:919][  0]LogConfig: Setting CVar [[r.EyeAdaptationQuality:2]]
[2021.11.03-11.42.51:919][  0]LogConfig: Setting CVar [[r.BloomQuality:5]]
[2021.11.03-11.42.51:919][  0]LogConfig: Setting CVar [[r.FastBlurThreshold:100]]
[2021.11.03-11.42.51:919][  0]LogConfig: Setting CVar [[r.Upscale.Quality:3]]
[2021.11.03-11.42.51:919][  0]LogConfig: Setting CVar [[r.Tonemapper.GrainQuantization:1]]
[2021.11.03-11.42.51:919][  0]LogConfig: Setting CVar [[r.LightShaftQuality:1]]
[2021.11.03-11.42.51:919][  0]LogConfig: Setting CVar [[r.Filter.SizeScale:1]]
[2021.11.03-11.42.51:919][  0]LogConfig: Setting CVar [[r.Tonemapper.Quality:5]]
[2021.11.03-11.42.51:919][  0]LogConfig: Setting CVar [[r.DOF.Gather.AccumulatorQuality:1        ; higher gathering accumulator quality]]
[2021.11.03-11.42.51:919][  0]LogConfig: Setting CVar [[r.DOF.Gather.PostfilterMethod:1          ; Median3x3 postfilering method]]
[2021.11.03-11.42.51:919][  0]LogConfig: Setting CVar [[r.DOF.Gather.EnableBokehSettings:0       ; no bokeh simulation when gathering]]
[2021.11.03-11.42.51:919][  0]LogConfig: Setting CVar [[r.DOF.Gather.RingCount:4                 ; medium number of samples when gathering]]
[2021.11.03-11.42.51:919][  0]LogConfig: Setting CVar [[r.DOF.Scatter.ForegroundCompositing:1    ; additive foreground scattering]]
[2021.11.03-11.42.51:919][  0]LogConfig: Setting CVar [[r.DOF.Scatter.BackgroundCompositing:2    ; additive background scattering]]
[2021.11.03-11.42.51:919][  0]LogConfig: Setting CVar [[r.DOF.Scatter.EnableBokehSettings:1      ; bokeh simulation when scattering]]
[2021.11.03-11.42.51:920][  0]LogConfig: Setting CVar [[r.DOF.Scatter.MaxSpriteRatio:0.1         ; only a maximum of 10% of scattered bokeh]]
[2021.11.03-11.42.51:920][  0]LogConfig: Setting CVar [[r.DOF.Recombine.Quality:1                ; cheap slight out of focus]]
[2021.11.03-11.42.51:920][  0]LogConfig: Setting CVar [[r.DOF.Recombine.EnableBokehSettings:0    ; no bokeh simulation on slight out of focus]]
[2021.11.03-11.42.51:920][  0]LogConfig: Setting CVar [[r.DOF.TemporalAAQuality:1                ; more stable temporal accumulation]]
[2021.11.03-11.42.51:920][  0]LogConfig: Setting CVar [[r.DOF.Kernel.MaxForegroundRadius:0.025]]
[2021.11.03-11.42.51:920][  0]LogConfig: Setting CVar [[r.DOF.Kernel.MaxBackgroundRadius:0.025]]
[2021.11.03-11.42.51:920][  0]LogConfig: Applying CVar settings from Section [TextureQuality@3] File [D:/UE4/BioProject/BioProject/Saved/Config/Windows/Scalability.ini]
[2021.11.03-11.42.51:920][  0]LogConfig: Setting CVar [[r.Streaming.MipBias:0]]
[2021.11.03-11.42.51:920][  0]LogConfig: Setting CVar [[r.Streaming.AmortizeCPUToGPUCopy:0]]
[2021.11.03-11.42.51:920][  0]LogConfig: Setting CVar [[r.Streaming.MaxNumTexturesToStreamPerFrame:0]]
[2021.11.03-11.42.51:920][  0]LogConfig: Setting CVar [[r.Streaming.Boost:1]]
[2021.11.03-11.42.51:920][  0]LogConfig: Setting CVar [[r.MaxAnisotropy:8]]
[2021.11.03-11.42.51:920][  0]LogConfig: Setting CVar [[r.VT.MaxAnisotropy:8]]
[2021.11.03-11.42.51:920][  0]LogConfig: Setting CVar [[r.Streaming.LimitPoolSizeToVRAM:0]]
[2021.11.03-11.42.51:920][  0]LogConfig: Setting CVar [[r.Streaming.PoolSize:1000]]
[2021.11.03-11.42.51:920][  0]LogConfig: Setting CVar [[r.Streaming.MaxEffectiveScreenSize:0]]
[2021.11.03-11.42.51:920][  0]LogConfig: Applying CVar settings from Section [EffectsQuality@3] File [D:/UE4/BioProject/BioProject/Saved/Config/Windows/Scalability.ini]
[2021.11.03-11.42.51:920][  0]LogConfig: Setting CVar [[r.TranslucencyLightingVolumeDim:64]]
[2021.11.03-11.42.51:920][  0]LogConfig: Setting CVar [[r.RefractionQuality:2]]
[2021.11.03-11.42.51:920][  0]LogConfig: Setting CVar [[r.SSR.Quality:3]]
[2021.11.03-11.42.51:920][  0]LogConfig: Setting CVar [[r.SSR.HalfResSceneColor:0]]
[2021.11.03-11.42.51:920][  0]LogConfig: Setting CVar [[r.SceneColorFormat:4]]
[2021.11.03-11.42.51:920][  0]LogConfig: Setting CVar [[r.DetailMode:2]]
[2021.11.03-11.42.51:920][  0]LogConfig: Setting CVar [[r.TranslucencyVolumeBlur:1]]
[2021.11.03-11.42.51:920][  0]LogConfig: Setting CVar [[r.MaterialQualityLevel:1 ; High quality]]
[2021.11.03-11.42.51:920][  0]LogConfig: Setting CVar [[r.SSS.Scale:1]]
[2021.11.03-11.42.51:920][  0]LogConfig: Setting CVar [[r.SSS.SampleSet:2]]
[2021.11.03-11.42.51:920][  0]LogConfig: Setting CVar [[r.SSS.Quality:1]]
[2021.11.03-11.42.51:920][  0]LogConfig: Setting CVar [[r.SSS.HalfRes:1]]
[2021.11.03-11.42.51:920][  0]LogConfig: Setting CVar [[r.SSGI.Quality:3]]
[2021.11.03-11.42.51:920][  0]LogConfig: Setting CVar [[r.EmitterSpawnRateScale:1.0]]
[2021.11.03-11.42.51:920][  0]LogConfig: Setting CVar [[r.ParticleLightQuality:2]]
[2021.11.03-11.42.51:920][  0]LogConfig: Setting CVar [[r.SkyAtmosphere.AerialPerspectiveLUT.FastApplyOnOpaque:1 ; Always have FastSkyLUT 1 in this case to avoid wrong sky]]
[2021.11.03-11.42.51:920][  0]LogConfig: Setting CVar [[r.SkyAtmosphere.AerialPerspectiveLUT.SampleCountPerSlice:1]]
[2021.11.03-11.42.51:920][  0]LogConfig: Setting CVar [[r.SkyAtmosphere.AerialPerspectiveLUT.DepthResolution:16.0]]
[2021.11.03-11.42.51:920][  0]LogConfig: Setting CVar [[r.SkyAtmosphere.FastSkyLUT:1]]
[2021.11.03-11.42.51:920][  0]LogConfig: Setting CVar [[r.SkyAtmosphere.FastSkyLUT.SampleCountMin:4.0]]
[2021.11.03-11.42.51:920][  0]LogConfig: Setting CVar [[r.SkyAtmosphere.FastSkyLUT.SampleCountMax:32.0]]
[2021.11.03-11.42.51:920][  0]LogConfig: Setting CVar [[r.SkyAtmosphere.SampleCountMin:4.0]]
[2021.11.03-11.42.51:920][  0]LogConfig: Setting CVar [[r.SkyAtmosphere.SampleCountMax:32.0]]
[2021.11.03-11.42.51:920][  0]LogConfig: Setting CVar [[r.SkyAtmosphere.TransmittanceLUT.UseSmallFormat:0]]
[2021.11.03-11.42.51:920][  0]LogConfig: Setting CVar [[r.SkyAtmosphere.TransmittanceLUT.SampleCount:10.0]]
[2021.11.03-11.42.51:920][  0]LogConfig: Setting CVar [[r.SkyAtmosphere.MultiScatteringLUT.SampleCount:15.0]]
[2021.11.03-11.42.51:920][  0]LogConfig: Applying CVar settings from Section [FoliageQuality@3] File [D:/UE4/BioProject/BioProject/Saved/Config/Windows/Scalability.ini]
[2021.11.03-11.42.51:920][  0]LogConfig: Setting CVar [[foliage.DensityScale:1.0]]
[2021.11.03-11.42.51:920][  0]LogConfig: Setting CVar [[grass.DensityScale:1.0]]
[2021.11.03-11.42.51:920][  0]LogConfig: Applying CVar settings from Section [ShadingQuality@3] File [D:/UE4/BioProject/BioProject/Saved/Config/Windows/Scalability.ini]
[2021.11.03-11.42.51:920][  0]LogConfig: Setting CVar [[r.HairStrands.SkyLighting.SampleCount:16]]
[2021.11.03-11.42.51:920][  0]LogConfig: Setting CVar [[r.HairStrands.SkyLighting.JitterIntegration:0]]
[2021.11.03-11.42.51:920][  0]LogConfig: Setting CVar [[r.HairStrands.SkyAO.SampleCount:16]]
[2021.11.03-11.42.51:920][  0]LogConfig: Applying CVar settings from Section [Startup] File [../../../Engine/Config/ConsoleVariables.ini]
[2021.11.03-11.42.51:920][  0]LogConfig: Setting CVar [[net.UseAdaptiveNetUpdateFrequency:0]]
[2021.11.03-11.42.51:920][  0]LogConfig: Setting CVar [[p.chaos.AllowCreatePhysxBodies:1]]
[2021.11.03-11.42.51:920][  0]LogConfig: Applying CVar settings from Section [ConsoleVariables] File [D:/UE4/BioProject/BioProject/Saved/Config/Windows/Engine.ini]
[2021.11.03-11.42.51:920][  0]LogInit: Computer: DESKTOP-R4VUFCC
[2021.11.03-11.42.51:920][  0]LogInit: User: inato
[2021.11.03-11.42.51:920][  0]LogInit: CPU Page size=4096, Cores=8
[2021.11.03-11.42.51:920][  0]LogInit: High frequency timer resolution =10.000000 MHz
[2021.11.03-11.42.51:920][  0]LogMemory: Memory total: Physical=15.9GB (16GB approx)
[2021.11.03-11.42.51:920][  0]LogMemory: Platform Memory Stats for Windows
[2021.11.03-11.42.51:920][  0]LogMemory: Process Physical Memory: 109.13 MB used, 109.14 MB peak
[2021.11.03-11.42.51:920][  0]LogMemory: Process Virtual Memory: 100.22 MB used, 100.22 MB peak
[2021.11.03-11.42.51:920][  0]LogMemory: Physical Memory: 7981.04 MB used,  8323.54 MB free, 16304.58 MB total
[2021.11.03-11.42.51:920][  0]LogMemory: Virtual Memory: 5182.79 MB used,  134212544.00 MB free, 134217728.00 MB total
[2021.11.03-11.42.51:923][  0]LogWindows: WindowsPlatformFeatures enabled
[2021.11.03-11.42.51:953][  0]LogInit: Using OS detected language (ja-JP).
[2021.11.03-11.42.51:953][  0]LogInit: Using OS detected locale (ja-JP).
[2021.11.03-11.42.51:954][  0]LogTextLocalizationManager: No specific localization for 'ja-JP' exists, so the 'ja' localization will be used.
[2021.11.03-11.42.52:007][  0]LogInit: Setting process to per monitor DPI aware
[2021.11.03-11.42.52:035][  0]LogSlate: New Slate User Created.  User Index 0, Is Virtual User: 0
[2021.11.03-11.42.52:035][  0]LogSlate: Slate User Registered.  User Index 0, Is Virtual User: 0
[2021.11.03-11.42.52:138][  0]LogHMD: Failed to initialize OpenVR with code 110
[2021.11.03-11.42.52:138][  0]LogD3D11RHI: D3D11 min allowed feature level: 11_0
[2021.11.03-11.42.52:138][  0]LogD3D11RHI: D3D11 max allowed feature level: 11_0
[2021.11.03-11.42.52:138][  0]LogD3D11RHI: D3D11 adapters:
[2021.11.03-11.42.52:248][  0]LogD3D11RHI:    0. 'NVIDIA GeForce RTX 2070' (Feature Level 11_0)
[2021.11.03-11.42.52:248][  0]LogD3D11RHI:       8031/0/8152 MB DedicatedVideo/DedicatedSystem/SharedSystem, Outputs:2, VendorId:0x10de
[2021.11.03-11.42.52:250][  0]LogD3D11RHI:    1. 'Microsoft Basic Render Driver' (Feature Level 11_0)
[2021.11.03-11.42.52:250][  0]LogD3D11RHI:       0/0/8152 MB DedicatedVideo/DedicatedSystem/SharedSystem, Outputs:0, VendorId:0x1414
[2021.11.03-11.42.52:250][  0]LogD3D11RHI: Chosen D3D11 Adapter: 0
[2021.11.03-11.42.52:256][  0]LogD3D11RHI: Creating new Direct3DDevice
[2021.11.03-11.42.52:256][  0]LogD3D11RHI:     GPU DeviceId: 0x1f02 (for the marketing name, search the web for "GPU Device Id")
[2021.11.03-11.42.52:256][  0]LogWindows: EnumDisplayDevices:
[2021.11.03-11.42.52:256][  0]LogWindows:    0. 'NVIDIA GeForce RTX 2070' (P:1 D:1)
[2021.11.03-11.42.52:256][  0]LogWindows:    1. 'NVIDIA GeForce RTX 2070' (P:0 D:0)
[2021.11.03-11.42.52:256][  0]LogWindows:    2. 'NVIDIA GeForce RTX 2070' (P:0 D:1)
[2021.11.03-11.42.52:257][  0]LogWindows:    3. 'NVIDIA GeForce RTX 2070' (P:0 D:0)
[2021.11.03-11.42.52:257][  0]LogWindows: DebugString: FoundDriverCount:4 
[2021.11.03-11.42.52:257][  0]LogD3D11RHI:     Adapter Name: NVIDIA GeForce RTX 2070
[2021.11.03-11.42.52:257][  0]LogD3D11RHI:   Driver Version: 472.12 (internal:30.0.14.7212, unified:472.12)
[2021.11.03-11.42.52:257][  0]LogD3D11RHI:      Driver Date: 9-13-2021
[2021.11.03-11.42.52:257][  0]LogRHI: Texture pool is 5621 MB (70% of 8031 MB)
[2021.11.03-11.42.52:326][  0]LogD3D11RHI: RHI has support for 64 bit atomics
[2021.11.03-11.42.52:326][  0]LogD3D11RHI: Async texture creation enabled
[2021.11.03-11.42.52:344][  0]LogD3D11RHI: GPU Timing Frequency: 1000.000000 (Debug: 2 1)
[2021.11.03-11.42.53:367][  0]LogTargetPlatformManager: Display: Loaded TargetPlatform 'AllDesktop'
[2021.11.03-11.42.53:388][  0]LogTargetPlatformManager: Display: Loaded TargetPlatform 'Android'
[2021.11.03-11.42.53:388][  0]LogTargetPlatformManager: Display: Loaded TargetPlatform 'Android_ASTC'
[2021.11.03-11.42.53:388][  0]LogTargetPlatformManager: Display: Loaded TargetPlatform 'Android_ATC'
[2021.11.03-11.42.53:388][  0]LogTargetPlatformManager: Display: Loaded TargetPlatform 'Android_DXT'
[2021.11.03-11.42.53:388][  0]LogTargetPlatformManager: Display: Loaded TargetPlatform 'Android_ETC1'
[2021.11.03-11.42.53:388][  0]LogTargetPlatformManager: Display: Loaded TargetPlatform 'Android_ETC1a'
[2021.11.03-11.42.53:388][  0]LogTargetPlatformManager: Display: Loaded TargetPlatform 'Android_ETC2'
[2021.11.03-11.42.53:388][  0]LogTargetPlatformManager: Display: Loaded TargetPlatform 'Android_PVRTC'
[2021.11.03-11.42.53:388][  0]LogTargetPlatformManager: Display: Loaded TargetPlatform 'AndroidClient'
[2021.11.03-11.42.53:388][  0]LogTargetPlatformManager: Display: Loaded TargetPlatform 'Android_ASTCClient'
[2021.11.03-11.42.53:388][  0]LogTargetPlatformManager: Display: Loaded TargetPlatform 'Android_ATCClient'
[2021.11.03-11.42.53:388][  0]LogTargetPlatformManager: Display: Loaded TargetPlatform 'Android_DXTClient'
[2021.11.03-11.42.53:388][  0]LogTargetPlatformManager: Display: Loaded TargetPlatform 'Android_ETC1Client'
[2021.11.03-11.42.53:388][  0]LogTargetPlatformManager: Display: Loaded TargetPlatform 'Android_ETC1aClient'
[2021.11.03-11.42.53:388][  0]LogTargetPlatformManager: Display: Loaded TargetPlatform 'Android_ETC2Client'
[2021.11.03-11.42.53:388][  0]LogTargetPlatformManager: Display: Loaded TargetPlatform 'Android_PVRTCClient'
[2021.11.03-11.42.53:388][  0]LogTargetPlatformManager: Display: Loaded TargetPlatform 'Android_Multi'
[2021.11.03-11.42.53:388][  0]LogTargetPlatformManager: Display: Loaded TargetPlatform 'Android_MultiClient'
[2021.11.03-11.42.53:402][  0]LogTargetPlatformManager: Display: Loaded TargetPlatform 'IOSClient'
[2021.11.03-11.42.53:402][  0]LogTargetPlatformManager: Display: Loaded TargetPlatform 'IOS'
[2021.11.03-11.42.53:408][  0]LogTargetPlatformManager: Display: Loaded TargetPlatform 'LinuxNoEditor'
[2021.11.03-11.42.53:413][  0]LogTargetPlatformManager: Display: Loaded TargetPlatform 'LinuxClient'
[2021.11.03-11.42.53:418][  0]LogTargetPlatformManager: Display: Loaded TargetPlatform 'LinuxServer'
[2021.11.03-11.42.53:423][  0]LogTargetPlatformManager: Display: Loaded TargetPlatform 'LinuxAArch64NoEditor'
[2021.11.03-11.42.53:430][  0]LogTargetPlatformManager: Display: Loaded TargetPlatform 'LinuxAArch64Client'
[2021.11.03-11.42.53:435][  0]LogTargetPlatformManager: Display: Loaded TargetPlatform 'LinuxAArch64Server'
[2021.11.03-11.42.53:453][  0]LogTargetPlatformManager: Display: Loaded TargetPlatform 'Lumin'
[2021.11.03-11.42.53:453][  0]LogTargetPlatformManager: Display: Loaded TargetPlatform 'LuminClient'
[2021.11.03-11.42.53:463][  0]LogTargetPlatformManager: Display: Loaded TargetPlatform 'TVOSClient'
[2021.11.03-11.42.53:463][  0]LogTargetPlatformManager: Display: Loaded TargetPlatform 'TVOS'
[2021.11.03-11.42.53:468][  0]LogTargetPlatformManager: Display: Loaded TargetPlatform 'WindowsNoEditor'
[2021.11.03-11.42.53:474][  0]LogTargetPlatformManager: Display: Loaded TargetPlatform 'Windows'
[2021.11.03-11.42.53:479][  0]LogTargetPlatformManager: Display: Loaded TargetPlatform 'WindowsClient'
[2021.11.03-11.42.53:484][  0]LogTargetPlatformManager: Display: Loaded TargetPlatform 'WindowsServer'
[2021.11.03-11.42.53:484][  0]LogTargetPlatformManager: Display: Building Assets For Windows
[2021.11.03-11.42.53:485][  0]LogAudioDebug: Display: Lib vorbis DLL was dynamically loaded.
[2021.11.03-11.42.53:503][  0]LogShaderCompilers: Guid format shader working directory is 3 characters bigger than the processId version (../../../../../../UE4/BioProject/BioProject/Intermediate/Shaders/WorkingDirectory/9096/).
[2021.11.03-11.42.53:503][  0]LogShaderCompilers: Cleaned the shader compiler working directory 'C:/Users/inato/AppData/Local/Temp/UnrealShaderWorkingDir/81A2498746D374BCB1FFA7B8F3096F3A/'.
[2021.11.03-11.42.53:504][  0]LogXGEController: Cannot use XGE Controller as Incredibuild is not installed on this machine.
[2021.11.03-11.42.53:504][  0]LogShaderCompilers: Cannot use XGE Shader Compiler as Incredibuild is not installed on this machine.
[2021.11.03-11.42.53:504][  0]LogShaderCompilers: Display: Using Local Shader Compiler.
[2021.11.03-11.42.54:048][  0]LogDerivedDataCache: Display: Max Cache Size: 512 MB
[2021.11.03-11.42.54:092][  0]LogDerivedDataCache: Loaded boot cache 0.04s 78MB C:/Users/inato/AppData/Local/UnrealEngine/4.24/DerivedDataCache/Boot.ddc.
[2021.11.03-11.42.54:092][  0]LogDerivedDataCache: Display: Loaded Boot cache: C:/Users/inato/AppData/Local/UnrealEngine/4.24/DerivedDataCache/Boot.ddc
[2021.11.03-11.42.54:092][  0]LogDerivedDataCache: FDerivedDataBackendGraph:  Pak pak cache file ../../../../../../UE4/BioProject/BioProject/DerivedDataCache/DDC.ddp not found, will not use a pak cache.
[2021.11.03-11.42.54:092][  0]LogDerivedDataCache: Unable to find inner node Pak for hierarchical cache Hierarchy.
[2021.11.03-11.42.54:092][  0]LogDerivedDataCache: FDerivedDataBackendGraph:  CompressedPak pak cache file ../../../../../../UE4/BioProject/BioProject/DerivedDataCache/Compressed.ddp not found, will not use a pak cache.
[2021.11.03-11.42.54:092][  0]LogDerivedDataCache: Unable to find inner node CompressedPak for hierarchical cache Hierarchy.
[2021.11.03-11.42.54:100][  0]LogDerivedDataCache: Display: Pak cache opened for reading ../../../Engine/DerivedDataCache/Compressed.ddp.
[2021.11.03-11.42.54:100][  0]LogDerivedDataCache: FDerivedDataBackendGraph:  EnterprisePak pak cache file ../../../Enterprise/DerivedDataCache/Compressed.ddp not found, will not use a pak cache.
[2021.11.03-11.42.54:100][  0]LogDerivedDataCache: Unable to find inner node EnterprisePak for hierarchical cache Hierarchy.
[2021.11.03-11.42.54:101][  0]LogDerivedDataCache: Using Local data cache path C:/Users/inato/AppData/Local/UnrealEngine/Common/DerivedDataCache: Writable
[2021.11.03-11.42.54:101][  0]LogDerivedDataCache: Shared data cache path not found in *engine.ini, will not use an Shared cache.
[2021.11.03-11.42.54:101][  0]LogDerivedDataCache: Unable to find inner node Shared for hierarchical cache Hierarchy.
[2021.11.03-11.42.54:120][  0]LogMaterial: Verifying Global Shaders for PCD3D_SM5
[2021.11.03-11.42.54:122][  0]LogSlate: Using FreeType 2.10.0
[2021.11.03-11.42.54:122][  0]LogSlate: SlateFontServices - WITH_FREETYPE: 1, WITH_HARFBUZZ: 1
[2021.11.03-11.42.54:161][  0]LogAssetRegistry: FAssetRegistry took 0.0018 seconds to start up
[2021.11.03-11.42.54:372][  0]LogInit: Selected Device Profile: [Windows]
[2021.11.03-11.42.54:489][  0]LogMeshReduction: Using QuadricMeshReduction for automatic static mesh reduction
[2021.11.03-11.42.54:489][  0]LogMeshReduction: Using SimplygonMeshReduction for automatic skeletal mesh reduction
[2021.11.03-11.42.54:489][  0]LogMeshReduction: Using ProxyLODMeshReduction for automatic mesh merging
[2021.11.03-11.42.54:489][  0]LogMeshReduction: No distributed automatic mesh merging module available
[2021.11.03-11.42.54:489][  0]LogMeshMerging: No distributed automatic mesh merging module available
[2021.11.03-11.42.54:503][  0]LogNetVersion: BioProject 1.0.0, NetCL: 10570792, EngineNetVer: 13, GameNetVer: 0 (Checksum: 1786095195)
[2021.11.03-11.42.55:234][  0]LogPackageLocalizationCache: Processed 12 localized package path(s) for 1 prioritized culture(s) in 0.022739 seconds
[2021.11.03-11.42.55:240][  0]LogUObjectArray: 46750 objects as part of root set at end of initial load.
[2021.11.03-11.42.55:240][  0]LogUObjectAllocator: 8137160 out of 0 bytes used by permanent object pool.
[2021.11.03-11.42.55:240][  0]LogUObjectArray: CloseDisregardForGC: 0/0 objects in disregard for GC pool
[2021.11.03-11.42.55:514][  0]LogPython: Using Python 2.7.14
[2021.11.03-11.42.56:008][  0]LogTcpMessaging: Initializing TcpMessaging bridge
[2021.11.03-11.42.56:010][  0]LogUdpMessaging: Initializing bridge on interface 0.0.0.0:0 to multicast group 230.0.0.1:6666.
[2021.11.03-11.42.56:069][  0]SourceControl: ソースコントロールは無効です
[2021.11.03-11.42.56:069][  0]SourceControl: ソースコントロールは無効です
[2021.11.03-11.42.56:070][  0]SourceControl: ソースコントロールは無効です
[2021.11.03-11.42.56:070][  0]SourceControl: ソースコントロールは無効です
[2021.11.03-11.42.56:071][  0]SourceControl: ソースコントロールは無効です
[2021.11.03-11.42.56:152][  0]LogAndroidPermission: UAndroidPermissionCallbackProxy::GetInstance
[2021.11.03-11.42.56:169][  0]LogAudioCaptureCore: Display: No Audio Capture implementations found. Audio input will be silent.
[2021.11.03-11.42.56:169][  0]LogAudioCaptureCore: Display: No Audio Capture implementations found. Audio input will be silent.
[2021.11.03-11.42.56:248][  0]LogOcInput: OculusInput pre-init called
[2021.11.03-11.42.56:254][  0]LogWindows: Failed to load 'OVRPlugin.dll' (GetLastError=126)
[2021.11.03-11.42.56:254][  0]LogWindows: File 'OVRPlugin.dll' does not exist
[2021.11.03-11.42.57:081][  0]LogEngine: Initializing Engine...
[2021.11.03-11.42.57:082][  0]LogHMD: Failed to initialize OpenVR with code 110
[2021.11.03-11.42.57:082][  0]LogStats: UGameplayTagsManager::InitializeManager -  0.000 s
[2021.11.03-11.42.57:365][  0]LogInit: Initializing FReadOnlyCVARCache
[2021.11.03-11.42.57:373][  0]LogAIModule: Creating AISystem for world Untitled
[2021.11.03-11.42.57:393][  0]LogAudioMixer: Display: Audio Mixer Platform Settings:
[2021.11.03-11.42.57:393][  0]LogAudioMixer: Display: 	Sample Rate:						  48000
[2021.11.03-11.42.57:393][  0]LogAudioMixer: Display: 	Callback Buffer Frame Size Requested: 1024
[2021.11.03-11.42.57:393][  0]LogAudioMixer: Display: 	Callback Buffer Frame Size To Use:	  1024
[2021.11.03-11.42.57:393][  0]LogAudioMixer: Display: 	Number of buffers to queue:			  2
[2021.11.03-11.42.57:393][  0]LogAudioMixer: Display: 	Max Channels (voices):				  32
[2021.11.03-11.42.57:393][  0]LogAudioMixer: Display: 	Number of Async Source Workers:		  0
[2021.11.03-11.42.57:393][  0]LogAudio: Display: AudioDevice MaxSources: 32
[2021.11.03-11.42.57:393][  0]LogAudio: Display: Using built-in audio occlusion.
[2021.11.03-11.42.57:393][  0]LogAudioMixer: Display: Initializing audio mixer.
[2021.11.03-11.42.57:455][  0]LogAudioMixer: Display: Audio Device Output Speaker Info:
[2021.11.03-11.42.57:455][  0]LogAudioMixer: Display: Name: ヘッドホン (AH-BT79 Stereo)
[2021.11.03-11.42.57:455][  0]LogAudioMixer: Display: Is Default: Yes
[2021.11.03-11.42.57:455][  0]LogAudioMixer: Display: Sample Rate: 44100
[2021.11.03-11.42.57:455][  0]LogAudioMixer: Display: Channel Count Used: 2
[2021.11.03-11.42.57:455][  0]LogAudioMixer: Display: Device Channel Count: 2
[2021.11.03-11.42.57:455][  0]LogAudioMixer: Display: Channel Order:
[2021.11.03-11.42.57:455][  0]LogAudioMixer: Display: 0: FrontLeft
[2021.11.03-11.42.57:455][  0]LogAudioMixer: Display: 1: FrontRight
[2021.11.03-11.42.57:471][  0]LogAudioMixer: Display: Using Audio Device ヘッドホン (AH-BT79 Stereo)
[2021.11.03-11.42.57:474][  0]LogInit: FAudioDevice initialized.
[2021.11.03-11.42.57:474][  0]LogNetVersion: Set ProjectVersion to 1.0.0.0. Version Checksum will be recalculated on next use.
[2021.11.03-11.42.57:522][  0]LogDerivedDataCache: Saved boot cache 0.05s 78MB C:/Users/inato/AppData/Local/UnrealEngine/4.24/DerivedDataCache/Boot.ddc.
[2021.11.03-11.42.57:525][  0]LogInit: Texture streaming: Enabled
[2021.11.03-11.42.57:535][  0]LogEngineSessionManager: EngineSessionManager initialized
[2021.11.03-11.42.57:535][  0]LogEditorSessionSummary: Verbose: Initializing EditorSessionSummaryWriter for editor session tracking
[2021.11.03-11.42.57:538][  0]LogEditorSessionSummary: EditorSessionSummaryWriter initialized
[2021.11.03-11.42.57:565][  0]LogInit: Transaction tracking system initialized
[2021.11.03-11.42.57:574][  0]BlueprintLog: New page: エディタの読み込み
[2021.11.03-11.42.57:599][  0]LocalizationService: ローカライズのサービスが無効になりました
[2021.11.03-11.42.57:631][  0]LogLinker: Warning:  '/Game/ThirdPersonBP/ThirdPersonOverview' のロードに失敗しました: ファイルが見つかりません
[2021.11.03-11.42.57:631][  0]LogLinker: Warning:  '/Game/ThirdPersonBP/ThirdPersonOverview' のロードに失敗しました: ファイルが見つかりません
[2021.11.03-11.42.57:631][  0]LogUObjectGlobals: Warning: オブジェクト 'Class /Game/ThirdPersonBP/ThirdPersonOverview.ThirdPersonOverview_C' が見つかりませんでした
[2021.11.03-11.42.57:820][  0]LogCook: Display: Max memory allowance for cook 16384mb min free memory 0mb
[2021.11.03-11.42.57:820][  0]LogCook: Display: Mobile HDR setting 1
[2021.11.03-11.42.57:892][  0]LogFileCache: Scanning file cache for directory 'D:/UE4/BioProject/BioProject/Content/' took 0.01s
[2021.11.03-11.42.58:339][  0]SourceControl: ソースコントロールは無効です
[2021.11.03-11.42.58:339][  0]Cmd: MAP LOAD FILE="../../../../../../UE4/BioProject/BioProject/Content/Level/MainStage.umap" TEMPLATE=0 SHOWPROGRESS=1 FEATURELEVEL=3
[2021.11.03-11.42.58:340][  0]LightingResults: New page: ライティングのビルド
[2021.11.03-11.42.58:341][  0]LogWorld: UWorld::CleanupWorld for Untitled, bSessionEnded=true, bCleanupResources=true
[2021.11.03-11.42.58:341][  0]LogSlate: InvalidateAllWidgets triggered.  All widgets were invalidated
[2021.11.03-11.42.58:341][  0]MapCheck: New page: マップをチェック
[2021.11.03-11.42.58:341][  0]LightingResults: New page: <何も選択されていません>
[2021.11.03-11.42.58:373][  0]LogUObjectHash: Compacting FUObjectHashTables data took   1.48ms
[2021.11.03-11.42.58:435][  0]LogAIModule: Creating AISystem for world MainStage
[2021.11.03-11.42.58:438][  0]LogEditorServer: Finished looking for orphan Actors (0.000 secs)
[2021.11.03-11.42.58:468][  0]LogUObjectHash: Compacting FUObjectHashTables data took   1.72ms
[2021.11.03-11.42.58:468][  0]Cmd: MAP CHECKDEP NOCLEARLOG
[2021.11.03-11.42.58:469][  0]MapCheck: マップチェックが完了: 0 エラー、 0 警告、完了に 0.112ミリ秒かかりました。
[2021.11.03-11.42.58:469][  0]LogFileHelpers: Loading map 'MainStage' took 0.130
[2021.11.03-11.42.58:581][  0]LogWindowsTextInputMethodSystem: Display: IME system now activated using TSF (Microsoft IME).
[2021.11.03-11.42.58:659][  0]LogSlate: Updating window title bar state: overlay mode, drag disabled, window buttons hidden, title bar hidden
[2021.11.03-11.42.58:664][  0]LogSlate: Updating window title bar state: overlay mode, drag disabled, window buttons hidden, title bar hidden
[2021.11.03-11.42.58:668][  0]LogSlate: Updating window title bar state: overlay mode, drag disabled, window buttons hidden, title bar hidden
[2021.11.03-11.42.58:673][  0]LogSlate: Updating window title bar state: overlay mode, drag disabled, window buttons hidden, title bar hidden
[2021.11.03-11.42.58:676][  0]LogCollectionManager: Loaded 0 collections in 0.000636 seconds
[2021.11.03-11.42.58:685][  0]LogFileCache: Scanning file cache for directory 'D:/UE4/BioProject/BioProject/Saved/Collections/' took 0.00s
[2021.11.03-11.42.58:685][  0]LogFileCache: Scanning file cache for directory 'D:/UE4/BioProject/BioProject/Content/Developers/inato/Collections/' took 0.00s
[2021.11.03-11.42.58:685][  0]LogFileCache: Scanning file cache for directory 'D:/UE4/BioProject/BioProject/Content/Collections/' took 0.00s
[2021.11.03-11.42.58:685][  0]LogContentBrowser: Native class hierarchy populated in 0.0065 seconds. Added 3046 classes and 729 folders.
[2021.11.03-11.42.58:686][  0]LogContentBrowser: Native class hierarchy updated for 'WidgetCarousel' in 0.0002 seconds. Added 0 classes and 0 folders.
[2021.11.03-11.42.58:720][  0]LogContentBrowser: Native class hierarchy updated for 'AddContentDialog' in 0.0003 seconds. Added 0 classes and 0 folders.
[2021.11.03-11.42.58:725][  0]LogContentBrowser: Native class hierarchy updated for 'SceneOutliner' in 0.0003 seconds. Added 2 classes and 3 folders.
[2021.11.03-11.42.58:789][  0]LogSlate: Took 0.000255 seconds to synchronously load lazily loaded font '../../../Engine/Content/Slate/Fonts/Roboto-Regular.ttf' (155K)
[2021.11.03-11.42.58:790][  0]LogSlate: Took 0.000204 seconds to synchronously load lazily loaded font '../../../Engine/Content/Editor/Slate/Fonts/GenEiGothicPro-Regular.otf' (707K)
[2021.11.03-11.42.58:791][  0]LogSlate: Took 0.000180 seconds to synchronously load lazily loaded font '../../../Engine/Content/Editor/Slate/Fonts/GenEiGothicPro-Bold.otf' (698K)
[2021.11.03-11.42.58:791][  0]LogSlate: Took 0.000071 seconds to synchronously load lazily loaded font '../../../Engine/Content/Slate/Fonts/Roboto-Bold.ttf' (160K)
[2021.11.03-11.42.58:793][  0]LogSlate: Took 0.000077 seconds to synchronously load lazily loaded font '../../../Engine/Content/Editor/Slate/Fonts/FontAwesome.ttf' (139K)
[2021.11.03-11.42.58:853][  0]LogRenderer: Reallocating scene render targets to support 1192x568 Format 10 NumSamples 1 (Frame:1).
[2021.11.03-11.42.59:013][  0]LogContentBrowser: Native class hierarchy updated for 'HierarchicalLODOutliner' in 0.0003 seconds. Added 0 classes and 0 folders.
[2021.11.03-11.42.59:013][  0]LogLoad: (Engine Initialization) Total time: 8.41 seconds
[2021.11.03-11.42.59:013][  0]LogLoad: (Engine Initialization) Total Blueprint compile time: 0.00 seconds
[2021.11.03-11.42.59:055][  0]LogAssetRegistry: Asset discovery search completed in 4.8941 seconds
[2021.11.03-11.42.59:058][  0]LogCollectionManager: Fixed up redirectors for 0 collections in 0.000006 seconds (updated 0 objects)
[2021.11.03-11.42.59:058][  0]LogContentStreaming: Texture pool size now 1000 MB
[2021.11.03-11.42.59:079][  0]LogSlate: Took 0.000113 seconds to synchronously load lazily loaded font '../../../Engine/Content/Slate/Fonts/Roboto-Light.ttf' (167K)
[2021.11.03-11.43.10:720][ 38]LogUObjectHash: Compacting FUObjectHashTables data took   0.63ms
[2021.11.03-11.43.10:945][ 38]LogSlate: Window 'BioProject - Unreal Editor' being destroyed
[2021.11.03-11.43.11:793][ 39]Cmd: QUIT_EDITOR
[2021.11.03-11.43.11:793][ 39]LogCore: Engine exit requested (reason: UUnrealEdEngine::CloseEditor())
[2021.11.03-11.43.11:865][ 39]LogCore: Engine exit requested (reason: EngineExit() was called; note: exit was already requested)
[2021.11.03-11.43.11:925][ 39]LogAudioMixer: Display: No commands were queued while flushing the source manager.
[2021.11.03-11.43.12:232][ 39]LogWindowsTextInputMethodSystem: Display: IME system now activated using TSF (Microsoft IME).
[2021.11.03-11.43.12:277][ 39]LogExit: Preparing to exit.
[2021.11.03-11.43.13:110][ 39]LogUObjectHash: Compacting FUObjectHashTables data took   2.14ms
[2021.11.03-11.43.13:987][ 39]LogDemo: Cleaned up 0 splitscreen connections with owner deletion
[2021.11.03-11.43.14:149][ 39]LogWorld: UWorld::CleanupWorld for None, bSessionEnded=true, bCleanupResources=true
[2021.11.03-11.43.14:149][ 39]LogExit: Editor shut down
[2021.11.03-11.43.14:149][ 39]LogExit: Transaction tracking system shut down
[2021.11.03-11.43.16:212][ 39]LogExit: Object subsystem successfully closed.
[2021.11.03-11.43.16:376][ 39]LogShaderCompilers: Display: Shaders left to compile 0
[2021.11.03-11.43.17:631][ 39]LogModuleManager: Shutting down and abandoning module HierarchicalLODOutliner (712)
[2021.11.03-11.43.17:631][ 39]LogModuleManager: Shutting down and abandoning module SceneOutliner (710)
[2021.11.03-11.43.17:631][ 39]LogModuleManager: Shutting down and abandoning module AddContentDialog (708)
[2021.11.03-11.43.17:632][ 39]LogModuleManager: Shutting down and abandoning module WidgetCarousel (707)
[2021.11.03-11.43.17:632][ 39]LogModuleManager: Shutting down and abandoning module EditorWidgets (704)
[2021.11.03-11.43.17:632][ 39]LogModuleManager: Shutting down and abandoning module CollectionManager (702)
[2021.11.03-11.43.17:644][ 39]LogModuleManager: Shutting down and abandoning module StatsViewer (700)
[2021.11.03-11.43.17:733][ 39]LogModuleManager: Shutting down and abandoning module VirtualTexturingEditor (698)
[2021.11.03-11.43.17:743][ 39]LogModuleManager: Shutting down and abandoning module FoliageEdit (696)
[2021.11.03-11.43.17:757][ 39]LogModuleManager: Shutting down and abandoning module LandscapeEditor (694)
[2021.11.03-11.43.17:798][ 39]LogModuleManager: Shutting down and abandoning module MeshPaintMode (692)
[2021.11.03-11.43.17:798][ 39]LogModuleManager: Shutting down and abandoning module SceneDepthPickerMode (690)
[2021.11.03-11.43.17:798][ 39]LogModuleManager: Shutting down and abandoning module ActorPickerMode (688)
[2021.11.03-11.43.17:798][ 39]LogModuleManager: Shutting down and abandoning module GeometryMode (686)
[2021.11.03-11.43.17:798][ 39]LogModuleManager: Shutting down and abandoning module TextureAlignMode (684)
[2021.11.03-11.43.17:798][ 39]LogModuleManager: Shutting down and abandoning module BspMode (682)
[2021.11.03-11.43.17:798][ 39]LogModuleManager: Shutting down and abandoning module PIEPreviewDeviceProfileSelector (680)
[2021.11.03-11.43.17:812][ 39]LogModuleManager: Shutting down and abandoning module SequenceRecorderSections (678)
[2021.11.03-11.43.17:822][ 39]LogModuleManager: Shutting down and abandoning module AutomationWorker (676)
[2021.11.03-11.43.17:822][ 39]LogModuleManager: Shutting down and abandoning module SteamVREditor (674)
[2021.11.03-11.43.17:822][ 39]LogModuleManager: Shutting down and abandoning module OculusMR (672)
[2021.11.03-11.43.17:823][ 39]LogModuleManager: Shutting down and abandoning module AudioCaptureEditor (670)
[2021.11.03-11.43.17:835][ 39]LogModuleManager: Shutting down and abandoning module MatineeToLevelSequence (668)
[2021.11.03-11.43.17:849][ 39]LogModuleManager: Shutting down and abandoning module LevelSequenceEditor (666)
[2021.11.03-11.43.17:873][ 39]LogModuleManager: Shutting down and abandoning module PlacementMode (665)
[2021.11.03-11.43.17:873][ 39]LogModuleManager: Shutting down and abandoning module MaterialEditor (664)
[2021.11.03-11.43.17:905][ 39]LogModuleManager: Shutting down and abandoning module ActorSequenceEditor (660)
[2021.11.03-11.43.17:915][ 39]LogModuleManager: Shutting down and abandoning module WmfMediaFactory (658)
[2021.11.03-11.43.17:915][ 39]LogModuleManager: Shutting down and abandoning module WmfMediaEditor (656)
[2021.11.03-11.43.17:915][ 39]LogModuleManager: Shutting down and abandoning module WebMMediaFactory (654)
[2021.11.03-11.43.17:915][ 39]LogModuleManager: Shutting down and abandoning module WebMMediaEditor (652)
[2021.11.03-11.43.17:915][ 39]LogModuleManager: Shutting down and abandoning module WebMMedia (650)
[2021.11.03-11.43.17:954][ 39]LogModuleManager: Shutting down and abandoning module MediaPlayerEditor (648)
[2021.11.03-11.43.17:956][ 39]LogModuleManager: Shutting down and abandoning module MediaCompositingEditor (646)
[2021.11.03-11.43.17:956][ 39]LogModuleManager: Shutting down and abandoning module SequenceRecorder (645)
[2021.11.03-11.43.17:956][ 39]LogModuleManager: Shutting down and abandoning module OpenExrWrapper (642)
[2021.11.03-11.43.17:956][ 39]LogModuleManager: Shutting down and abandoning module ImgMediaFactory (640)
[2021.11.03-11.43.17:956][ 39]LogModuleManager: Shutting down and abandoning module ImgMediaEditor (638)
[2021.11.03-11.43.17:956][ 39]LogModuleManager: Shutting down and abandoning module AvfMediaFactory (636)
[2021.11.03-11.43.17:956][ 39]LogModuleManager: Shutting down and abandoning module AvfMediaEditor (634)
[2021.11.03-11.43.17:956][ 39]LogModuleManager: Shutting down and abandoning module AndroidMediaFactory (632)
[2021.11.03-11.43.17:956][ 39]LogModuleManager: Shutting down and abandoning module AndroidMediaEditor (630)
[2021.11.03-11.43.17:956][ 39]LogModuleManager: Shutting down and abandoning module MagicLeapMediaCodecFactory (628)
[2021.11.03-11.43.17:956][ 39]LogModuleManager: Shutting down and abandoning module MagicLeapMediaFactory (626)
[2021.11.03-11.43.17:956][ 39]LogModuleManager: Shutting down and abandoning module MagicLeapMediaEditor (624)
[2021.11.03-11.43.17:956][ 39]LogModuleManager: Shutting down and abandoning module CharacterAI (622)
[2021.11.03-11.43.17:956][ 39]LogModuleManager: Shutting down and abandoning module SmartSnapping (620)
[2021.11.03-11.43.17:956][ 39]LogModuleManager: Shutting down and abandoning module SessionServices (618)
[2021.11.03-11.43.17:956][ 39]LogModuleManager: Shutting down and abandoning module MeshPaint (616)
[2021.11.03-11.43.17:998][ 39]LogModuleManager: Shutting down and abandoning module ViewportSnapping (614)
[2021.11.03-11.43.17:998][ 39]LogModuleManager: Shutting down and abandoning module ViewportInteraction (612)
[2021.11.03-11.43.17:998][ 39]LogModuleManager: Shutting down and abandoning module ClothPainter (610)
[2021.11.03-11.43.18:021][ 39]LogModuleManager: Shutting down and abandoning module SkeletalMeshEditor (609)
[2021.11.03-11.43.18:050][ 39]LogModuleManager: Shutting down and abandoning module LogVisualizer (606)
[2021.11.03-11.43.18:052][ 39]LogModuleManager: Shutting down and abandoning module IntroTutorials (604)
[2021.11.03-11.43.18:077][ 39]LogModuleManager: Shutting down and abandoning module GameProjectGeneration (603)
[2021.11.03-11.43.18:085][ 39]LogModuleManager: Shutting down and abandoning module LuminPlatformEditor (600)
[2021.11.03-11.43.18:085][ 39]LogModuleManager: Shutting down and abandoning module IOSPlatformEditor (598)
[2021.11.03-11.43.18:096][ 39]LogModuleManager: Shutting down and abandoning module AndroidPlatformEditor (596)
[2021.11.03-11.43.18:101][ 39]LogModuleManager: Shutting down and abandoning module AndroidDeviceDetection (595)
[2021.11.03-11.43.18:641][ 39]LogModuleManager: Shutting down and abandoning module WindowsPlatformEditor (592)
[2021.11.03-11.43.18:641][ 39]LogModuleManager: Shutting down and abandoning module LuminRuntimeSettings (590)
[2021.11.03-11.43.18:641][ 39]LogModuleManager: Shutting down and abandoning module IOSRuntimeSettings (588)
[2021.11.03-11.43.18:641][ 39]LogModuleManager: Shutting down and abandoning module AndroidRuntimeSettings (586)
[2021.11.03-11.43.18:641][ 39]LogModuleManager: Shutting down and abandoning module EditorInteractiveToolsFramework (584)
[2021.11.03-11.43.18:641][ 39]LogModuleManager: Shutting down and abandoning module TimeManagementEditor (582)
[2021.11.03-11.43.18:641][ 39]LogModuleManager: Shutting down and abandoning module InputBindingEditor (580)
[2021.11.03-11.43.18:641][ 39]LogModuleManager: Shutting down and abandoning module MergeActors (578)
[2021.11.03-11.43.18:667][ 39]LogModuleManager: Shutting down and abandoning module LocalizationDashboard (576)
[2021.11.03-11.43.18:677][ 39]LogModuleManager: Shutting down and abandoning module LocalizationService (575)
[2021.11.03-11.43.18:723][ 39]LogModuleManager: Shutting down and abandoning module HardwareTargeting (572)
[2021.11.03-11.43.18:723][ 39]LogModuleManager: Shutting down and abandoning module DeviceProfileEditor (570)
[2021.11.03-11.43.18:723][ 39]LogModuleManager: Shutting down and abandoning module UndoHistory (568)
[2021.11.03-11.43.18:734][ 39]LogModuleManager: Shutting down and abandoning module XmlParser (566)
[2021.11.03-11.43.18:746][ 39]LogModuleManager: Shutting down and abandoning module Blutility (564)
[2021.11.03-11.43.18:746][ 39]LogModuleManager: Shutting down and abandoning module ProjectSettingsViewer (562)
[2021.11.03-11.43.18:746][ 39]LogModuleManager: Shutting down and abandoning module ProjectTargetPlatformEditor (561)
[2021.11.03-11.43.18:746][ 39]LogModuleManager: Shutting down and abandoning module EditorSettingsViewer (558)
[2021.11.03-11.43.18:746][ 39]LogModuleManager: Shutting down and abandoning module SettingsEditor (556)
[2021.11.03-11.43.18:760][ 39]LogModuleManager: Shutting down and abandoning module ProjectLauncher (554)
[2021.11.03-11.43.18:779][ 39]LogModuleManager: Shutting down and abandoning module SessionFrontend (552)
[2021.11.03-11.43.18:792][ 39]LogModuleManager: Shutting down and abandoning module ProfilerClient (550)
[2021.11.03-11.43.18:805][ 39]LogModuleManager: Shutting down and abandoning module DeviceManager (548)
[2021.11.03-11.43.18:815][ 39]LogModuleManager: Shutting down and abandoning module TargetDeviceServices (547)
[2021.11.03-11.43.18:848][ 39]LogModuleManager: Shutting down and abandoning module AutomationController (544)
[2021.11.03-11.43.18:871][ 39]LogModuleManager: Shutting down and abandoning module AutomationWindow (542)
[2021.11.03-11.43.18:880][ 39]LogModuleManager: Shutting down and abandoning module Layers (540)
[2021.11.03-11.43.18:899][ 39]LogModuleManager: Shutting down and abandoning module ComponentVisualizers (538)
[2021.11.03-11.43.18:899][ 39]LogModuleManager: Shutting down and abandoning module DetailCustomizations (536)
[2021.11.03-11.43.18:911][ 39]LogModuleManager: Shutting down and abandoning module PackagesDialog (534)
[2021.11.03-11.43.18:928][ 39]LogModuleManager: Shutting down and abandoning module AnimationBlueprintEditor (532)
[2021.11.03-11.43.18:987][ 39]LogModuleManager: Shutting down and abandoning module Persona (530)
[2021.11.03-11.43.19:010][ 39]LogModuleManager: Shutting down and abandoning module AdvancedPreviewScene (529)
[2021.11.03-11.43.19:010][ 39]LogModuleManager: Shutting down and abandoning module AnimGraph (527)
[2021.11.03-11.43.19:010][ 39]LogModuleManager: Shutting down and abandoning module Kismet (524)
[2021.11.03-11.43.19:024][ 39]LogModuleManager: Shutting down and abandoning module KismetWidgets (523)
[2021.11.03-11.43.19:036][ 39]LogModuleManager: Shutting down and abandoning module GraphEditor (520)
[2021.11.03-11.43.19:170][ 39]LogModuleManager: Shutting down and abandoning module StructViewer (518)
[2021.11.03-11.43.19:170][ 39]LogModuleManager: Shutting down and abandoning module ClassViewer (516)
[2021.11.03-11.43.19:170][ 39]LogModuleManager: Shutting down and abandoning module Toolbox (514)
[2021.11.03-11.43.19:170][ 39]LogModuleManager: Shutting down and abandoning module ModuleUI (512)
[2021.11.03-11.43.19:191][ 39]LogModuleManager: Shutting down and abandoning module OutputLog (510)
[2021.11.03-11.43.19:191][ 39]LogModuleManager: Shutting down and abandoning module GammaUI (508)
[2021.11.03-11.43.19:199][ 39]LogModuleManager: Shutting down and abandoning module Documentation (506)
[2021.11.03-11.43.19:199][ 39]LogModuleManager: Shutting down and abandoning module ToolMenus (504)
[2021.11.03-11.43.19:199][ 39]LogModuleManager: Shutting down and abandoning module LiveCoding (502)
[2021.11.03-11.43.19:212][ 39]LogModuleManager: Shutting down and abandoning module LevelSequence (500)
[2021.11.03-11.43.19:212][ 39]LogModuleManager: Shutting down and abandoning module MovieSceneTracks (498)
[2021.11.03-11.43.19:212][ 39]LogModuleManager: Shutting down and abandoning module MovieScene (496)
[2021.11.03-11.43.19:212][ 39]LogModuleManager: Shutting down and abandoning module StreamingPauseRendering (494)
[2021.11.03-11.43.19:222][ 39]LogModuleManager: Shutting down and abandoning module LauncherPlatform (492)
[2021.11.03-11.43.19:222][ 39]LogModuleManager: Shutting down and abandoning module AnalyticsET (490)
[2021.11.03-11.43.19:222][ 39]LogModuleManager: Shutting down and abandoning module PortalServices (488)
[2021.11.03-11.43.19:222][ 39]LogModuleManager: Shutting down and abandoning module PortalRpc (486)
[2021.11.03-11.43.19:222][ 39]LogModuleManager: Shutting down and abandoning module MessagingRpc (484)
[2021.11.03-11.43.19:222][ 39]LogModuleManager: Shutting down and abandoning module AudioMixerXAudio2 (482)
[2021.11.03-11.43.19:222][ 39]LogModuleManager: Shutting down and abandoning module AIModule (480)
[2021.11.03-11.43.20:208][ 39]LogModuleManager: Shutting down and abandoning module GameplayDebugger (479)
[2021.11.03-11.43.20:266][ 39]LogModuleManager: Shutting down and abandoning module AITestSuite (477)
[2021.11.03-11.43.20:266][ 39]LogModuleManager: Shutting down and abandoning module NavigationSystem (475)
[2021.11.03-11.43.20:266][ 39]LogModuleManager: Shutting down and abandoning module ImageWriteQueue (472)
[2021.11.03-11.43.20:269][ 39]LogModuleManager: Shutting down and abandoning module ProfilerService (470)
[2021.11.03-11.43.20:329][ 39]LogModuleManager: Shutting down and abandoning module TaskGraph (468)
[2021.11.03-11.43.20:379][ 39]LogModuleManager: Shutting down and abandoning module MegascansPlugin (466)
[2021.11.03-11.43.20:394][ 39]LogModuleManager: Shutting down and abandoning module ScreenshotTools (464)
[2021.11.03-11.43.20:394][ 39]LogModuleManager: Shutting down and abandoning module ProceduralMeshComponentEditor (462)
[2021.11.03-11.43.20:394][ 39]LogModuleManager: Shutting down and abandoning module ProceduralMeshComponent (460)
[2021.11.03-11.43.20:394][ 39]LogModuleManager: Shutting down and abandoning module OculusEditor (458)
[2021.11.03-11.43.20:410][ 39]LogModuleManager: Shutting down and abandoning module OculusInput (456)
[2021.11.03-11.43.20:410][ 39]LogModuleManager: Shutting down and abandoning module MobilePatchingUtils (454)
[2021.11.03-11.43.20:410][ 39]LogModuleManager: Shutting down and abandoning module EditableMesh (452)
[2021.11.03-11.43.20:421][ 39]LogModuleManager: Shutting down and abandoning module SQLiteSupport (450)
[2021.11.03-11.43.20:421][ 39]LogModuleManager: Shutting down and abandoning module DatabaseSupport (448)
[2021.11.03-11.43.20:421][ 39]LogModuleManager: Shutting down and abandoning module CustomMeshComponent (446)
[2021.11.03-11.43.20:421][ 39]LogModuleManager: Shutting down and abandoning module CableComponent (444)
[2021.11.03-11.43.20:421][ 39]LogModuleManager: Shutting down and abandoning module AudioCapture (442)
[2021.11.03-11.43.20:421][ 39]LogModuleManager: Shutting down and abandoning module AudioCaptureRtAudio (441)
[2021.11.03-11.43.20:421][ 39]LogModuleManager: Shutting down and abandoning module AssetTags (438)
[2021.11.03-11.43.20:421][ 39]LogModuleManager: Shutting down and abandoning module ArchVisCharacter (436)
[2021.11.03-11.43.20:421][ 39]LogModuleManager: Shutting down and abandoning module AppleImageUtilsBlueprintSupport (434)
[2021.11.03-11.43.20:421][ 39]LogModuleManager: Shutting down and abandoning module AppleImageUtils (432)
[2021.11.03-11.43.20:421][ 39]LogModuleManager: Shutting down and abandoning module AndroidPermission (430)
[2021.11.03-11.43.20:421][ 39]LogModuleManager: Shutting down and abandoning module NUTUnrealEngine4 (428)
[2021.11.03-11.43.20:440][ 39]LogModuleManager: Shutting down and abandoning module NetcodeUnitTest (426)
[2021.11.03-11.43.20:456][ 39]LogModuleManager: Shutting down and abandoning module MediaCompositing (424)
[2021.11.03-11.43.20:456][ 39]LogModuleManager: Shutting down and abandoning module ImgMedia (422)
[2021.11.03-11.43.20:456][ 39]LogModuleManager: Shutting down and abandoning module MagicLeapHelperVulkan (420)
[2021.11.03-11.43.20:457][ 39]LogModuleManager: Shutting down and abandoning module MagicLeapHelperOpenGL (418)
[2021.11.03-11.43.20:457][ 39]LogModuleManager: Shutting down and abandoning module MagicLeapAudio (416)
[2021.11.03-11.43.20:457][ 39]LogModuleManager: Shutting down and abandoning module GeometryCacheTracks (414)
[2021.11.03-11.43.20:457][ 39]LogModuleManager: Shutting down and abandoning module GeometryCacheSequencer (412)
[2021.11.03-11.43.20:457][ 39]LogModuleManager: Shutting down and abandoning module BackChannel (410)
[2021.11.03-11.43.20:471][ 39]LogModuleManager: Shutting down and abandoning module AutomationUtilsEditor (408)
[2021.11.03-11.43.20:471][ 39]LogModuleManager: Shutting down and abandoning module AutomationUtils (406)
[2021.11.03-11.43.20:471][ 39]LogModuleManager: Shutting down and abandoning module AlembicImporter (404)
[2021.11.03-11.43.20:481][ 39]LogModuleManager: Shutting down and abandoning module AlembicLibrary (403)
[2021.11.03-11.43.20:546][ 39]LogModuleManager: Shutting down and abandoning module GeometryCache (402)
[2021.11.03-11.43.20:546][ 39]LogModuleManager: Shutting down and abandoning module GeometryCacheEd (401)
[2021.11.03-11.43.20:546][ 39]LogModuleManager: Shutting down and abandoning module VariantManagerContentEditor (396)
[2021.11.03-11.43.20:557][ 39]LogModuleManager: Shutting down and abandoning module DatasmithContentEditor (394)
[2021.11.03-11.43.20:569][ 39]LogModuleManager: Shutting down and abandoning module SpeedTreeImporter (392)
[2021.11.03-11.43.20:569][ 39]LogModuleManager: Shutting down and abandoning module PluginBrowser (390)
[2021.11.03-11.43.20:593][ 39]LogModuleManager: Shutting down and abandoning module MobileLauncherProfileWizard (388)
[2021.11.03-11.43.20:609][ 39]LogModuleManager: Shutting down and abandoning module MaterialAnalyzer (386)
[2021.11.03-11.43.20:620][ 39]LogModuleManager: Shutting down and abandoning module EditorScriptingUtilities (384)
[2021.11.03-11.43.20:620][ 39]LogModuleManager: Shutting down and abandoning module CurveEditorTools (382)
[2021.11.03-11.43.20:671][ 39]LogModuleManager: Shutting down and abandoning module CryptoKeysOpenSSL (380)
[2021.11.03-11.43.20:671][ 39]LogModuleManager: Shutting down and abandoning module CryptoKeys (378)
[2021.11.03-11.43.20:671][ 39]LogModuleManager: Shutting down and abandoning module VisualStudioSourceCodeAccess (376)
[2021.11.03-11.43.20:679][ 39]LogModuleManager: Shutting down and abandoning module VisualStudioCodeSourceCodeAccess (374)
[2021.11.03-11.43.20:679][ 39]LogModuleManager: Shutting down and abandoning module UObjectPlugin (372)
[2021.11.03-11.43.20:679][ 39]LogModuleManager: Shutting down and abandoning module SubversionSourceControl (370)
[2021.11.03-11.43.20:686][ 39]LogModuleManager: Shutting down and abandoning module PlasticSourceControl (368)
[2021.11.03-11.43.20:705][ 39]LogModuleManager: Shutting down and abandoning module PerforceSourceControl (366)
[2021.11.03-11.43.20:715][ 39]LogModuleManager: Shutting down and abandoning module GitSourceControl (364)
[2021.11.03-11.43.20:725][ 39]LogModuleManager: Shutting down and abandoning module SourceControl (363)
[2021.11.03-11.43.20:725][ 39]LogModuleManager: Shutting down and abandoning module CLionSourceCodeAccess (360)
[2021.11.03-11.43.20:738][ 39]LogModuleManager: Shutting down and abandoning module AnimationSharingEd (358)
[2021.11.03-11.43.20:738][ 39]LogModuleManager: Shutting down and abandoning module ActorLayerUtilitiesEditor (356)
[2021.11.03-11.43.20:738][ 39]LogModuleManager: Shutting down and abandoning module ActorLayerUtilities (354)
[2021.11.03-11.43.20:738][ 39]LogModuleManager: Shutting down and abandoning module LightPropagationVolumeEditor (352)
[2021.11.03-11.43.20:738][ 39]LogModuleManager: Shutting down and abandoning module PaperTiledImporter (350)
[2021.11.03-11.43.20:738][ 39]LogModuleManager: Shutting down and abandoning module PaperSpriteSheetImporter (348)
[2021.11.03-11.43.20:738][ 39]LogModuleManager: Shutting down and abandoning module Paper2DEditor (346)
[2021.11.03-11.43.20:850][ 39]LogModuleManager: Shutting down and abandoning module BioProject (344)
[2021.11.03-11.43.20:850][ 39]LogModuleManager: Shutting down and abandoning module SignificanceManager (342)
[2021.11.03-11.43.20:850][ 39]LogModuleManager: Shutting down and abandoning module RuntimePhysXCooking (340)
[2021.11.03-11.43.20:850][ 39]LogModuleManager: Shutting down and abandoning module PhysXVehiclesEditor (338)
[2021.11.03-11.43.20:850][ 39]LogModuleManager: Shutting down and abandoning module LocationServicesBPLibrary (334)
[2021.11.03-11.43.20:850][ 39]LogModuleManager: Shutting down and abandoning module SQLiteCore (332)
[2021.11.03-11.43.20:859][ 39]LogModuleManager: Shutting down and abandoning module ActorSequence (330)
[2021.11.03-11.43.20:859][ 39]LogModuleManager: Shutting down and abandoning module UdpMessaging (328)
[2021.11.03-11.43.20:960][ 39]LogModuleManager: Shutting down and abandoning module TcpMessaging (326)
[2021.11.03-11.43.21:096][ 39]LogModuleManager: Shutting down and abandoning module MagicLeapPrivileges (324)
[2021.11.03-11.43.21:099][ 39]LogModuleManager: Shutting down and abandoning module MagicLeapPlanes (322)
[2021.11.03-11.43.21:120][ 39]LogMagicLeapPlanes: Planes tracker already destroyed.
[2021.11.03-11.43.21:120][ 39]LogModuleManager: Shutting down and abandoning module MagicLeapIdentity (320)
[2021.11.03-11.43.21:120][ 39]LogModuleManager: Shutting down and abandoning module MagicLeapSecureStorage (318)
[2021.11.03-11.43.21:120][ 39]LogModuleManager: Shutting down and abandoning module MagicLeapImageTracker (316)
[2021.11.03-11.43.21:120][ 39]LogModuleManager: Shutting down and abandoning module MagicLeapHandTracking (314)
[2021.11.03-11.43.21:120][ 39]LogModuleManager: Shutting down and abandoning module MagicLeapHandMeshing (312)
[2021.11.03-11.43.21:131][ 39]LogModuleManager: Shutting down and abandoning module MagicLeapEyeTracker (310)
[2021.11.03-11.43.21:131][ 39]LogModuleManager: Shutting down and abandoning module MagicLeapController (308)
[2021.11.03-11.43.21:148][ 39]LogSlate: Slate User Destroyed.  User Index 0, Is Virtual User: 0
[2021.11.03-11.43.21:148][ 39]LogModuleManager: Shutting down and abandoning module MagicLeapARPin (306)
[2021.11.03-11.43.21:148][ 39]LogModuleManager: Shutting down and abandoning module MagicLeapAR (304)
[2021.11.03-11.43.21:148][ 39]LogModuleManager: Shutting down and abandoning module AugmentedReality (303)
[2021.11.03-11.43.21:149][ 39]LogModuleManager: Shutting down and abandoning module PythonScriptPlugin (300)
[2021.11.03-11.43.21:149][ 39]LogModuleManager: Shutting down and abandoning module GameplayTagsEditor (298)
[2021.11.03-11.43.21:159][ 39]LogModuleManager: Shutting down and abandoning module FacialAnimationEditor (296)
[2021.11.03-11.43.21:159][ 39]LogModuleManager: Shutting down and abandoning module FacialAnimation (294)
[2021.11.03-11.43.21:160][ 39]LogModuleManager: Shutting down and abandoning module DataValidation (292)
[2021.11.03-11.43.21:160][ 39]LogModuleManager: Shutting down and abandoning module AssetManagerEditor (290)
[2021.11.03-11.43.21:183][ 39]LogModuleManager: Shutting down and abandoning module LevelEditor (289)
[2021.11.03-11.43.21:228][ 39]LogModuleManager: Shutting down and abandoning module PixelInspectorModule (288)
[2021.11.03-11.43.21:254][ 39]LogModuleManager: Shutting down and abandoning module CommonMenuExtensions (286)
[2021.11.03-11.43.21:254][ 39]LogModuleManager: Shutting down and abandoning module MainFrame (284)
[2021.11.03-11.43.21:254][ 39]LogModuleManager: Shutting down and abandoning module HotReload (283)
[2021.11.03-11.43.21:310][ 39]LogModuleManager: Shutting down and abandoning module ContentBrowser (279)
[2021.11.03-11.43.21:328][ 39]LogModuleManager: Shutting down and abandoning module TreeMap (277)
[2021.11.03-11.43.21:347][ 39]LogModuleManager: Shutting down and abandoning module AnimationSharing (274)
[2021.11.03-11.43.21:347][ 39]LogModuleManager: Shutting down and abandoning module LightPropagationVolumeRuntime (272)
[2021.11.03-11.43.21:347][ 39]LogModuleManager: Shutting down and abandoning module Paper2D (270)
[2021.11.03-11.43.21:364][ 39]LogModuleManager: Shutting down and abandoning module WindowsMoviePlayer (268)
[2021.11.03-11.43.21:387][ 39]LogModuleManager: Shutting down and abandoning module WebMMoviePlayer (266)
[2021.11.03-11.43.21:397][ 39]LogModuleManager: Shutting down and abandoning module NetworkReplayStreaming (264)
[2021.11.03-11.43.21:397][ 39]LogModuleManager: Shutting down and abandoning module PacketHandler (262)
[2021.11.03-11.43.21:397][ 39]LogModuleManager: Shutting down and abandoning module ClothingSystemEditor (260)
[2021.11.03-11.43.21:398][ 39]LogModuleManager: Shutting down and abandoning module ClothingSystemRuntimeNv (258)
[2021.11.03-11.43.21:409][ 39]LogModuleManager: Shutting down and abandoning module MediaAssets (256)
[2021.11.03-11.43.21:409][ 39]LogModuleManager: Shutting down and abandoning module Overlay (254)
[2021.11.03-11.43.21:409][ 39]LogModuleManager: Shutting down and abandoning module OverlayEditor (253)
[2021.11.03-11.43.21:409][ 39]LogModuleManager: Shutting down and abandoning module VREditor (250)
[2021.11.03-11.43.21:441][ 39]LogModuleManager: Shutting down and abandoning module StringTableEditor (248)
[2021.11.03-11.43.21:456][ 39]LogModuleManager: Shutting down and abandoning module GameplayTasksEditor (246)
[2021.11.03-11.43.21:464][ 39]LogModuleManager: Shutting down and abandoning module BehaviorTreeEditor (244)
[2021.11.03-11.43.21:494][ 39]LogModuleManager: Shutting down and abandoning module FunctionalTesting (242)
[2021.11.03-11.43.21:512][ 39]LogModuleManager: Shutting down and abandoning module CollisionAnalyzer (240)
[2021.11.03-11.43.21:566][ 39]LogModuleManager: Shutting down and abandoning module WorkspaceMenuStructure (239)
[2021.11.03-11.43.21:589][ 39]LogModuleManager: Shutting down and abandoning module UMG (236)
[2021.11.03-11.43.21:596][ 39]LogModuleManager: Shutting down and abandoning module UMGEditor (235)
[2021.11.03-11.43.21:619][ 39]LogModuleManager: Shutting down and abandoning module MessageLog (233)
[2021.11.03-11.43.21:619][ 39]LogModuleManager: Shutting down and abandoning module SlateReflector (228)
[2021.11.03-11.43.21:639][ 39]LogModuleManager: Shutting down and abandoning module Slate (226)
[2021.11.03-11.43.21:639][ 39]LogModuleManager: Shutting down and abandoning module SlateCore (224)
[2021.11.03-11.43.21:639][ 39]LogModuleManager: Shutting down and abandoning module LandscapeEditorUtilities (222)
[2021.11.03-11.43.21:639][ 39]LogModuleManager: Shutting down and abandoning module UnrealEd (220)
[2021.11.03-11.43.21:655][ 39]LogModuleManager: Shutting down and abandoning module MRMesh (218)
[2021.11.03-11.43.21:655][ 39]LogModuleManager: Shutting down and abandoning module SourceCodeAccess (216)
[2021.11.03-11.43.21:655][ 39]LogModuleManager: Shutting down and abandoning module HeadMountedDisplay (214)
[2021.11.03-11.43.21:669][ 39]LogModuleManager: Shutting down and abandoning module XAudio2 (212)
[2021.11.03-11.43.21:681][ 39]LogModuleManager: Shutting down and abandoning module Networking (210)
[2021.11.03-11.43.21:681][ 39]LogModuleManager: Shutting down and abandoning module Core (208)
[2021.11.03-11.43.21:681][ 39]LogModuleManager: Shutting down and abandoning module MovieSceneTools (206)
[2021.11.03-11.43.21:703][ 39]LogModuleManager: Shutting down and abandoning module CurveEditor (205)
[2021.11.03-11.43.21:713][ 39]LogModuleManager: Shutting down and abandoning module Sequencer (203)
[2021.11.03-11.43.21:777][ 39]LogModuleManager: Shutting down and abandoning module EditorStyle (202)
[2021.11.03-11.43.21:778][ 39]LogModuleManager: Shutting down and abandoning module KismetCompiler (198)
[2021.11.03-11.43.21:778][ 39]LogModuleManager: Shutting down and abandoning module MeshUtilities (196)
[2021.11.03-11.43.21:834][ 39]LogModuleManager: Shutting down and abandoning module MeshMergeUtilities (195)
[2021.11.03-11.43.21:853][ 39]LogModuleManager: Shutting down and abandoning module MeshReductionInterface (194)
[2021.11.03-11.43.21:853][ 39]LogModuleManager: Shutting down and abandoning module MeshBoneReduction (193)
[2021.11.03-11.43.21:870][ 39]LogModuleManager: Shutting down and abandoning module SkeletalMeshReduction (191)
[2021.11.03-11.43.21:883][ 39]LogModuleManager: Shutting down and abandoning module ProxyLODMeshReduction (189)
[2021.11.03-11.43.21:901][ 39]LogModuleManager: Shutting down and abandoning module QuadricMeshReduction (187)
[2021.11.03-11.43.21:919][ 39]LogModuleManager: Shutting down and abandoning module MaterialBaking (183)
[2021.11.03-11.43.21:926][ 39]LogModuleManager: Shutting down and abandoning module NullInstallBundleManager (178)
[2021.11.03-11.43.21:926][ 39]LogModuleManager: Shutting down and abandoning module DerivedDataCache (176)
[2021.11.03-11.43.21:926][ 39]LogDerivedDataCache: Shutdown
[2021.11.03-11.43.21:938][ 39]LogModuleManager: Shutting down and abandoning module XGEController (174)
[2021.11.03-11.43.21:938][ 39]LogModuleManager: Shutting down and abandoning module TargetPlatform (172)
[2021.11.03-11.43.21:938][ 39]LogModuleManager: Shutting down and abandoning module VulkanShaderFormat (171)
[2021.11.03-11.43.21:953][ 39]LogModuleManager: Shutting down and abandoning module ShaderFormatVectorVM (169)
[2021.11.03-11.43.21:961][ 39]LogModuleManager: Shutting down and abandoning module ShaderFormatOpenGL (167)
[2021.11.03-11.43.21:974][ 39]LogModuleManager: Shutting down and abandoning module ShaderFormatD3D (165)
[2021.11.03-11.43.21:974][ 39]LogModuleManager: Shutting down and abandoning module MetalShaderFormat (163)
[2021.11.03-11.43.21:996][ 39]LogModuleManager: Shutting down and abandoning module TextureFormatUncompressed (161)
[2021.11.03-11.43.21:996][ 39]LogModuleManager: Shutting down and abandoning module TextureFormatPVR (159)
[2021.11.03-11.43.21:997][ 39]LogModuleManager: Shutting down and abandoning module TextureFormatDXT (157)
[2021.11.03-11.43.22:009][ 39]LogModuleManager: Shutting down and abandoning module TextureFormatIntelISPCTexComp (155)
[2021.11.03-11.43.22:019][ 39]LogModuleManager: Shutting down and abandoning module TextureFormatASTC (153)
[2021.11.03-11.43.22:019][ 39]LogModuleManager: Shutting down and abandoning module ImageWrapper (152)
[2021.11.03-11.43.22:019][ 39]LogModuleManager: Shutting down and abandoning module TextureFormatAndroid (149)
[2021.11.03-11.43.22:019][ 39]LogModuleManager: Shutting down and abandoning module AudioFormatOpus (147)
[2021.11.03-11.43.22:033][ 39]LogModuleManager: Shutting down and abandoning module AudioFormatOgg (145)
[2021.11.03-11.43.22:033][ 39]LogModuleManager: Shutting down and abandoning module AudioFormatADPCM (143)
[2021.11.03-11.43.22:114][ 39]LogModuleManager: Shutting down and abandoning module WindowsServerTargetPlatform (141)
[2021.11.03-11.43.22:114][ 39]LogModuleManager: Shutting down and abandoning module WindowsClientTargetPlatform (139)
[2021.11.03-11.43.22:114][ 39]LogModuleManager: Shutting down and abandoning module WindowsTargetPlatform (137)
[2021.11.03-11.43.22:114][ 39]LogModuleManager: Shutting down and abandoning module WindowsNoEditorTargetPlatform (135)
[2021.11.03-11.43.22:114][ 39]LogModuleManager: Shutting down and abandoning module TVOSTargetPlatform (133)
[2021.11.03-11.43.22:124][ 39]LogModuleManager: Shutting down and abandoning module LuminTargetPlatform (131)
[2021.11.03-11.43.22:142][ 39]LogModuleManager: Shutting down and abandoning module LinuxAArch64ServerTargetPlatform (129)
[2021.11.03-11.43.22:142][ 39]LogModuleManager: Shutting down and abandoning module LinuxAArch64ClientTargetPlatform (127)
[2021.11.03-11.43.22:149][ 39]LogModuleManager: Shutting down and abandoning module LinuxAArch64NoEditorTargetPlatform (125)
[2021.11.03-11.43.22:149][ 39]LogModuleManager: Shutting down and abandoning module LinuxServerTargetPlatform (123)
[2021.11.03-11.43.22:149][ 39]LogModuleManager: Shutting down and abandoning module LinuxClientTargetPlatform (121)
[2021.11.03-11.43.22:156][ 39]LogModuleManager: Shutting down and abandoning module LinuxNoEditorTargetPlatform (119)
[2021.11.03-11.43.22:167][ 39]LogModuleManager: Shutting down and abandoning module Messaging (117)
[2021.11.03-11.43.22:167][ 39]LogModuleManager: Shutting down and abandoning module IOSTargetPlatform (115)
[2021.11.03-11.43.22:168][ 39]LogModuleManager: Shutting down and abandoning module AndroidTargetPlatform (113)
[2021.11.03-11.43.22:172][ 39]LogModuleManager: Shutting down and abandoning module AllDesktopTargetPlatform (111)
[2021.11.03-11.43.22:172][ 39]LogModuleManager: Shutting down and abandoning module InputCore (108)
[2021.11.03-11.43.22:172][ 39]LogModuleManager: Shutting down and abandoning module Settings (106)
[2021.11.03-11.43.22:172][ 39]LogModuleManager: Shutting down and abandoning module DirectoryWatcher (104)
[2021.11.03-11.43.22:172][ 39]LogModuleManager: Shutting down and abandoning module PhysXCooking (102)
[2021.11.03-11.43.22:172][ 39]LogModuleManager: Shutting down and abandoning module ChaosSolvers (100)
[2021.11.03-11.43.22:197][ 39]LogModuleManager: Shutting down and abandoning module FieldSystemEngine (99)
[2021.11.03-11.43.22:197][ 39]LogModuleManager: Shutting down and abandoning module Chaos (96)
[2021.11.03-11.43.22:197][ 39]LogModuleManager: Shutting down and abandoning module WindowsPlatformFeatures (94)
[2021.11.03-11.43.22:197][ 39]LogModuleManager: Shutting down and abandoning module GameplayMediaEncoder (93)
[2021.11.03-11.43.22:210][ 39]LogModuleManager: Shutting down and abandoning module SteamVRInputDevice (90)
[2021.11.03-11.43.22:210][ 39]LogModuleManager: Shutting down and abandoning module SteamVRInput (88)
[2021.11.03-11.43.22:210][ 39]LogModuleManager: Shutting down and abandoning module SteamVR (86)
[2021.11.03-11.43.22:220][ 39]LogHMD: Freeing OpenVRDLLHandle.
[2021.11.03-11.43.22:220][ 39]LogModuleManager: Shutting down and abandoning module OculusHMD (84)
[2021.11.03-11.43.22:231][ 39]LogModuleManager: Shutting down and abandoning module ExampleDeviceProfileSelector (82)
[2021.11.03-11.43.22:231][ 39]LogModuleManager: Shutting down and abandoning module LauncherChunkInstaller (80)
[2021.11.03-11.43.22:231][ 39]LogModuleManager: Shutting down and abandoning module OnlineBlueprintSupport (78)
[2021.11.03-11.43.22:231][ 39]LogModuleManager: Shutting down and abandoning module OnlineSubsystem (74)
[2021.11.03-11.43.22:247][ 39]LogModuleManager: Shutting down and abandoning module XMPP (69)
[2021.11.03-11.43.22:269][ 39]LogModuleManager: Shutting down and abandoning module WebSockets (68)
[2021.11.03-11.43.22:366][ 39]LogModuleManager: Shutting down and abandoning module HTTP (65)
[2021.11.03-11.43.22:366][ 39]LogHttp: Display: Http module shutting down, but needs to wait on 1 outstanding Http requests:
[2021.11.03-11.43.22:366][ 39]LogHttp: Display: 	verb=[POST] url=[https://datarouter.ol.epicgames.com/datarouter/api/v1/public/data?SessionID=%7B9D54CAD5-44AC-AB19-B58A-C89EFE47A22A%7D&AppID=UEEditor.Rocket.Release&AppVersion=4.24.3-11590370%2B%2B%2BUE4%2BRelease-4.24&UserID=6ebf6858436af4e22ac418983100b30f%7Cd6b866933d204d8082d22179fc274a07%7Cfb8463d7-effd-4e6f-812d-2c16791f7a16&AppEnvironment=datacollector-binary&UploadType=eteventstream] refs=[1] status=Processing
[2021.11.03-11.43.22:410][ 39]LogModuleManager: Shutting down and abandoning module SSL (64)
[2021.11.03-11.43.22:411][ 39]LogModuleManager: Shutting down and abandoning module WmfMedia (60)
[2021.11.03-11.43.22:532][ 39]LogModuleManager: Shutting down and abandoning module Media (59)
[2021.11.03-11.43.22:532][ 39]LogModuleManager: Shutting down and abandoning module MagicLeap (56)
[2021.11.03-11.43.22:532][ 39]LogModuleManager: Shutting down and abandoning module VariantManagerContent (54)
[2021.11.03-11.43.22:532][ 39]LogModuleManager: Shutting down and abandoning module DatasmithContent (52)
[2021.11.03-11.43.22:533][ 39]LogModuleManager: Shutting down and abandoning module AISupportModule (50)
[2021.11.03-11.43.22:533][ 39]LogModuleManager: Shutting down and abandoning module DesktopPlatform (48)
[2021.11.03-11.43.22:533][ 39]LogModuleManager: Shutting down and abandoning module PythonScriptPluginPreload (46)
[2021.11.03-11.43.22:533][ 39]LogModuleManager: Shutting down and abandoning module PlatformCryptoOpenSSL (44)
[2021.11.03-11.43.22:549][ 39]LogModuleManager: Shutting down and abandoning module PlatformCryptoTypes (42)
[2021.11.03-11.43.22:549][ 39]LogModuleManager: Shutting down and abandoning module PlatformCrypto (40)
[2021.11.03-11.43.22:549][ 39]LogModuleManager: Shutting down and abandoning module AnimationModifiers (38)
[2021.11.03-11.43.22:633][ 39]LogModuleManager: Shutting down and abandoning module PropertyEditor (37)
[2021.11.03-11.43.22:678][ 39]LogModuleManager: Shutting down and abandoning module AudioEditor (34)
[2021.11.03-11.43.22:711][ 39]LogModuleManager: Shutting down and abandoning module TextureCompressor (32)
[2021.11.03-11.43.22:726][ 39]LogModuleManager: Shutting down and abandoning module RenderCore (30)
[2021.11.03-11.43.22:726][ 39]LogModuleManager: Shutting down and abandoning module Landscape (28)
[2021.11.03-11.43.22:726][ 39]LogModuleManager: Shutting down and abandoning module SlateRHIRenderer (26)
[2021.11.03-11.43.22:763][ 39]LogModuleManager: Shutting down and abandoning module OpenGLDrv (24)
[2021.11.03-11.43.22:773][ 39]LogModuleManager: Shutting down and abandoning module D3D11RHI (22)
[2021.11.03-11.43.22:773][ 39]LogModuleManager: Shutting down and abandoning module AnimGraphRuntime (20)
[2021.11.03-11.43.22:791][ 39]LogModuleManager: Shutting down and abandoning module Renderer (18)
[2021.11.03-11.43.22:799][ 39]LogModuleManager: Shutting down and abandoning module Engine (16)
[2021.11.03-11.43.22:799][ 39]LogModuleManager: Shutting down and abandoning module CoreUObject (14)
[2021.11.03-11.43.22:799][ 39]LogModuleManager: Shutting down and abandoning module NetworkFile (12)
[2021.11.03-11.43.22:811][ 39]LogModuleManager: Shutting down and abandoning module CookedIterativeFile (10)
[2021.11.03-11.43.22:811][ 39]LogModuleManager: Shutting down and abandoning module StreamingFile (8)
[2021.11.03-11.43.22:831][ 39]LogModuleManager: Shutting down and abandoning module SandboxFile (6)
[2021.11.03-11.43.22:939][ 39]LogModuleManager: Shutting down and abandoning module PakFile (4)
[2021.11.03-11.43.22:939][ 39]LogModuleManager: Shutting down and abandoning module RSA (3)
[2021.11.03-11.43.22:949][ 39]LogD3D11RHI: Shutdown
[2021.11.03-11.43.22:949][ 39]LogD3D11RHI: CleanupD3DDevice
[2021.11.03-11.43.23:056][ 39]LogExit: Exiting.
[2021.11.03-11.43.23:072][ 39]Log file closed, 11/03/21 20:43:23
